Using pre-set license
Built from '2020.3/staging' branch; Version is '2020.3.23f1 (c5d91304a876) revision 12966163'; Using compiler version '192528614'; Build Type 'Release'
OS: 'Windows 10 Home Single Language; OS build 19042.1526; Version 2009; 64bit' Language: 'ru' Physical Memory: 4009 MB
BatchMode: 1, IsHumanControllingUs: 0, StartBugReporterOnCrash: 0, Is64bit: 1, IsPro: 0

COMMAND LINE ARGUMENTS:
C:\Program Files\Unity\Hub\Editor\2020.3.23f1\Editor\Unity.exe
-adb2
-batchMode
-noUpm
-name
AssetImportWorker1
-projectPath
C:/Users/alecs/My TowerDefence/EconomicTower
-logFile
Logs/AssetImportWorker1.log
-srvPort
64150
Successfully changed project path to: C:/Users/alecs/My TowerDefence/EconomicTower
C:/Users/alecs/My TowerDefence/EconomicTower
Using Asset Import Pipeline V2.
Refreshing native plugins compatible for Editor in 178.37 ms, found 2 plugins.
Preloading 0 native plugins for Editor in 0.00 ms.
Initialize engine version: 2020.3.23f1 (c5d91304a876)
[Subsystems] Discovering subsystems at path C:/Program Files/Unity/Hub/Editor/2020.3.23f1/Editor/Data/Resources/UnitySubsystems
[Subsystems] Discovering subsystems at path C:/Users/alecs/My TowerDefence/EconomicTower/Assets
GfxDevice: creating device client; threaded=0
Direct3D:
    Version:  Direct3D 11.0 [level 11.1]
    Renderer: Intel(R) HD Graphics (ID=0x22b1)
    Vendor:   
    VRAM:     2004 MB
    Driver:   20.19.15.4835
Initialize mono
Mono path[0] = 'C:/Program Files/Unity/Hub/Editor/2020.3.23f1/Editor/Data/Managed'
Mono path[1] = 'C:/Program Files/Unity/Hub/Editor/2020.3.23f1/Editor/Data/MonoBleedingEdge/lib/mono/unityjit'
Mono config path = 'C:/Program Files/Unity/Hub/Editor/2020.3.23f1/Editor/Data/MonoBleedingEdge/etc'
Using monoOptions --debugger-agent=transport=dt_socket,embedding=1,server=y,suspend=n,address=127.0.0.1:56364
Begin MonoManager ReloadAssembly
Registering precompiled unity dll's ...
Register platform support module: C:/Program Files/Unity/Hub/Editor/2020.3.23f1/Editor/Data/PlaybackEngines/WebGLSupport/UnityEditor.WebGL.Extensions.dll
Register platform support module: C:/Program Files/Unity/Hub/Editor/2020.3.23f1/Editor/Data/PlaybackEngines/WindowsStandaloneSupport/UnityEditor.WindowsStandalone.Extensions.dll
Registered in 0.011414 seconds.
Native extension for WindowsStandalone target not found
Native extension for WebGL target not found
Refreshing native plugins compatible for Editor in 154.78 ms, found 2 plugins.
Preloading 0 native plugins for Editor in 0.00 ms.
Mono: successfully reloaded assembly
- Completed reload, in  2.523 seconds
Domain Reload Profiling:
	ReloadAssembly (2524ms)
		BeginReloadAssembly (239ms)
			ExecutionOrderSort (0ms)
			DisableScriptedObjects (0ms)
			BackupInstance (0ms)
			ReleaseScriptingObjects (0ms)
			CreateAndSetChildDomain (3ms)
		EndReloadAssembly (1957ms)
			LoadAssemblies (232ms)
			RebuildTransferFunctionScriptingTraits (0ms)
			SetupTypeCache (688ms)
			ReleaseScriptCaches (0ms)
			RebuildScriptCaches (137ms)
			SetupLoadedEditorAssemblies (695ms)
				LogAssemblyErrors (0ms)
				InitializePlatformSupportModulesInManaged (19ms)
				SetLoadedEditorAssemblies (1ms)
				RefreshPlugins (155ms)
				BeforeProcessingInitializeOnLoad (65ms)
				ProcessInitializeOnLoadAttributes (341ms)
				ProcessInitializeOnLoadMethodAttributes (113ms)
				AfterProcessingInitializeOnLoad (0ms)
				EditorAssembliesLoaded (1ms)
			ExecutionOrderSort2 (0ms)
			AwakeInstancesAfterBackupRestoration (0ms)
Platform modules already initialized, skipping
Registering precompiled user dll's ...
Registered in 0.023491 seconds.
Begin MonoManager ReloadAssembly
Native extension for WindowsStandalone target not found
Native extension for WebGL target not found
Refreshing native plugins compatible for Editor in 1.55 ms, found 2 plugins.
Preloading 0 native plugins for Editor in 0.00 ms.
Mono: successfully reloaded assembly
- Completed reload, in  6.064 seconds
Domain Reload Profiling:
	ReloadAssembly (6067ms)
		BeginReloadAssembly (624ms)
			ExecutionOrderSort (0ms)
			DisableScriptedObjects (18ms)
			BackupInstance (0ms)
			ReleaseScriptingObjects (0ms)
			CreateAndSetChildDomain (62ms)
		EndReloadAssembly (5166ms)
			LoadAssemblies (1707ms)
			RebuildTransferFunctionScriptingTraits (0ms)
			SetupTypeCache (1334ms)
			ReleaseScriptCaches (1ms)
			RebuildScriptCaches (222ms)
			SetupLoadedEditorAssemblies (1408ms)
				LogAssemblyErrors (0ms)
				InitializePlatformSupportModulesInManaged (21ms)
				SetLoadedEditorAssemblies (2ms)
				RefreshPlugins (2ms)
				BeforeProcessingInitializeOnLoad (321ms)
				ProcessInitializeOnLoadAttributes (874ms)
				ProcessInitializeOnLoadMethodAttributes (150ms)
				AfterProcessingInitializeOnLoad (37ms)
				EditorAssembliesLoaded (1ms)
			ExecutionOrderSort2 (0ms)
			AwakeInstancesAfterBackupRestoration (28ms)
Platform modules already initialized, skipping
========================================================================
Worker process is ready to serve import requests
Launched and connected shader compiler UnityShaderCompiler.exe after 1.68 seconds
Refreshing native plugins compatible for Editor in 4.21 ms, found 2 plugins.
Preloading 0 native plugins for Editor in 0.00 ms.
Unloading 1527 Unused Serialized files (Serialized files now loaded: 0)
System memory in use before: 85.0 MB.
System memory in use after: 85.0 MB.

Unloading 19 unused Assets to reduce memory usage. Loaded Objects now: 1981.
Total: 11.286400 ms (FindLiveObjects: 0.634000 ms CreateObjectMapping: 0.231900 ms MarkObjects: 10.140200 ms  DeleteObjects: 0.275200 ms)

AssetImportParameters requested are different than current active one (requested -> active):
  custom:framework-win-MediaFoundation: 216162199b28c13a410421893ffa2e32 -> 
  custom:video-decoder-ogg-theora: a1e56fd34408186e4bbccfd4996cb3dc -> 
  custom:container-muxer-webm: aa71ff27fc2769a1b78a27578f13a17b -> 
  custom:container-demuxer-webm: 4f35f7cbe854078d1ac9338744f61a02 -> 
  custom:container-demuxer-ogg: 62fdf1f143b41e24485cea50d1cbac27 -> 
  custom:video-encoder-webm-vp8: eb34c28f22e8b96e1ab97ce403110664 -> 
  custom:video-codec-MediaFoundation-h265: 746d11721c4dcdbdad8f713fa42b33f4 -> 
  custom:video-decoder-webm-vp8: 9c59270c3fd7afecdb556c50c9e8de78 -> 
  custom:audio-decoder-ogg-vorbis: bf7c407c2cedff20999df2af8eb42d56 -> 
  custom:audio-encoder-webm-vorbis: bf7c407c2cedff20999df2af8eb42d56 -> 
========================================================================
Received Import Request.
  path: Assets/FourEvilDragonsHP
  artifactKey: Guid(51492c22a60a24a4f981e80eeb3022ce) Importer(815301076,1909f56bfc062723c751e8b465ee728b)
Start importing Assets/FourEvilDragonsHP using Guid(51492c22a60a24a4f981e80eeb3022ce) Importer(815301076,1909f56bfc062723c751e8b465ee728b)  -> (artifact id: 'c9b6c9b3bc231bb6a66d5a95530c6666') in 0.230212 seconds 
  Import took 0.351325 seconds .

========================================================================
Received Import Request.
  Time since last request: 0.000893 seconds.
  path: Assets/FourEvilDragonsHP/Scene/MainScene.unity
  artifactKey: Guid(9977fdcc82a19de47b35835c45b8deb1) Importer(815301076,1909f56bfc062723c751e8b465ee728b)
Start importing Assets/FourEvilDragonsHP/Scene/MainScene.unity using Guid(9977fdcc82a19de47b35835c45b8deb1) Importer(815301076,1909f56bfc062723c751e8b465ee728b)  -> (artifact id: '959cd5df6b7428b2d4a03e8ec1767684') in 0.097539 seconds 
  Import took 0.134596 seconds .

========================================================================
Received Import Request.
  Time since last request: 0.000606 seconds.
  path: Assets/FourEvilDragonsHP/Scene
  artifactKey: Guid(ca5661a67750c244cbc0e8a0cbe2b134) Importer(815301076,1909f56bfc062723c751e8b465ee728b)
Start importing Assets/FourEvilDragonsHP/Scene using Guid(ca5661a67750c244cbc0e8a0cbe2b134) Importer(815301076,1909f56bfc062723c751e8b465ee728b)  -> (artifact id: 'a695595d14b676892a5336309f740917') in 0.029482 seconds 
  Import took 0.036409 seconds .

========================================================================
Received Import Request.
  Time since last request: 13.001520 seconds.
  path: Assets/FourEvilDragonsHP/Scene/NightmareScene.unity
  artifactKey: Guid(d8ee4eabfc0eb374abb799a03c54b457) Importer(815301076,1909f56bfc062723c751e8b465ee728b)
Start importing Assets/FourEvilDragonsHP/Scene/NightmareScene.unity using Guid(d8ee4eabfc0eb374abb799a03c54b457) Importer(815301076,1909f56bfc062723c751e8b465ee728b)  -> (artifact id: 'edafa8c255ea229e8e5fbe09016e243d') in 0.125771 seconds 
  Import took 0.160811 seconds .

========================================================================
Received Import Request.
  Time since last request: 41.367967 seconds.
  path: Assets/FourEvilDragonsHP/Scene/SoulEaterScene.unity
  artifactKey: Guid(5b7a5d45cc6bc794e84740c25259b3c5) Importer(815301076,1909f56bfc062723c751e8b465ee728b)
Start importing Assets/FourEvilDragonsHP/Scene/SoulEaterScene.unity using Guid(5b7a5d45cc6bc794e84740c25259b3c5) Importer(815301076,1909f56bfc062723c751e8b465ee728b)  -> (artifact id: '87a78d4481dce3275523033681b2b92f') in 0.040583 seconds 
  Import took 0.048076 seconds .

========================================================================
Received Import Request.
  Time since last request: 11.647058 seconds.
  path: Assets/FourEvilDragonsHP/Scene/UsurperScene.unity
  artifactKey: Guid(cba58fffeb4be854491c94a10cb5f486) Importer(815301076,1909f56bfc062723c751e8b465ee728b)
Start importing Assets/FourEvilDragonsHP/Scene/UsurperScene.unity using Guid(cba58fffeb4be854491c94a10cb5f486) Importer(815301076,1909f56bfc062723c751e8b465ee728b)  -> (artifact id: '0768809456b91af082289a1badd29399') in 0.124795 seconds 
  Import took 0.161677 seconds .

========================================================================
Received Import Request.
  Time since last request: 4.712400 seconds.
  path: Assets/FourEvilDragonsHP/Scene/TerrorBringerScene.unity
  artifactKey: Guid(abd974e8f4002d14994cb4d1bfce6443) Importer(815301076,1909f56bfc062723c751e8b465ee728b)
Start importing Assets/FourEvilDragonsHP/Scene/TerrorBringerScene.unity using Guid(abd974e8f4002d14994cb4d1bfce6443) Importer(815301076,1909f56bfc062723c751e8b465ee728b)  -> (artifact id: '982a9de2f4079005139612590103b410') in 0.078677 seconds 
  Import took 0.110989 seconds .

========================================================================
Received Import Request.
  Time since last request: 110.706573 seconds.
  path: Assets/FourEvilDragonsHP/Prefab/DragonUsurper
  artifactKey: Guid(da286c563d238e04c94cb6f9aa0a8331) Importer(815301076,1909f56bfc062723c751e8b465ee728b)
Start importing Assets/FourEvilDragonsHP/Prefab/DragonUsurper using Guid(da286c563d238e04c94cb6f9aa0a8331) Importer(815301076,1909f56bfc062723c751e8b465ee728b)  -> (artifact id: 'd9db98eb82efc8bbfd2906e6804f848f') in 0.062249 seconds 
  Import took 0.070430 seconds .

========================================================================
Received Import Request.
  Time since last request: 0.000595 seconds.
  path: Assets/FourEvilDragonsHP/Prefab/DragonUsurper/Blue.prefab
  artifactKey: Guid(445a5c29e7f715947b713a753f242af0) Importer(815301076,1909f56bfc062723c751e8b465ee728b)
Start importing Assets/FourEvilDragonsHP/Prefab/DragonUsurper/Blue.prefab using Guid(445a5c29e7f715947b713a753f242af0) Importer(815301076,1909f56bfc062723c751e8b465ee728b)  -> (artifact id: '4fc8a7b514309ed61f2976fa6e25a44b') in 1.263387 seconds 
  Import took 1.290529 seconds .

========================================================================
Received Import Request.
  Time since last request: 0.000583 seconds.
  path: Assets/FourEvilDragonsHP/Prefab/DragonUsurper/Purple.prefab
  artifactKey: Guid(09ade59177310454ba3c93ae4b7dc125) Importer(815301076,1909f56bfc062723c751e8b465ee728b)
Start importing Assets/FourEvilDragonsHP/Prefab/DragonUsurper/Purple.prefab using Guid(09ade59177310454ba3c93ae4b7dc125) Importer(815301076,1909f56bfc062723c751e8b465ee728b)  -> (artifact id: 'bba2d113e95600d43c7a52b9bb1569d0') in 0.248778 seconds 
  Import took 0.264607 seconds .

========================================================================
Received Import Request.
  Time since last request: 0.000567 seconds.
  path: Assets/FourEvilDragonsHP/Prefab/DragonUsurper/Green.prefab
  artifactKey: Guid(aeb4794909bc89d43b72ad784903e0f5) Importer(815301076,1909f56bfc062723c751e8b465ee728b)
Start importing Assets/FourEvilDragonsHP/Prefab/DragonUsurper/Green.prefab using Guid(aeb4794909bc89d43b72ad784903e0f5) Importer(815301076,1909f56bfc062723c751e8b465ee728b)  -> (artifact id: '21be78932fd2b2013447db72b13417d6') in 0.213572 seconds 
  Import took 0.228693 seconds .

========================================================================
Received Import Request.
  Time since last request: 0.000574 seconds.
  path: Assets/FourEvilDragonsHP/Prefab/DragonUsurper/Red.prefab
  artifactKey: Guid(eb58e8f2831a51f45a44a261e6710cdd) Importer(815301076,1909f56bfc062723c751e8b465ee728b)
Start importing Assets/FourEvilDragonsHP/Prefab/DragonUsurper/Red.prefab using Guid(eb58e8f2831a51f45a44a261e6710cdd) Importer(815301076,1909f56bfc062723c751e8b465ee728b)  -> (artifact id: 'fdee245466a1686d6dacffc219f04cf6') in 0.232796 seconds 
  Import took 0.275960 seconds .

========================================================================
Received Import Request.
  Time since last request: 177.620445 seconds.
  path: Assets/FourEvilDragonsHP/Prefab/DragonTerrorBringer/Blue.prefab
  artifactKey: Guid(20a769104331d8b48ac7d1ea0d49cdf3) Importer(815301076,1909f56bfc062723c751e8b465ee728b)
Start importing Assets/FourEvilDragonsHP/Prefab/DragonTerrorBringer/Blue.prefab using Guid(20a769104331d8b48ac7d1ea0d49cdf3) Importer(815301076,1909f56bfc062723c751e8b465ee728b)  -> (artifact id: '9c3d835c9ef752b630b9d42afd264d99') in 1.275968 seconds 
  Import took 1.308364 seconds .

========================================================================
Received Import Request.
  Time since last request: 0.000614 seconds.
  path: Assets/FourEvilDragonsHP/Prefab/DragonTerrorBringer/Purple.prefab
  artifactKey: Guid(8e302007cba46d94b970c6a0955b9628) Importer(815301076,1909f56bfc062723c751e8b465ee728b)
Start importing Assets/FourEvilDragonsHP/Prefab/DragonTerrorBringer/Purple.prefab using Guid(8e302007cba46d94b970c6a0955b9628) Importer(815301076,1909f56bfc062723c751e8b465ee728b)  -> (artifact id: '0bfef561c3448cbf93a6bbed8b124cb8') in 0.410266 seconds 
  Import took 0.423346 seconds .

========================================================================
Received Import Request.
  Time since last request: 0.000660 seconds.
  path: Assets/FourEvilDragonsHP/Prefab/DragonTerrorBringer/Green.prefab
  artifactKey: Guid(4e7d7ecd1eafb1746a1fcb020505943c) Importer(815301076,1909f56bfc062723c751e8b465ee728b)
Start importing Assets/FourEvilDragonsHP/Prefab/DragonTerrorBringer/Green.prefab using Guid(4e7d7ecd1eafb1746a1fcb020505943c) Importer(815301076,1909f56bfc062723c751e8b465ee728b)  -> (artifact id: 'c5fdba139e395338dd9e643bd6462f26') in 0.314435 seconds 
  Import took 0.332724 seconds .

========================================================================
Received Import Request.
  Time since last request: 0.000629 seconds.
  path: Assets/FourEvilDragonsHP/Prefab/DragonTerrorBringer/Red.prefab
  artifactKey: Guid(59c100dd669d88f46b60555886d4dae7) Importer(815301076,1909f56bfc062723c751e8b465ee728b)
Start importing Assets/FourEvilDragonsHP/Prefab/DragonTerrorBringer/Red.prefab using Guid(59c100dd669d88f46b60555886d4dae7) Importer(815301076,1909f56bfc062723c751e8b465ee728b)  -> (artifact id: '16ffe5810dec88761e5a2ab43757c5b4') in 0.374991 seconds 
  Import took 0.400932 seconds .

========================================================================
Received Import Request.
  Time since last request: 0.000680 seconds.
  path: Assets/FourEvilDragonsHP/Prefab/DragonSoulEater/Green.prefab
  artifactKey: Guid(88e480c990c9d6a458b5fc85fe1da2aa) Importer(815301076,1909f56bfc062723c751e8b465ee728b)
Start importing Assets/FourEvilDragonsHP/Prefab/DragonSoulEater/Green.prefab using Guid(88e480c990c9d6a458b5fc85fe1da2aa) Importer(815301076,1909f56bfc062723c751e8b465ee728b)  -> (artifact id: '9e56378f2ddecdcaa1e5f9f787d8b9a6') in 0.318887 seconds 
  Import took 0.361844 seconds .

========================================================================
Received Import Request.
  Time since last request: 0.000599 seconds.
  path: Assets/FourEvilDragonsHP/Prefab/DragonSoulEater/Red.prefab
  artifactKey: Guid(70f277dcf2cdfdd4db7ee0ca76e07767) Importer(815301076,1909f56bfc062723c751e8b465ee728b)
Start importing Assets/FourEvilDragonsHP/Prefab/DragonSoulEater/Red.prefab using Guid(70f277dcf2cdfdd4db7ee0ca76e07767) Importer(815301076,1909f56bfc062723c751e8b465ee728b)  -> (artifact id: '4770fcbcbd0d263c8bdbb651ea0a00ff') in 0.349547 seconds 
  Import took 0.363995 seconds .

========================================================================
Received Import Request.
  Time since last request: 0.000575 seconds.
  path: Assets/FourEvilDragonsHP/Prefab/DragonSoulEater/Blue.prefab
  artifactKey: Guid(c644a2181ac22e740968a7ece97e8f36) Importer(815301076,1909f56bfc062723c751e8b465ee728b)
Start importing Assets/FourEvilDragonsHP/Prefab/DragonSoulEater/Blue.prefab using Guid(c644a2181ac22e740968a7ece97e8f36) Importer(815301076,1909f56bfc062723c751e8b465ee728b)  -> (artifact id: '0c70df39f3cf1cf54961ee16aeb077ea') in 0.414902 seconds 
  Import took 0.434638 seconds .

========================================================================
Received Import Request.
  Time since last request: 0.000472 seconds.
  path: Assets/FourEvilDragonsHP/Prefab/DragonSoulEater/Grey.prefab
  artifactKey: Guid(36c38a65d57de7d4a9a582f9ee857701) Importer(815301076,1909f56bfc062723c751e8b465ee728b)
Start importing Assets/FourEvilDragonsHP/Prefab/DragonSoulEater/Grey.prefab using Guid(36c38a65d57de7d4a9a582f9ee857701) Importer(815301076,1909f56bfc062723c751e8b465ee728b)  -> (artifact id: 'fdbe332fc138abf0144686ad8690d568') in 0.400666 seconds 
  Import took 0.415416 seconds .

========================================================================
Received Import Request.
  Time since last request: 1.038001 seconds.
  path: Assets/FourEvilDragonsHP/Prefab/DragonNightmare/Albino.prefab
  artifactKey: Guid(8252519d2c6fd014bb5f75765a8c4fda) Importer(815301076,1909f56bfc062723c751e8b465ee728b)
Start importing Assets/FourEvilDragonsHP/Prefab/DragonNightmare/Albino.prefab using Guid(8252519d2c6fd014bb5f75765a8c4fda) Importer(815301076,1909f56bfc062723c751e8b465ee728b)  -> (artifact id: 'b7b92b891cfcce7bf90459144523a35d') in 1.235193 seconds 
  Import took 1.248873 seconds .

========================================================================
Received Import Request.
  Time since last request: 0.000480 seconds.
  path: Assets/FourEvilDragonsHP/Prefab/DragonNightmare/DarkBlue.prefab
  artifactKey: Guid(a3e7850e56f7e2d4a8cb9e150f10c835) Importer(815301076,1909f56bfc062723c751e8b465ee728b)
Start importing Assets/FourEvilDragonsHP/Prefab/DragonNightmare/DarkBlue.prefab using Guid(a3e7850e56f7e2d4a8cb9e150f10c835) Importer(815301076,1909f56bfc062723c751e8b465ee728b)  -> (artifact id: '8a84880450d89f1cba3272d9000a7a01') in 0.148102 seconds 
  Import took 0.180261 seconds .

========================================================================
Received Import Request.
  Time since last request: 0.000571 seconds.
  path: Assets/FourEvilDragonsHP/Prefab/DragonNightmare/Green.prefab
  artifactKey: Guid(281a986484325de459dc1b3709335bc5) Importer(815301076,1909f56bfc062723c751e8b465ee728b)
Start importing Assets/FourEvilDragonsHP/Prefab/DragonNightmare/Green.prefab using Guid(281a986484325de459dc1b3709335bc5) Importer(815301076,1909f56bfc062723c751e8b465ee728b)  -> (artifact id: 'f43fa69a764e7988f1e303c243753657') in 0.169168 seconds 
  Import took 0.190564 seconds .

========================================================================
Received Import Request.
  Time since last request: 0.000655 seconds.
  path: Assets/FourEvilDragonsHP/Prefab/DragonNightmare/Blue.prefab
  artifactKey: Guid(edd34a89cfe571f4ca766dcca2459bbe) Importer(815301076,1909f56bfc062723c751e8b465ee728b)
Start importing Assets/FourEvilDragonsHP/Prefab/DragonNightmare/Blue.prefab using Guid(edd34a89cfe571f4ca766dcca2459bbe) Importer(815301076,1909f56bfc062723c751e8b465ee728b)  -> (artifact id: 'b2bfa406dcd128f8afe8a5374bb1bdbf') in 0.164656 seconds 
  Import took 0.176405 seconds .

========================================================================
Received Import Request.
  Time since last request: 22.519711 seconds.
  path: Assets/FourEvilDragonsHP/Mesh/DragonSoulEaterMesh.fbx
  artifactKey: Guid(063e65bf9ea59ea44bb459f4b7490fd3) Importer(815301076,1909f56bfc062723c751e8b465ee728b)
Start importing Assets/FourEvilDragonsHP/Mesh/DragonSoulEaterMesh.fbx using Guid(063e65bf9ea59ea44bb459f4b7490fd3) Importer(815301076,1909f56bfc062723c751e8b465ee728b)  -> (artifact id: '4cff9b30968aa0b4361ae00be7af6b99') in 1.004484 seconds 
  Import took 1.032840 seconds .

========================================================================
Received Import Request.
  Time since last request: 0.000640 seconds.
  path: Assets/FourEvilDragonsHP/Mesh/DragonUsurperMesh.fbx
  artifactKey: Guid(79b50b34e44b5fd4db1cdc9535a3c86b) Importer(815301076,1909f56bfc062723c751e8b465ee728b)
Start importing Assets/FourEvilDragonsHP/Mesh/DragonUsurperMesh.fbx using Guid(79b50b34e44b5fd4db1cdc9535a3c86b) Importer(815301076,1909f56bfc062723c751e8b465ee728b)  -> (artifact id: 'd7ea8ba78078f63687ba28c46f41364f') in 0.208418 seconds 
  Import took 0.279934 seconds .

========================================================================
Received Import Request.
  Time since last request: 0.000876 seconds.
  path: Assets/FourEvilDragonsHP/Mesh/DragonTheNightmareMesh.fbx
  artifactKey: Guid(2f4e6492f506bbb4a8aeba850e3bb52f) Importer(815301076,1909f56bfc062723c751e8b465ee728b)
Start importing Assets/FourEvilDragonsHP/Mesh/DragonTheNightmareMesh.fbx using Guid(2f4e6492f506bbb4a8aeba850e3bb52f) Importer(815301076,1909f56bfc062723c751e8b465ee728b)  -> (artifact id: '494bd84fecf48b3f3aa5b7b67970ce21') in 0.347293 seconds 
  Import took 0.378472 seconds .

========================================================================
Received Import Request.
  Time since last request: 0.000869 seconds.
  path: Assets/FourEvilDragonsHP/Materials/Skybox_Mat.mat
  artifactKey: Guid(48ce278709c9add4cb03de6de56e1f59) Importer(815301076,1909f56bfc062723c751e8b465ee728b)
Start importing Assets/FourEvilDragonsHP/Materials/Skybox_Mat.mat using Guid(48ce278709c9add4cb03de6de56e1f59) Importer(815301076,1909f56bfc062723c751e8b465ee728b)  -> (artifact id: 'aa3a039ba4ceb210966e943701d0d8d9') in 0.689848 seconds 
  Import took 0.717756 seconds .

========================================================================
Received Import Request.
  Time since last request: 0.000642 seconds.
  path: Assets/FourEvilDragonsHP/Mesh/Stage.fbx
  artifactKey: Guid(2897399b8106c274f9e41904f19945b0) Importer(815301076,1909f56bfc062723c751e8b465ee728b)
Start importing Assets/FourEvilDragonsHP/Mesh/Stage.fbx using Guid(2897399b8106c274f9e41904f19945b0) Importer(815301076,1909f56bfc062723c751e8b465ee728b)  -> (artifact id: '275dc5095aa89ec894e30748a58d323e') in 0.104972 seconds 
  Import took 0.126856 seconds .

========================================================================
Received Import Request.
  Time since last request: 0.000499 seconds.
  path: Assets/FourEvilDragonsHP/Materials/Stage.mat
  artifactKey: Guid(34466cf7960487a4380913c62e795ebd) Importer(815301076,1909f56bfc062723c751e8b465ee728b)
Start importing Assets/FourEvilDragonsHP/Materials/Stage.mat using Guid(34466cf7960487a4380913c62e795ebd) Importer(815301076,1909f56bfc062723c751e8b465ee728b)  -> (artifact id: '577648f4d6a1f77ece171e6a07efc1d9') in 0.132733 seconds 
  Import took 0.146872 seconds .

========================================================================
Received Import Request.
  Time since last request: 0.000510 seconds.
  path: Assets/FourEvilDragonsHP/Mesh/DragonTerrorBringerMesh.fbx
  artifactKey: Guid(3fa06637f7751b44b8e63a9964b181a6) Importer(815301076,1909f56bfc062723c751e8b465ee728b)
Start importing Assets/FourEvilDragonsHP/Mesh/DragonTerrorBringerMesh.fbx using Guid(3fa06637f7751b44b8e63a9964b181a6) Importer(815301076,1909f56bfc062723c751e8b465ee728b)  -> (artifact id: '3f3fa1dfb038b5215d91b9eb8a14794c') in 0.243491 seconds 
  Import took 0.252266 seconds .

========================================================================
Received Import Request.
  Time since last request: 68.943930 seconds.
  path: Assets/Tower/Moduls/floor_stairs.fbx
  artifactKey: Guid(5d684c48ef4e66542beb7ddc966e1a85) Importer(815301076,1909f56bfc062723c751e8b465ee728b)
Start importing Assets/Tower/Moduls/floor_stairs.fbx using Guid(5d684c48ef4e66542beb7ddc966e1a85) Importer(815301076,1909f56bfc062723c751e8b465ee728b)  -> (artifact id: '05a3ba6d67565751e63393c5933d88de') in 0.351917 seconds 
  Import took 0.360456 seconds .

========================================================================
Received Import Request.
  Time since last request: 0.000668 seconds.
  path: Assets/Tower/Moduls/floor_stairsCornerInner.fbx
  artifactKey: Guid(93c7cc41b1ff01544bdfa7cedaeff8f2) Importer(815301076,1909f56bfc062723c751e8b465ee728b)
Start importing Assets/Tower/Moduls/floor_stairsCornerInner.fbx using Guid(93c7cc41b1ff01544bdfa7cedaeff8f2) Importer(815301076,1909f56bfc062723c751e8b465ee728b)  -> (artifact id: 'd6f3ec2b79ecaa16713102172e533296') in 0.225071 seconds 
  Import took 0.234617 seconds .

========================================================================
Received Import Request.
  Time since last request: 0.000576 seconds.
  path: Assets/Tower/Moduls/floor_stepsCornerInner.fbx
  artifactKey: Guid(219c000f583926d47900f60261669a54) Importer(815301076,1909f56bfc062723c751e8b465ee728b)
Start importing Assets/Tower/Moduls/floor_stepsCornerInner.fbx using Guid(219c000f583926d47900f60261669a54) Importer(815301076,1909f56bfc062723c751e8b465ee728b)  -> (artifact id: 'd866d9f18323cb0623e8f0cee7cf4342') in 0.231401 seconds 
  Import took 0.242075 seconds .

========================================================================
Received Import Request.
  Time since last request: 0.000498 seconds.
  path: Assets/Tower/Moduls/floor_stepsCornerOuter.fbx
  artifactKey: Guid(e5f600cb5c066f640834153e9936b1f1) Importer(815301076,1909f56bfc062723c751e8b465ee728b)
Start importing Assets/Tower/Moduls/floor_stepsCornerOuter.fbx using Guid(e5f600cb5c066f640834153e9936b1f1) Importer(815301076,1909f56bfc062723c751e8b465ee728b)  -> (artifact id: '9e5ca4474dd771f96907e8b3e411182f') in 0.203963 seconds 
  Import took 0.211712 seconds .

========================================================================
Received Import Request.
  Time since last request: 0.000659 seconds.
  path: Assets/Tower/Moduls/overhang_fence.fbx
  artifactKey: Guid(9554d57d360af5845bc50db79e4119bc) Importer(815301076,1909f56bfc062723c751e8b465ee728b)
Start importing Assets/Tower/Moduls/overhang_fence.fbx using Guid(9554d57d360af5845bc50db79e4119bc) Importer(815301076,1909f56bfc062723c751e8b465ee728b)  -> (artifact id: 'b575b5ce2c97d0e8cf9fc97d5c1b503d') in 0.234012 seconds 
  Import took 0.252129 seconds .

========================================================================
Received Import Request.
  Time since last request: 0.000583 seconds.
  path: Assets/Tower/Moduls/roof.fbx
  artifactKey: Guid(2260a67ea145bf24a96920cac7b1adcb) Importer(815301076,1909f56bfc062723c751e8b465ee728b)
Start importing Assets/Tower/Moduls/roof.fbx using Guid(2260a67ea145bf24a96920cac7b1adcb) Importer(815301076,1909f56bfc062723c751e8b465ee728b)  -> (artifact id: '751d6b0b46e23e362ede11a2f13b9169') in 0.494426 seconds 
  Import took 0.529011 seconds .

========================================================================
Received Import Request.
  Time since last request: 0.000615 seconds.
  path: Assets/Tower/Moduls/wall_flatGate.fbx
  artifactKey: Guid(9163e18a68b632c4badbf3b86157cf4b) Importer(815301076,1909f56bfc062723c751e8b465ee728b)
Start importing Assets/Tower/Moduls/wall_flatGate.fbx using Guid(9163e18a68b632c4badbf3b86157cf4b) Importer(815301076,1909f56bfc062723c751e8b465ee728b)  -> (artifact id: 'c67c8d61266f3fe529baba17ee0481aa') in 0.288226 seconds 
  Import took 0.322073 seconds .

========================================================================
Received Import Request.
  Time since last request: 0.000822 seconds.
  path: Assets/Tower/Moduls/towerPaint.fbx
  artifactKey: Guid(89c64c24c76a0cf439d346f7bbcc8051) Importer(815301076,1909f56bfc062723c751e8b465ee728b)
Start importing Assets/Tower/Moduls/towerPaint.fbx using Guid(89c64c24c76a0cf439d346f7bbcc8051) Importer(815301076,1909f56bfc062723c751e8b465ee728b)  -> (artifact id: '6c7aaf24e6e57a83347996ba18e8dde0') in 0.308148 seconds 
  Import took 0.334922 seconds .

========================================================================
Received Import Request.
  Time since last request: 0.000592 seconds.
  path: Assets/Tower/Moduls/structure_wall.fbx
  artifactKey: Guid(c508cf1f13e63314484cdee5830e90f5) Importer(815301076,1909f56bfc062723c751e8b465ee728b)
Start importing Assets/Tower/Moduls/structure_wall.fbx using Guid(c508cf1f13e63314484cdee5830e90f5) Importer(815301076,1909f56bfc062723c751e8b465ee728b)  -> (artifact id: '03030119fafae38b16f66f541dcaee66') in 0.961076 seconds 
  Import took 1.017528 seconds .

========================================================================
Received Import Request.
  Time since last request: 0.000954 seconds.
  path: Assets/Tower/Moduls/tower_edge.fbx
  artifactKey: Guid(8d94e23bbe0d9d348a8fb8089d0147da) Importer(815301076,1909f56bfc062723c751e8b465ee728b)
Start importing Assets/Tower/Moduls/tower_edge.fbx using Guid(8d94e23bbe0d9d348a8fb8089d0147da) Importer(815301076,1909f56bfc062723c751e8b465ee728b)  -> (artifact id: '2216304974a01f175547ca14d34414e3') in 0.202134 seconds 
  Import took 0.214162 seconds .

========================================================================
Received Import Request.
  Time since last request: 0.000698 seconds.
  path: Assets/Tower/Moduls/wall_gate.fbx
  artifactKey: Guid(1811c84864ac5d34ab77c06f2d23a645) Importer(815301076,1909f56bfc062723c751e8b465ee728b)
Start importing Assets/Tower/Moduls/wall_gate.fbx using Guid(1811c84864ac5d34ab77c06f2d23a645) Importer(815301076,1909f56bfc062723c751e8b465ee728b)  -> (artifact id: '538a61c6b0e4a1a557371c2f1c994625') in 0.193221 seconds 
  Import took 0.223114 seconds .

========================================================================
Received Import Request.
  Time since last request: 0.000552 seconds.
  path: Assets/Tower/Moduls/roof_edge.fbx
  artifactKey: Guid(f3add5636534098479dd0c69bdca283f) Importer(815301076,1909f56bfc062723c751e8b465ee728b)
Start importing Assets/Tower/Moduls/roof_edge.fbx using Guid(f3add5636534098479dd0c69bdca283f) Importer(815301076,1909f56bfc062723c751e8b465ee728b)  -> (artifact id: 'a6a251c15e85e020a8c7e0ee047d8738') in 0.223801 seconds 
  Import took 0.233006 seconds .

========================================================================
Received Import Request.
  Time since last request: 0.000672 seconds.
  path: Assets/Tower/Moduls/overhang_round.fbx
  artifactKey: Guid(45770040567808849bdd907db49528d4) Importer(815301076,1909f56bfc062723c751e8b465ee728b)
Start importing Assets/Tower/Moduls/overhang_round.fbx using Guid(45770040567808849bdd907db49528d4) Importer(815301076,1909f56bfc062723c751e8b465ee728b)  -> (artifact id: '50eceb0ef955340c00a8498a0ed69f7a') in 0.173694 seconds 
  Import took 0.182358 seconds .

========================================================================
Received Import Request.
  Time since last request: 0.000655 seconds.
  path: Assets/Tower/Moduls/structure.fbx
  artifactKey: Guid(ea8288f3011b49543963b53448c616f7) Importer(815301076,1909f56bfc062723c751e8b465ee728b)
Start importing Assets/Tower/Moduls/structure.fbx using Guid(ea8288f3011b49543963b53448c616f7) Importer(815301076,1909f56bfc062723c751e8b465ee728b)  -> (artifact id: '939a6f9f8243a5e5708dfd07393bab7d') in 0.155194 seconds 
  Import took 0.174325 seconds .

========================================================================
Received Import Request.
  Time since last request: 0.000579 seconds.
  path: Assets/Tower/Moduls/tower_base.fbx
  artifactKey: Guid(6560a9d27c82d444bbdca2f386f4bd7b) Importer(815301076,1909f56bfc062723c751e8b465ee728b)
Start importing Assets/Tower/Moduls/tower_base.fbx using Guid(6560a9d27c82d444bbdca2f386f4bd7b) Importer(815301076,1909f56bfc062723c751e8b465ee728b)  -> (artifact id: 'dfd7092f680d5f416b4e584e86ebd10c') in 0.211776 seconds 
  Import took 0.229644 seconds .

========================================================================
Received Import Request.
  Time since last request: 0.000544 seconds.
  path: Assets/Tower/Moduls/tower_top.fbx
  artifactKey: Guid(45dab7919f4b31748afd88057d38480d) Importer(815301076,1909f56bfc062723c751e8b465ee728b)
Start importing Assets/Tower/Moduls/tower_top.fbx using Guid(45dab7919f4b31748afd88057d38480d) Importer(815301076,1909f56bfc062723c751e8b465ee728b)  -> (artifact id: '7978414ba91ac525064710f2afc1fc31') in 0.213878 seconds 
  Import took 0.249730 seconds .

========================================================================
Received Import Request.
  Time since last request: 0.000584 seconds.
  path: Assets/Tower/Moduls/wall_flat.fbx
  artifactKey: Guid(4cb722d3437046e4b9f804c52e655c8b) Importer(815301076,1909f56bfc062723c751e8b465ee728b)
Start importing Assets/Tower/Moduls/wall_flat.fbx using Guid(4cb722d3437046e4b9f804c52e655c8b) Importer(815301076,1909f56bfc062723c751e8b465ee728b)  -> (artifact id: '60a534eed2fc2278bb92374bf5295f49') in 0.237751 seconds 
  Import took 0.263478 seconds .

========================================================================
Received Import Request.
  Time since last request: 0.000668 seconds.
  path: Packages/com.unity.ext.nunit
  artifactKey: Guid(25a477c2f24db8778a4179421a32cc21) Importer(815301076,1909f56bfc062723c751e8b465ee728b)
Start importing Packages/com.unity.ext.nunit using Guid(25a477c2f24db8778a4179421a32cc21) Importer(815301076,1909f56bfc062723c751e8b465ee728b)  -> (artifact id: 'de8b3f671dc9f0a57b867a67d4aae8de') in 0.053269 seconds 
  Import took 0.085671 seconds .

========================================================================
Received Import Request.
  Time since last request: 0.000679 seconds.
  path: Assets/Tower/Moduls/roof_corner.fbx
  artifactKey: Guid(2abcf05c11c883d4baf3d9ac53e9a9ad) Importer(815301076,1909f56bfc062723c751e8b465ee728b)
Start importing Assets/Tower/Moduls/roof_corner.fbx using Guid(2abcf05c11c883d4baf3d9ac53e9a9ad) Importer(815301076,1909f56bfc062723c751e8b465ee728b)  -> (artifact id: '3a0bff557f7f8dbbf640d478bc3ba8e6') in 0.238843 seconds 
  Import took 0.247310 seconds .

========================================================================
Received Import Request.
  Time since last request: 0.000465 seconds.
  path: Packages/com.unity.ext.nunit/package.json
  artifactKey: Guid(8143d3a8390f2c64685e3bc272bd9e90) Importer(815301076,1909f56bfc062723c751e8b465ee728b)
Start importing Packages/com.unity.ext.nunit/package.json using Guid(8143d3a8390f2c64685e3bc272bd9e90) Importer(815301076,1909f56bfc062723c751e8b465ee728b)  -> (artifact id: '36f449bd9ed4a92e06d659da724da745') in 0.405021 seconds 
  Import took 0.430028 seconds .

========================================================================
Received Import Request.
  Time since last request: 0.000598 seconds.
  path: Assets/Tower/Moduls/towerPaint_base.fbx
  artifactKey: Guid(debe070cd31211247897aea0fef691df) Importer(815301076,1909f56bfc062723c751e8b465ee728b)
Start importing Assets/Tower/Moduls/towerPaint_base.fbx using Guid(debe070cd31211247897aea0fef691df) Importer(815301076,1909f56bfc062723c751e8b465ee728b)  -> (artifact id: 'f06a43e4d2e7cfa9d5d68602288a77bc') in 0.182690 seconds 
  Import took 0.208975 seconds .

========================================================================
Received Import Request.
  Time since last request: 0.000683 seconds.
  path: Assets/Tower/Moduls/wall.fbx
  artifactKey: Guid(d4277404556bb694db0cdc65b6d933e3) Importer(815301076,1909f56bfc062723c751e8b465ee728b)
Start importing Assets/Tower/Moduls/wall.fbx using Guid(d4277404556bb694db0cdc65b6d933e3) Importer(815301076,1909f56bfc062723c751e8b465ee728b)  -> (artifact id: 'b304cb30b8b5d7b882d6bfcfb54e363f') in 0.165405 seconds 
  Import took 0.173263 seconds .

========================================================================
Received Import Request.
  Time since last request: 0.000634 seconds.
  path: Assets/Tower/Moduls/structure_poles.fbx
  artifactKey: Guid(9479c44e7f0a9ae40b4cff25f71c2bcc) Importer(815301076,1909f56bfc062723c751e8b465ee728b)
Start importing Assets/Tower/Moduls/structure_poles.fbx using Guid(9479c44e7f0a9ae40b4cff25f71c2bcc) Importer(815301076,1909f56bfc062723c751e8b465ee728b)  -> (artifact id: 'd94f1c6892f17e106d08e07c7b299dd3') in 0.206263 seconds 
  Import took 0.217047 seconds .

========================================================================
Received Import Request.
  Time since last request: 0.000570 seconds.
  path: Assets/Tower/Moduls/wall_detail.fbx
  artifactKey: Guid(04af3345592ed73468e6aa8da485e7f6) Importer(815301076,1909f56bfc062723c751e8b465ee728b)
Start importing Assets/Tower/Moduls/wall_detail.fbx using Guid(04af3345592ed73468e6aa8da485e7f6) Importer(815301076,1909f56bfc062723c751e8b465ee728b)  -> (artifact id: 'd0da70a26bb8a6af46ebefce7b079463') in 0.177515 seconds 
  Import took 0.216476 seconds .

========================================================================
Received Import Request.
  Time since last request: 0.000706 seconds.
  path: Assets/Tower/Moduls/overhang.fbx
  artifactKey: Guid(a1dfe6bcafc30c94ab1d51616fe1b5ff) Importer(815301076,1909f56bfc062723c751e8b465ee728b)
Start importing Assets/Tower/Moduls/overhang.fbx using Guid(a1dfe6bcafc30c94ab1d51616fe1b5ff) Importer(815301076,1909f56bfc062723c751e8b465ee728b)  -> (artifact id: 'd1f7f0baac4518155895378ef098725c') in 0.187114 seconds 
  Import took 0.204198 seconds .

========================================================================
Received Import Request.
  Time since last request: 0.000654 seconds.
  path: Assets/Tower/Moduls/floor_steps.fbx
  artifactKey: Guid(795754ae64373fc4e92c7c7fa130b7ab) Importer(815301076,1909f56bfc062723c751e8b465ee728b)
Start importing Assets/Tower/Moduls/floor_steps.fbx using Guid(795754ae64373fc4e92c7c7fa130b7ab) Importer(815301076,1909f56bfc062723c751e8b465ee728b)  -> (artifact id: '5723da5ae5d1403b5afa943df7b2b17d') in 0.205519 seconds 
  Import took 0.226778 seconds .

========================================================================
Received Import Request.
  Time since last request: 0.000727 seconds.
  path: Assets/Tower/Moduls/floor_stairsCornerOuter.fbx
  artifactKey: Guid(1348a8e7a84b1b847b6dbcd600819eef) Importer(815301076,1909f56bfc062723c751e8b465ee728b)
Start importing Assets/Tower/Moduls/floor_stairsCornerOuter.fbx using Guid(1348a8e7a84b1b847b6dbcd600819eef) Importer(815301076,1909f56bfc062723c751e8b465ee728b)  -> (artifact id: 'cbef075454d2d766bc86b7ff62f7d3d3') in 0.199126 seconds 
  Import took 0.236538 seconds .

========================================================================
Received Import Request.
  Time since last request: 0.000558 seconds.
  path: Assets/Tower/Moduls/tower.fbx
  artifactKey: Guid(d9e5876340dc64146993c65fc096456b) Importer(815301076,1909f56bfc062723c751e8b465ee728b)
Start importing Assets/Tower/Moduls/tower.fbx using Guid(d9e5876340dc64146993c65fc096456b) Importer(815301076,1909f56bfc062723c751e8b465ee728b)  -> (artifact id: 'd6ae690a45e6237376642daff2ae8c8c') in 0.172133 seconds 
  Import took 0.180141 seconds .

========================================================================
Received Import Request.
  Time since last request: 8.507999 seconds.
  path: Assets/CastlePack/FBX/Walls
  artifactKey: Guid(e4657724fa027d14ebc70a0a3813a0b8) Importer(815301076,1909f56bfc062723c751e8b465ee728b)
Start importing Assets/CastlePack/FBX/Walls using Guid(e4657724fa027d14ebc70a0a3813a0b8) Importer(815301076,1909f56bfc062723c751e8b465ee728b)  -> (artifact id: 'abeb08aeeafe3b893ecd5fe726428aa7') in 0.078107 seconds 
  Import took 0.098507 seconds .

========================================================================
Received Import Request.
  Time since last request: 2.330127 seconds.
  path: Assets/CastlePack/FBX/Walls/Walllvl1Merged.fbx
  artifactKey: Guid(013e2be37585e8e45ab7ce425609af01) Importer(815301076,1909f56bfc062723c751e8b465ee728b)
Start importing Assets/CastlePack/FBX/Walls/Walllvl1Merged.fbx using Guid(013e2be37585e8e45ab7ce425609af01) Importer(815301076,1909f56bfc062723c751e8b465ee728b)  -> (artifact id: 'c4d12b1b3e44c11e277bba526e3fb30a') in 0.232538 seconds 
  Import took 0.261261 seconds .

========================================================================
Received Import Request.
  Time since last request: 0.000579 seconds.
  path: Assets/CastlePack/FBX/Walls/Walllvl6Merged.fbx
  artifactKey: Guid(775248a8677100949a75b697d10dbb5c) Importer(815301076,1909f56bfc062723c751e8b465ee728b)
Start importing Assets/CastlePack/FBX/Walls/Walllvl6Merged.fbx using Guid(775248a8677100949a75b697d10dbb5c) Importer(815301076,1909f56bfc062723c751e8b465ee728b)  -> (artifact id: '389de5b323246266561219988310b2ba') in 0.195885 seconds 
  Import took 0.213099 seconds .

========================================================================
Received Import Request.
  Time since last request: 0.000649 seconds.
  path: Assets/CastlePack/FBX/Walls/Walllvl2Merged.fbx
  artifactKey: Guid(68af98b2859bac74ba4573e6ea5f0658) Importer(815301076,1909f56bfc062723c751e8b465ee728b)
Start importing Assets/CastlePack/FBX/Walls/Walllvl2Merged.fbx using Guid(68af98b2859bac74ba4573e6ea5f0658) Importer(815301076,1909f56bfc062723c751e8b465ee728b)  -> (artifact id: '221e55d83576a57ef57fbe34edf600a4') in 0.287095 seconds 
  Import took 0.296810 seconds .

========================================================================
Received Import Request.
  Time since last request: 0.000495 seconds.
  path: Assets/CastlePack/FBX/Walls/Walllvl4.fbx
  artifactKey: Guid(6e3af9bb0fb3d2b42be9fc1417731d9d) Importer(815301076,1909f56bfc062723c751e8b465ee728b)
Start importing Assets/CastlePack/FBX/Walls/Walllvl4.fbx using Guid(6e3af9bb0fb3d2b42be9fc1417731d9d) Importer(815301076,1909f56bfc062723c751e8b465ee728b)  -> (artifact id: '1a5d4442a229f427d634be11e2cb5e0b') in 0.564910 seconds 
  Import took 0.593349 seconds .

========================================================================
Received Import Request.
  Time since last request: 0.000506 seconds.
  path: Assets/CastlePack/FBX/Walls/Walllvl0Merged.fbx
  artifactKey: Guid(0708c81c3e586c24a9d23674f014ba59) Importer(815301076,1909f56bfc062723c751e8b465ee728b)
Start importing Assets/CastlePack/FBX/Walls/Walllvl0Merged.fbx using Guid(0708c81c3e586c24a9d23674f014ba59) Importer(815301076,1909f56bfc062723c751e8b465ee728b)  -> (artifact id: 'cd7e480af919def3a38294a87e1105da') in 0.226922 seconds 
  Import took 0.235175 seconds .

========================================================================
Received Import Request.
  Time since last request: 0.000649 seconds.
  path: Assets/CastlePack/FBX/Walls/Walllvl0.fbx
  artifactKey: Guid(4306b166759d8824aa09392a744bcfff) Importer(815301076,1909f56bfc062723c751e8b465ee728b)
Start importing Assets/CastlePack/FBX/Walls/Walllvl0.fbx using Guid(4306b166759d8824aa09392a744bcfff) Importer(815301076,1909f56bfc062723c751e8b465ee728b)  -> (artifact id: 'e5ff3c0841158c8553b5146f32400236') in 0.516723 seconds 
  Import took 0.536896 seconds .

========================================================================
Received Import Request.
  Time since last request: 0.000677 seconds.
  path: Assets/CastlePack/FBX/Walls/Walllvl1.fbx
  artifactKey: Guid(134ca3c8a2720d74cb44ea5c7f74bc81) Importer(815301076,1909f56bfc062723c751e8b465ee728b)
Start importing Assets/CastlePack/FBX/Walls/Walllvl1.fbx using Guid(134ca3c8a2720d74cb44ea5c7f74bc81) Importer(815301076,1909f56bfc062723c751e8b465ee728b)  -> (artifact id: '61d6fe651fb5cc52ca3a6cbbbd905596') in 0.832773 seconds 
  Import took 0.855407 seconds .

========================================================================
Received Import Request.
  Time since last request: 0.000565 seconds.
  path: Assets/CastlePack/Materials/Planks.mat
  artifactKey: Guid(00453d6b2594c7f42972a69fe1ed584c) Importer(815301076,1909f56bfc062723c751e8b465ee728b)
Start importing Assets/CastlePack/Materials/Planks.mat using Guid(00453d6b2594c7f42972a69fe1ed584c) Importer(815301076,1909f56bfc062723c751e8b465ee728b)  -> (artifact id: '0774f81b5925a5c873d8c6e6a0ca33e4') in 0.110217 seconds 
  Import took 0.118815 seconds .

========================================================================
Received Import Request.
  Time since last request: 0.000476 seconds.
  path: Assets/CastlePack/Materials/Roof.mat
  artifactKey: Guid(ebf2afb733ec83746a262ab73ff848b2) Importer(815301076,1909f56bfc062723c751e8b465ee728b)
Start importing Assets/CastlePack/Materials/Roof.mat using Guid(ebf2afb733ec83746a262ab73ff848b2) Importer(815301076,1909f56bfc062723c751e8b465ee728b)  -> (artifact id: 'd9c0ae4963b93bd41c71be81a2c00bff') in 0.121860 seconds 
  Import took 0.129485 seconds .

========================================================================
Received Import Request.
  Time since last request: 0.000705 seconds.
  path: Assets/CastlePack/FBX/Walls/Walllvl2.fbx
  artifactKey: Guid(cbba27d40aaad1a49943f20119fe5d82) Importer(815301076,1909f56bfc062723c751e8b465ee728b)
Start importing Assets/CastlePack/FBX/Walls/Walllvl2.fbx using Guid(cbba27d40aaad1a49943f20119fe5d82) Importer(815301076,1909f56bfc062723c751e8b465ee728b)  -> (artifact id: '5ca8ad49cd4e4e2280bacb739a8b7619') in 1.259969 seconds 
  Import took 1.304921 seconds .

========================================================================
Received Import Request.
  Time since last request: 0.001353 seconds.
  path: Assets/CastlePack/Materials/Wood.mat
  artifactKey: Guid(5de143d1025d03d4aa88eaf569b6f9b0) Importer(815301076,1909f56bfc062723c751e8b465ee728b)
Start importing Assets/CastlePack/Materials/Wood.mat using Guid(5de143d1025d03d4aa88eaf569b6f9b0) Importer(815301076,1909f56bfc062723c751e8b465ee728b)  -> (artifact id: 'af28cdde4ff44452fca5f61c363e804a') in 0.140386 seconds 
  Import took 0.164165 seconds .

========================================================================
Received Import Request.
  Time since last request: 0.000552 seconds.
  path: Assets/CastlePack/Materials/Grass.mat
  artifactKey: Guid(541cd755ef9eee548aa90edabed105cf) Importer(815301076,1909f56bfc062723c751e8b465ee728b)
Start importing Assets/CastlePack/Materials/Grass.mat using Guid(541cd755ef9eee548aa90edabed105cf) Importer(815301076,1909f56bfc062723c751e8b465ee728b)  -> (artifact id: '734a12f2d20d3e644b5d718af14be64f') in 0.580038 seconds 
  Import took 0.620160 seconds .

========================================================================
Received Import Request.
  Time since last request: 0.001098 seconds.
  path: Assets/CastlePack/FBX/Walls/Walllvl5Merged.fbx
  artifactKey: Guid(c45654889a27b08408c5289993543a62) Importer(815301076,1909f56bfc062723c751e8b465ee728b)
Start importing Assets/CastlePack/FBX/Walls/Walllvl5Merged.fbx using Guid(c45654889a27b08408c5289993543a62) Importer(815301076,1909f56bfc062723c751e8b465ee728b)  -> (artifact id: '732977c5a13dc8d114a4c2df2b00ea47') in 0.679807 seconds 
  Import took 0.694240 seconds .

========================================================================
Received Import Request.
  Time since last request: 0.000766 seconds.
  path: Assets/CastlePack/FBX/Walls/Walllvl4Merged.fbx
  artifactKey: Guid(86c71977d6a63dd4cb39ec96e9555f1d) Importer(815301076,1909f56bfc062723c751e8b465ee728b)
Start importing Assets/CastlePack/FBX/Walls/Walllvl4Merged.fbx using Guid(86c71977d6a63dd4cb39ec96e9555f1d) Importer(815301076,1909f56bfc062723c751e8b465ee728b)  -> (artifact id: '015532daeb61d31a2e45faf9c2e3d652') in 0.361901 seconds 
  Import took 0.407467 seconds .

========================================================================
Received Import Request.
  Time since last request: 0.001069 seconds.
  path: Assets/CastlePack/FBX/Walls/Walllvl3Merged.fbx
  artifactKey: Guid(ce5b0ff445f1d2b48b0cf2c2cb2253ed) Importer(815301076,1909f56bfc062723c751e8b465ee728b)
Start importing Assets/CastlePack/FBX/Walls/Walllvl3Merged.fbx using Guid(ce5b0ff445f1d2b48b0cf2c2cb2253ed) Importer(815301076,1909f56bfc062723c751e8b465ee728b)  -> (artifact id: '57efd79ebf15406f951870d88cf3c59f') in 0.556659 seconds 
  Import took 0.569850 seconds .

========================================================================
Received Import Request.
  Time since last request: 0.000677 seconds.
  path: Assets/CastlePack/Materials/Fire.mat
  artifactKey: Guid(bd2a786a620f4494b856e9dad310afe4) Importer(815301076,1909f56bfc062723c751e8b465ee728b)
Start importing Assets/CastlePack/Materials/Fire.mat using Guid(bd2a786a620f4494b856e9dad310afe4) Importer(815301076,1909f56bfc062723c751e8b465ee728b)  -> (artifact id: 'ce45fc4a4bd42a5bcca83b5b916cb2db') in 0.130136 seconds 
  Import took 0.161411 seconds .

========================================================================
Received Import Request.
  Time since last request: 0.001009 seconds.
  path: Assets/CastlePack/FBX/Walls/Walllvl5.fbx
  artifactKey: Guid(eb7227d8cd802e2499008bf82671a5b5) Importer(815301076,1909f56bfc062723c751e8b465ee728b)
Start importing Assets/CastlePack/FBX/Walls/Walllvl5.fbx using Guid(eb7227d8cd802e2499008bf82671a5b5) Importer(815301076,1909f56bfc062723c751e8b465ee728b)  -> (artifact id: 'ba4b50970cc6a8225a241179f0420488') in 0.977900 seconds 
  Import took 0.990841 seconds .

========================================================================
Received Import Request.
  Time since last request: 0.000691 seconds.
  path: Assets/CastlePack/FBX/Walls/Walllvl3.fbx
  artifactKey: Guid(f5366891190d6324280fd9921db8258c) Importer(815301076,1909f56bfc062723c751e8b465ee728b)
Start importing Assets/CastlePack/FBX/Walls/Walllvl3.fbx using Guid(f5366891190d6324280fd9921db8258c) Importer(815301076,1909f56bfc062723c751e8b465ee728b)  -> (artifact id: '3222b77c6198db529ed9fd7171ab1bab') in 0.853009 seconds 
  Import took 0.970950 seconds .

========================================================================
Received Import Request.
  Time since last request: 0.000806 seconds.
  path: Assets/CastlePack/Materials/Skybox.mat
  artifactKey: Guid(ca4063b229ef9344a9cbeeb1be8c0d4b) Importer(815301076,1909f56bfc062723c751e8b465ee728b)
Start importing Assets/CastlePack/Materials/Skybox.mat using Guid(ca4063b229ef9344a9cbeeb1be8c0d4b) Importer(815301076,1909f56bfc062723c751e8b465ee728b)  -> (artifact id: 'b5c80b47a1b90f49834d910ac5464cba') in 0.396569 seconds 
  Import took 0.404252 seconds .

========================================================================
Received Import Request.
  Time since last request: 0.000571 seconds.
  path: Assets/CastlePack/FBX/Walls/Walllvl6.fbx
  artifactKey: Guid(cf81940996266a5439684dffc1bb34b3) Importer(815301076,1909f56bfc062723c751e8b465ee728b)
Start importing Assets/CastlePack/FBX/Walls/Walllvl6.fbx using Guid(cf81940996266a5439684dffc1bb34b3) Importer(815301076,1909f56bfc062723c751e8b465ee728b)  -> (artifact id: '20bd9ab38f19c6bb8a631c7e12e273e4') in 1.773529 seconds 
  Import took 1.809203 seconds .

========================================================================
Received Import Request.
  Time since last request: 0.009129 seconds.
  path: Assets/CastlePack/Materials/Stone.mat
  artifactKey: Guid(101574efcd718344c99c859c010fad3b) Importer(815301076,1909f56bfc062723c751e8b465ee728b)
Start importing Assets/CastlePack/Materials/Stone.mat using Guid(101574efcd718344c99c859c010fad3b) Importer(815301076,1909f56bfc062723c751e8b465ee728b)  -> (artifact id: 'bece36503c88e01125cffa99007f053f') in 0.259170 seconds 
  Import took 0.291500 seconds .

========================================================================
Received Import Request.
  Time since last request: 76.621972 seconds.
  path: Assets/ForMyGame/Prefabs/mageAtack/fireballvfx.prefab
  artifactKey: Guid(20dafee3cc1cacb489bde7797f1e7167) Importer(815301076,1909f56bfc062723c751e8b465ee728b)
Start importing Assets/ForMyGame/Prefabs/mageAtack/fireballvfx.prefab using Guid(20dafee3cc1cacb489bde7797f1e7167) Importer(815301076,1909f56bfc062723c751e8b465ee728b)  -> (artifact id: 'c259d27ee84f4fb6e0cf4c4f4313e6ca') in 0.733483 seconds 
  Import took 0.780175 seconds .

========================================================================
Received Import Request.
  Time since last request: 328.651461 seconds.
  path: Assets/RPG Monster Duo PBR Polyart/Textures/PBRSlimeAlbedo.png
  artifactKey: Guid(0f625c9ed25ed7c479d59c9a7e72177b) Importer(815301076,1909f56bfc062723c751e8b465ee728b)
Start importing Assets/RPG Monster Duo PBR Polyart/Textures/PBRSlimeAlbedo.png using Guid(0f625c9ed25ed7c479d59c9a7e72177b) Importer(815301076,1909f56bfc062723c751e8b465ee728b)  -> (artifact id: '05f28afbdb0506f4daf56175d8a79cd6') in 1.445677 seconds 
  Import took 1.472841 seconds .

========================================================================
Received Import Request.
  Time since last request: 0.001277 seconds.
  path: Assets/RPG Monster Duo PBR Polyart/Textures/PBRTurtleShellAO.png
  artifactKey: Guid(a469451b6efe62649a2ad1eaf645e7a3) Importer(815301076,1909f56bfc062723c751e8b465ee728b)
Start importing Assets/RPG Monster Duo PBR Polyart/Textures/PBRTurtleShellAO.png using Guid(a469451b6efe62649a2ad1eaf645e7a3) Importer(815301076,1909f56bfc062723c751e8b465ee728b)  -> (artifact id: '0482db10886428a5bbb7c1e3edd41d69') in 0.199587 seconds 
  Import took 0.227346 seconds .

========================================================================
Received Import Request.
  Time since last request: 0.000813 seconds.
  path: Assets/RPG Monster Duo PBR Polyart/Textures/PolyartDefaultTex.png
  artifactKey: Guid(19bb4fe4d3f7dc640907e64ce8d1865c) Importer(815301076,1909f56bfc062723c751e8b465ee728b)
Start importing Assets/RPG Monster Duo PBR Polyart/Textures/PolyartDefaultTex.png using Guid(19bb4fe4d3f7dc640907e64ce8d1865c) Importer(815301076,1909f56bfc062723c751e8b465ee728b)  -> (artifact id: '11cddffc26b205bd8e9d967a79fab933') in 0.120365 seconds 
  Import took 0.156848 seconds .

========================================================================
Received Import Request.
  Time since last request: 0.000694 seconds.
  path: Assets/RPG Monster Duo PBR Polyart/Textures/PBRSlimeAO.png
  artifactKey: Guid(ea614ba314598d14ebe9e9cdff6a47cd) Importer(815301076,1909f56bfc062723c751e8b465ee728b)
Start importing Assets/RPG Monster Duo PBR Polyart/Textures/PBRSlimeAO.png using Guid(ea614ba314598d14ebe9e9cdff6a47cd) Importer(815301076,1909f56bfc062723c751e8b465ee728b)  -> (artifact id: '041e6239d3ff33be36a064eac86f0936') in 0.176040 seconds 
  Import took 0.190812 seconds .

========================================================================
Received Import Request.
  Time since last request: 0.000771 seconds.
  path: Assets/RPG Monster Duo PBR Polyart/Textures/PBRTurtleShellNormal.png
  artifactKey: Guid(86f7e285a9594474785378ee66ed8b93) Importer(815301076,1909f56bfc062723c751e8b465ee728b)
Start importing Assets/RPG Monster Duo PBR Polyart/Textures/PBRTurtleShellNormal.png using Guid(86f7e285a9594474785378ee66ed8b93) Importer(815301076,1909f56bfc062723c751e8b465ee728b)  -> (artifact id: '1fc84538eb8024b472d2ea9050843047') in 0.199280 seconds 
  Import took 0.234710 seconds .

========================================================================
Received Import Request.
  Time since last request: 0.000908 seconds.
  path: Assets/RPG Monster Duo PBR Polyart/Textures/PBRTurtleShellMetalicSmoothness.png
  artifactKey: Guid(7976e834fdd8a3a43843322f15ca5ffe) Importer(815301076,1909f56bfc062723c751e8b465ee728b)
Start importing Assets/RPG Monster Duo PBR Polyart/Textures/PBRTurtleShellMetalicSmoothness.png using Guid(7976e834fdd8a3a43843322f15ca5ffe) Importer(815301076,1909f56bfc062723c751e8b465ee728b)  -> (artifact id: 'ef39fc5d806efa98657f780a3652aec1') in 0.142727 seconds 
  Import took 0.164578 seconds .

========================================================================
Received Import Request.
  Time since last request: 0.000854 seconds.
  path: Assets/RPG Monster Duo PBR Polyart/Textures/PBRSlimeNormal.png
  artifactKey: Guid(18abd5f4e9c11924a95611d5a0813704) Importer(815301076,1909f56bfc062723c751e8b465ee728b)
Start importing Assets/RPG Monster Duo PBR Polyart/Textures/PBRSlimeNormal.png using Guid(18abd5f4e9c11924a95611d5a0813704) Importer(815301076,1909f56bfc062723c751e8b465ee728b)  -> (artifact id: 'a41f1e43ae591a23b1afc3e939e66323') in 0.147040 seconds 
  Import took 0.163062 seconds .

========================================================================
Received Import Request.
  Time since last request: 0.000797 seconds.
  path: Assets/RPG Monster Duo PBR Polyart/Textures/PBRTurtleShellAlbedo.png
  artifactKey: Guid(8d1af929e130869459814fc6a74e0a3b) Importer(815301076,1909f56bfc062723c751e8b465ee728b)
Start importing Assets/RPG Monster Duo PBR Polyart/Textures/PBRTurtleShellAlbedo.png using Guid(8d1af929e130869459814fc6a74e0a3b) Importer(815301076,1909f56bfc062723c751e8b465ee728b)  -> (artifact id: '8c217d195198ae2f3ae6ae3b6450d5a3') in 0.181536 seconds 
  Import took 0.207270 seconds .

========================================================================
Received Import Request.
  Time since last request: 0.000841 seconds.
  path: Assets/RPG Monster Duo PBR Polyart/Textures/PBRSlimeMetallicSmoothness.png
  artifactKey: Guid(55ceae9efe5bd70448ee58c1d30bb773) Importer(815301076,1909f56bfc062723c751e8b465ee728b)
Start importing Assets/RPG Monster Duo PBR Polyart/Textures/PBRSlimeMetallicSmoothness.png using Guid(55ceae9efe5bd70448ee58c1d30bb773) Importer(815301076,1909f56bfc062723c751e8b465ee728b)  -> (artifact id: '640e59e7c4fd455043750b59f325997a') in 0.172730 seconds 
  Import took 0.185540 seconds .

========================================================================
Received Import Request.
  Time since last request: 17.973246 seconds.
  path: Assets/Tower/Moduls/wall_gateHalf.fbx
  artifactKey: Guid(fdfcbe543ae8e1c43882bc4d9e0c7f73) Importer(815301076,1909f56bfc062723c751e8b465ee728b)
Start importing Assets/Tower/Moduls/wall_gateHalf.fbx using Guid(fdfcbe543ae8e1c43882bc4d9e0c7f73) Importer(815301076,1909f56bfc062723c751e8b465ee728b)  -> (artifact id: '0485d46458dad40c5a60dff020492d80') in 0.355167 seconds 
  Import took 0.374896 seconds .

========================================================================
Received Import Request.
  Time since last request: 0.000616 seconds.
  path: Assets/Tower/Moduls/wall_half.fbx
  artifactKey: Guid(b439b1dca3a906e44befc1f0f9c424f8) Importer(815301076,1909f56bfc062723c751e8b465ee728b)
Start importing Assets/Tower/Moduls/wall_half.fbx using Guid(b439b1dca3a906e44befc1f0f9c424f8) Importer(815301076,1909f56bfc062723c751e8b465ee728b)  -> (artifact id: 'fb43df8558e5b25f5b7d2819c0e9fa1b') in 0.228688 seconds 
  Import took 0.243495 seconds .

========================================================================
Received Import Request.
  Time since last request: 0.000796 seconds.
  path: Assets/Tower/Moduls/wallFortifiedPaint_half.fbx
  artifactKey: Guid(f9913e93d8878a242ae08c6a0395691b) Importer(815301076,1909f56bfc062723c751e8b465ee728b)
Start importing Assets/Tower/Moduls/wallFortifiedPaint_half.fbx using Guid(f9913e93d8878a242ae08c6a0395691b) Importer(815301076,1909f56bfc062723c751e8b465ee728b)  -> (artifact id: 'ed88bf44263206a46de3be10d504336e') in 0.266035 seconds 
  Import took 0.278908 seconds .

========================================================================
Received Import Request.
  Time since last request: 0.000893 seconds.
  path: Assets/Tower/Moduls/wallFortifiedPaint_gate.fbx
  artifactKey: Guid(7428682a25ebf2c4ab2a725c80dbb222) Importer(815301076,1909f56bfc062723c751e8b465ee728b)
Start importing Assets/Tower/Moduls/wallFortifiedPaint_gate.fbx using Guid(7428682a25ebf2c4ab2a725c80dbb222) Importer(815301076,1909f56bfc062723c751e8b465ee728b)  -> (artifact id: '25561c1ceeb9cc9a3f8efceb9cdb546d') in 0.287963 seconds 
  Import took 0.303994 seconds .

========================================================================
Received Import Request.
  Time since last request: 0.000831 seconds.
  path: Assets/Tower/Moduls/wallPaint_half.fbx
  artifactKey: Guid(71f0849ad63cc7d4587d3d5d71e98e0a) Importer(815301076,1909f56bfc062723c751e8b465ee728b)
Start importing Assets/Tower/Moduls/wallPaint_half.fbx using Guid(71f0849ad63cc7d4587d3d5d71e98e0a) Importer(815301076,1909f56bfc062723c751e8b465ee728b)  -> (artifact id: 'ed9e6a97bcc01d8f93bf3e8584bcef34') in 0.211282 seconds 
  Import took 0.226437 seconds .

========================================================================
Received Import Request.
  Time since last request: 0.000864 seconds.
  path: Assets/Tower/Moduls/wallFortified_gateHalf.fbx
  artifactKey: Guid(0b03ec64c72961c46a5695b6609cc53d) Importer(815301076,1909f56bfc062723c751e8b465ee728b)
Start importing Assets/Tower/Moduls/wallFortified_gateHalf.fbx using Guid(0b03ec64c72961c46a5695b6609cc53d) Importer(815301076,1909f56bfc062723c751e8b465ee728b)  -> (artifact id: 'fabe17d9d09e94d04968441121f5deef') in 0.265229 seconds 
  Import took 0.279128 seconds .

========================================================================
Received Import Request.
  Time since last request: 0.000797 seconds.
  path: Assets/Tower/Moduls/wallPaint_flat.fbx
  artifactKey: Guid(fbc9639c2632c5f499282784ee999a71) Importer(815301076,1909f56bfc062723c751e8b465ee728b)
Start importing Assets/Tower/Moduls/wallPaint_flat.fbx using Guid(fbc9639c2632c5f499282784ee999a71) Importer(815301076,1909f56bfc062723c751e8b465ee728b)  -> (artifact id: '3add5a5b53731ca07cd7ab19b14e78f1') in 0.284414 seconds 
  Import took 0.311465 seconds .

========================================================================
Received Import Request.
  Time since last request: 0.001097 seconds.
  path: Assets/Tower/Moduls/wallFortified.fbx
  artifactKey: Guid(6402850882a8caf45a29511332e604d6) Importer(815301076,1909f56bfc062723c751e8b465ee728b)
Start importing Assets/Tower/Moduls/wallFortified.fbx using Guid(6402850882a8caf45a29511332e604d6) Importer(815301076,1909f56bfc062723c751e8b465ee728b)  -> (artifact id: '4249d5b02f8e12ba046654c7cfa15959') in 0.318221 seconds 
  Import took 0.353570 seconds .

========================================================================
Received Import Request.
  Time since last request: 0.000795 seconds.
  path: Assets/Tower/Moduls/wallFortifiedPaint.fbx
  artifactKey: Guid(89115e4f02fe9874ba556c2e42933b13) Importer(815301076,1909f56bfc062723c751e8b465ee728b)
Start importing Assets/Tower/Moduls/wallFortifiedPaint.fbx using Guid(89115e4f02fe9874ba556c2e42933b13) Importer(815301076,1909f56bfc062723c751e8b465ee728b)  -> (artifact id: 'ba9e9fe34fc6596d0e7ac87a3bb792f5') in 0.243877 seconds 
  Import took 0.267867 seconds .

========================================================================
Received Import Request.
  Time since last request: 0.001153 seconds.
  path: Assets/Tower/Moduls/wallFortified_gate.fbx
  artifactKey: Guid(444b31010ca051642aa081028485eb7e) Importer(815301076,1909f56bfc062723c751e8b465ee728b)
Start importing Assets/Tower/Moduls/wallFortified_gate.fbx using Guid(444b31010ca051642aa081028485eb7e) Importer(815301076,1909f56bfc062723c751e8b465ee728b)  -> (artifact id: '6d91f138e8038313e0391f1076d4c48e') in 0.264130 seconds 
  Import took 0.277814 seconds .

========================================================================
Received Import Request.
  Time since last request: 0.000870 seconds.
  path: Assets/Tower/Moduls/wallPaint_detail.fbx
  artifactKey: Guid(63746731086a6a64c86a0cd3e1b08f10) Importer(815301076,1909f56bfc062723c751e8b465ee728b)
Start importing Assets/Tower/Moduls/wallPaint_detail.fbx using Guid(63746731086a6a64c86a0cd3e1b08f10) Importer(815301076,1909f56bfc062723c751e8b465ee728b)  -> (artifact id: '3f1d06c8ec7845ffe2d20e36937a6464') in 0.277952 seconds 
  Import took 0.289908 seconds .

========================================================================
Received Import Request.
  Time since last request: 0.000934 seconds.
  path: Assets/Tower/Moduls/wallFortified_half.fbx
  artifactKey: Guid(3dd1543033924c44dbf3557ef069cec0) Importer(815301076,1909f56bfc062723c751e8b465ee728b)
Start importing Assets/Tower/Moduls/wallFortified_half.fbx using Guid(3dd1543033924c44dbf3557ef069cec0) Importer(815301076,1909f56bfc062723c751e8b465ee728b)  -> (artifact id: '9c5676096a4d486c114b8c2c7dfacfe8') in 0.279159 seconds 
  Import took 0.291619 seconds .

========================================================================
Received Import Request.
  Time since last request: 0.000963 seconds.
  path: Assets/Tower/Moduls/wall_low.fbx
  artifactKey: Guid(6e1d446b3b8dce3449c47c6b4570333f) Importer(815301076,1909f56bfc062723c751e8b465ee728b)
Start importing Assets/Tower/Moduls/wall_low.fbx using Guid(6e1d446b3b8dce3449c47c6b4570333f) Importer(815301076,1909f56bfc062723c751e8b465ee728b)  -> (artifact id: '13d10d737253399476a888957446eba5') in 0.216513 seconds 
  Import took 0.249824 seconds .

========================================================================
Received Import Request.
  Time since last request: 0.000896 seconds.
  path: Assets/Tower/Moduls/wallPaint.fbx
  artifactKey: Guid(5f18f37e47e4a334a9a0ff357c0d63c9) Importer(815301076,1909f56bfc062723c751e8b465ee728b)
Start importing Assets/Tower/Moduls/wallPaint.fbx using Guid(5f18f37e47e4a334a9a0ff357c0d63c9) Importer(815301076,1909f56bfc062723c751e8b465ee728b)  -> (artifact id: '33456ff67eb3ba8aa5b6b0c31a64ff09') in 0.243051 seconds 
  Import took 0.392742 seconds .

========================================================================
Received Import Request.
  Time since last request: 0.001079 seconds.
  path: Assets/Tower/Texture/Materials/bricks.mat
  artifactKey: Guid(cea87ffde9b44f840a09d3a55ed7d365) Importer(815301076,1909f56bfc062723c751e8b465ee728b)
Start importing Assets/Tower/Texture/Materials/bricks.mat using Guid(cea87ffde9b44f840a09d3a55ed7d365) Importer(815301076,1909f56bfc062723c751e8b465ee728b)  -> (artifact id: '1ccaa3f038867dad3a72e7582e7c561d') in 0.209314 seconds 
  Import took 0.236537 seconds .

========================================================================
Received Import Request.
  Time since last request: 0.000896 seconds.
  path: Assets/Tower/Moduls/wallPaint_gate.fbx
  artifactKey: Guid(5e173a656cc64754f87d0242f238faae) Importer(815301076,1909f56bfc062723c751e8b465ee728b)
Start importing Assets/Tower/Moduls/wallPaint_gate.fbx using Guid(5e173a656cc64754f87d0242f238faae) Importer(815301076,1909f56bfc062723c751e8b465ee728b)  -> (artifact id: 'bd77e2ff21d2b80c3bf2801cf3851478') in 0.252835 seconds 
  Import took 0.275770 seconds .

========================================================================
Received Import Request.
  Time since last request: 12.474208 seconds.
  path: Assets/FourEvilDragonsHP/Prefab
  artifactKey: Guid(4375e93352605df4cbdaa1c202fbe8e6) Importer(815301076,1909f56bfc062723c751e8b465ee728b)
Start importing Assets/FourEvilDragonsHP/Prefab using Guid(4375e93352605df4cbdaa1c202fbe8e6) Importer(815301076,1909f56bfc062723c751e8b465ee728b)  -> (artifact id: '99c837a094e543a11ee21dc40f5f7fc3') in 0.057298 seconds 
  Import took 0.083237 seconds .

========================================================================
Received Import Request.
  Time since last request: 0.948681 seconds.
  path: Assets/FourEvilDragonsHP/Prefab/DragonNightmare
  artifactKey: Guid(8dbb47dd5a279ff48ae42d51c9373f57) Importer(815301076,1909f56bfc062723c751e8b465ee728b)
Start importing Assets/FourEvilDragonsHP/Prefab/DragonNightmare using Guid(8dbb47dd5a279ff48ae42d51c9373f57) Importer(815301076,1909f56bfc062723c751e8b465ee728b)  -> (artifact id: 'd2817e6160c69b49553b82da35b80d66') in 0.062177 seconds 
  Import took 0.112384 seconds .

========================================================================
Received Prepare
Registering precompiled user dll's ...
Registered in 0.240197 seconds.
Begin MonoManager ReloadAssembly
Native extension for WindowsStandalone target not found
Native extension for WebGL target not found
Refreshing native plugins compatible for Editor in 1.43 ms, found 2 plugins.
Preloading 0 native plugins for Editor in 0.00 ms.
Mono: successfully reloaded assembly
- Completed reload, in  5.959 seconds
Domain Reload Profiling:
	ReloadAssembly (5963ms)
		BeginReloadAssembly (1982ms)
			ExecutionOrderSort (0ms)
			DisableScriptedObjects (495ms)
			BackupInstance (0ms)
			ReleaseScriptingObjects (0ms)
			CreateAndSetChildDomain (873ms)
		EndReloadAssembly (3698ms)
			LoadAssemblies (635ms)
			RebuildTransferFunctionScriptingTraits (5ms)
			SetupTypeCache (1319ms)
			ReleaseScriptCaches (2ms)
			RebuildScriptCaches (163ms)
			SetupLoadedEditorAssemblies (1225ms)
				LogAssemblyErrors (0ms)
				InitializePlatformSupportModulesInManaged (28ms)
				SetLoadedEditorAssemblies (2ms)
				RefreshPlugins (2ms)
				BeforeProcessingInitializeOnLoad (302ms)
				ProcessInitializeOnLoadAttributes (829ms)
				ProcessInitializeOnLoadMethodAttributes (32ms)
				AfterProcessingInitializeOnLoad (29ms)
				EditorAssembliesLoaded (1ms)
			ExecutionOrderSort2 (0ms)
			AwakeInstancesAfterBackupRestoration (25ms)
Platform modules already initialized, skipping
Refreshing native plugins compatible for Editor in 8.86 ms, found 2 plugins.
Preloading 0 native plugins for Editor in 0.00 ms.
Unloading 1507 Unused Serialized files (Serialized files now loaded: 0)
System memory in use before: 101.9 MB.
System memory in use after: 102.0 MB.

Unloading 15 unused Assets to reduce memory usage. Loaded Objects now: 2030.
Total: 10.329000 ms (FindLiveObjects: 1.062000 ms CreateObjectMapping: 0.306200 ms MarkObjects: 8.833800 ms  DeleteObjects: 0.121500 ms)

AssetImportParameters requested are different than current active one (requested -> active):
  custom:framework-win-MediaFoundation: 216162199b28c13a410421893ffa2e32 -> 
  custom:video-decoder-ogg-theora: a1e56fd34408186e4bbccfd4996cb3dc -> 
  custom:container-muxer-webm: aa71ff27fc2769a1b78a27578f13a17b -> 
  custom:container-demuxer-webm: 4f35f7cbe854078d1ac9338744f61a02 -> 
  custom:container-demuxer-ogg: 62fdf1f143b41e24485cea50d1cbac27 -> 
  custom:video-encoder-webm-vp8: eb34c28f22e8b96e1ab97ce403110664 -> 
  custom:video-codec-MediaFoundation-h265: 746d11721c4dcdbdad8f713fa42b33f4 -> 
  custom:video-decoder-webm-vp8: 9c59270c3fd7afecdb556c50c9e8de78 -> 
  custom:audio-decoder-ogg-vorbis: bf7c407c2cedff20999df2af8eb42d56 -> 
  custom:audio-encoder-webm-vorbis: bf7c407c2cedff20999df2af8eb42d56 -> 
========================================================================
Received Import Request.
  Time since last request: 1659.373947 seconds.
  path: Assets/ForMyGame/Sence/MainScence.unity
  artifactKey: Guid(e17f812c3115e554ca4578b8c7093b8b) Importer(815301076,1909f56bfc062723c751e8b465ee728b)
Start importing Assets/ForMyGame/Sence/MainScence.unity using Guid(e17f812c3115e554ca4578b8c7093b8b) Importer(815301076,1909f56bfc062723c751e8b465ee728b)  -> (artifact id: 'b087ba3a9244dd40a5c6bf6f66b4d11f') in 0.733729 seconds 
  Import took 1.105315 seconds .

========================================================================
Received Prepare
Registering precompiled user dll's ...
Registered in 0.080509 seconds.
Begin MonoManager ReloadAssembly
Native extension for WindowsStandalone target not found
Native extension for WebGL target not found
Refreshing native plugins compatible for Editor in 3.90 ms, found 2 plugins.
Preloading 0 native plugins for Editor in 0.00 ms.
Mono: successfully reloaded assembly
- Completed reload, in  6.078 seconds
Domain Reload Profiling:
	ReloadAssembly (6089ms)
		BeginReloadAssembly (898ms)
			ExecutionOrderSort (0ms)
			DisableScriptedObjects (98ms)
			BackupInstance (0ms)
			ReleaseScriptingObjects (0ms)
			CreateAndSetChildDomain (377ms)
		EndReloadAssembly (4827ms)
			LoadAssemblies (524ms)
			RebuildTransferFunctionScriptingTraits (1ms)
			SetupTypeCache (1568ms)
			ReleaseScriptCaches (4ms)
			RebuildScriptCaches (387ms)
			SetupLoadedEditorAssemblies (1589ms)
				LogAssemblyErrors (0ms)
				InitializePlatformSupportModulesInManaged (34ms)
				SetLoadedEditorAssemblies (3ms)
				RefreshPlugins (4ms)
				BeforeProcessingInitializeOnLoad (373ms)
				ProcessInitializeOnLoadAttributes (1094ms)
				ProcessInitializeOnLoadMethodAttributes (44ms)
				AfterProcessingInitializeOnLoad (35ms)
				EditorAssembliesLoaded (1ms)
			ExecutionOrderSort2 (0ms)
			AwakeInstancesAfterBackupRestoration (32ms)
Platform modules already initialized, skipping
Refreshing native plugins compatible for Editor in 3.68 ms, found 2 plugins.
Preloading 0 native plugins for Editor in 0.00 ms.
Unloading 1507 Unused Serialized files (Serialized files now loaded: 0)
System memory in use before: 101.9 MB.
System memory in use after: 102.0 MB.

Unloading 14 unused Assets to reduce memory usage. Loaded Objects now: 2032.
Total: 25.871800 ms (FindLiveObjects: 1.317800 ms CreateObjectMapping: 4.598000 ms MarkObjects: 19.754900 ms  DeleteObjects: 0.195000 ms)

AssetImportParameters requested are different than current active one (requested -> active):
  custom:framework-win-MediaFoundation: 216162199b28c13a410421893ffa2e32 -> 
  custom:video-decoder-ogg-theora: a1e56fd34408186e4bbccfd4996cb3dc -> 
  custom:container-muxer-webm: aa71ff27fc2769a1b78a27578f13a17b -> 
  custom:container-demuxer-webm: 4f35f7cbe854078d1ac9338744f61a02 -> 
  custom:container-demuxer-ogg: 62fdf1f143b41e24485cea50d1cbac27 -> 
  custom:video-encoder-webm-vp8: eb34c28f22e8b96e1ab97ce403110664 -> 
  custom:video-codec-MediaFoundation-h265: 746d11721c4dcdbdad8f713fa42b33f4 -> 
  custom:video-decoder-webm-vp8: 9c59270c3fd7afecdb556c50c9e8de78 -> 
  custom:audio-decoder-ogg-vorbis: bf7c407c2cedff20999df2af8eb42d56 -> 
  custom:audio-encoder-webm-vorbis: bf7c407c2cedff20999df2af8eb42d56 -> 
========================================================================
Received Import Request.
  Time since last request: 2679.535348 seconds.
  path: Assets/ForMyGame/Prefabs/UI/artistic.jpg
  artifactKey: Guid(008c7f160db0fb54d88e82d047f27f3b) Importer(815301076,1909f56bfc062723c751e8b465ee728b)
Start importing Assets/ForMyGame/Prefabs/UI/artistic.jpg using Guid(008c7f160db0fb54d88e82d047f27f3b) Importer(815301076,1909f56bfc062723c751e8b465ee728b)  -> (artifact id: '1766cac85d88f304ef6d85209d54ef3b') in 0.736146 seconds 
  Import took 0.834115 seconds .

========================================================================
Received Import Request.
  Time since last request: 18.771027 seconds.
  path: Assets/ForMyGame/Prefabs/UI/artistic.jpg
  artifactKey: Guid(008c7f160db0fb54d88e82d047f27f3b) Importer(815301076,1909f56bfc062723c751e8b465ee728b)
Start importing Assets/ForMyGame/Prefabs/UI/artistic.jpg using Guid(008c7f160db0fb54d88e82d047f27f3b) Importer(815301076,1909f56bfc062723c751e8b465ee728b)  -> (artifact id: '65cce33fa4a86b0dc85567089c84336b') in 0.622964 seconds 
  Import took 0.648594 seconds .

