Using pre-set license
Built from '2020.3/staging' branch; Version is '2020.3.23f1 (c5d91304a876) revision 12966163'; Using compiler version '192528614'; Build Type 'Release'
OS: 'Windows 10 Home Single Language; OS build 19042.1526; Version 2009; 64bit' Language: 'ru' Physical Memory: 4009 MB
BatchMode: 1, IsHumanControllingUs: 0, StartBugReporterOnCrash: 0, Is64bit: 1, IsPro: 0

COMMAND LINE ARGUMENTS:
C:\Program Files\Unity\Hub\Editor\2020.3.23f1\Editor\Unity.exe
-adb2
-batchMode
-noUpm
-name
AssetImportWorker5
-projectPath
C:/Users/alecs/Desktop/MYYYYYYYYYYYYYYYYYYYYYYYYY/EconomicTowerSSSSSSSSSSSSSSSSSSSSS/EconomicTower
-logFile
Logs/AssetImportWorker5.log
-srvPort
53650
Successfully changed project path to: C:/Users/alecs/Desktop/MYYYYYYYYYYYYYYYYYYYYYYYYY/EconomicTowerSSSSSSSSSSSSSSSSSSSSS/EconomicTower
C:/Users/alecs/Desktop/MYYYYYYYYYYYYYYYYYYYYYYYYY/EconomicTowerSSSSSSSSSSSSSSSSSSSSS/EconomicTower
Using Asset Import Pipeline V2.
Refreshing native plugins compatible for Editor in 195.84 ms, found 2 plugins.
Preloading 0 native plugins for Editor in 0.00 ms.
Initialize engine version: 2020.3.23f1 (c5d91304a876)
[Subsystems] Discovering subsystems at path C:/Program Files/Unity/Hub/Editor/2020.3.23f1/Editor/Data/Resources/UnitySubsystems
[Subsystems] Discovering subsystems at path C:/Users/alecs/Desktop/MYYYYYYYYYYYYYYYYYYYYYYYYY/EconomicTowerSSSSSSSSSSSSSSSSSSSSS/EconomicTower/Assets
GfxDevice: creating device client; threaded=0
Direct3D:
    Version:  Direct3D 11.0 [level 11.1]
    Renderer: Intel(R) HD Graphics (ID=0x22b1)
    Vendor:   
    VRAM:     2004 MB
    Driver:   20.19.15.4835
Initialize mono
Mono path[0] = 'C:/Program Files/Unity/Hub/Editor/2020.3.23f1/Editor/Data/Managed'
Mono path[1] = 'C:/Program Files/Unity/Hub/Editor/2020.3.23f1/Editor/Data/MonoBleedingEdge/lib/mono/unityjit'
Mono config path = 'C:/Program Files/Unity/Hub/Editor/2020.3.23f1/Editor/Data/MonoBleedingEdge/etc'
Using monoOptions --debugger-agent=transport=dt_socket,embedding=1,server=y,suspend=n,address=127.0.0.1:56852
Begin MonoManager ReloadAssembly
Registering precompiled unity dll's ...
Register platform support module: C:/Program Files/Unity/Hub/Editor/2020.3.23f1/Editor/Data/PlaybackEngines/WebGLSupport/UnityEditor.WebGL.Extensions.dll
Register platform support module: C:/Program Files/Unity/Hub/Editor/2020.3.23f1/Editor/Data/PlaybackEngines/WindowsStandaloneSupport/UnityEditor.WindowsStandalone.Extensions.dll
Registered in 0.010578 seconds.
Native extension for WindowsStandalone target not found
Native extension for WebGL target not found
Refreshing native plugins compatible for Editor in 162.75 ms, found 2 plugins.
Preloading 0 native plugins for Editor in 0.00 ms.
Mono: successfully reloaded assembly
- Completed reload, in  2.506 seconds
Domain Reload Profiling:
	ReloadAssembly (2507ms)
		BeginReloadAssembly (236ms)
			ExecutionOrderSort (0ms)
			DisableScriptedObjects (0ms)
			BackupInstance (0ms)
			ReleaseScriptingObjects (0ms)
			CreateAndSetChildDomain (4ms)
		EndReloadAssembly (1952ms)
			LoadAssemblies (226ms)
			RebuildTransferFunctionScriptingTraits (0ms)
			SetupTypeCache (681ms)
			ReleaseScriptCaches (0ms)
			RebuildScriptCaches (129ms)
			SetupLoadedEditorAssemblies (714ms)
				LogAssemblyErrors (0ms)
				InitializePlatformSupportModulesInManaged (20ms)
				SetLoadedEditorAssemblies (1ms)
				RefreshPlugins (163ms)
				BeforeProcessingInitializeOnLoad (66ms)
				ProcessInitializeOnLoadAttributes (345ms)
				ProcessInitializeOnLoadMethodAttributes (118ms)
				AfterProcessingInitializeOnLoad (0ms)
				EditorAssembliesLoaded (1ms)
			ExecutionOrderSort2 (0ms)
			AwakeInstancesAfterBackupRestoration (0ms)
Platform modules already initialized, skipping
Registering precompiled user dll's ...
Registered in 0.024451 seconds.
Begin MonoManager ReloadAssembly
Native extension for WindowsStandalone target not found
Native extension for WebGL target not found
Refreshing native plugins compatible for Editor in 1.50 ms, found 2 plugins.
Preloading 0 native plugins for Editor in 0.00 ms.
Mono: successfully reloaded assembly
- Completed reload, in  4.447 seconds
Domain Reload Profiling:
	ReloadAssembly (4450ms)
		BeginReloadAssembly (613ms)
			ExecutionOrderSort (0ms)
			DisableScriptedObjects (17ms)
			BackupInstance (0ms)
			ReleaseScriptingObjects (0ms)
			CreateAndSetChildDomain (62ms)
		EndReloadAssembly (3565ms)
			LoadAssemblies (377ms)
			RebuildTransferFunctionScriptingTraits (0ms)
			SetupTypeCache (1286ms)
			ReleaseScriptCaches (1ms)
			RebuildScriptCaches (195ms)
			SetupLoadedEditorAssemblies (1309ms)
				LogAssemblyErrors (0ms)
				InitializePlatformSupportModulesInManaged (20ms)
				SetLoadedEditorAssemblies (3ms)
				RefreshPlugins (2ms)
				BeforeProcessingInitializeOnLoad (359ms)
				ProcessInitializeOnLoadAttributes (862ms)
				ProcessInitializeOnLoadMethodAttributes (34ms)
				AfterProcessingInitializeOnLoad (29ms)
				EditorAssembliesLoaded (1ms)
			ExecutionOrderSort2 (0ms)
			AwakeInstancesAfterBackupRestoration (26ms)
Platform modules already initialized, skipping
========================================================================
Worker process is ready to serve import requests
Launched and connected shader compiler UnityShaderCompiler.exe after 0.91 seconds
Refreshing native plugins compatible for Editor in 2.39 ms, found 2 plugins.
Preloading 0 native plugins for Editor in 0.00 ms.
Unloading 1614 Unused Serialized files (Serialized files now loaded: 0)
System memory in use before: 75.8 MB.
System memory in use after: 75.9 MB.

Unloading 20 unused Assets to reduce memory usage. Loaded Objects now: 2047.
Total: 18.307000 ms (FindLiveObjects: 0.907400 ms CreateObjectMapping: 0.290100 ms MarkObjects: 16.718700 ms  DeleteObjects: 0.384100 ms)

AssetImportParameters requested are different than current active one (requested -> active):
  custom:framework-win-MediaFoundation: 216162199b28c13a410421893ffa2e32 -> 
  custom:video-decoder-ogg-theora: a1e56fd34408186e4bbccfd4996cb3dc -> 
  custom:container-muxer-webm: aa71ff27fc2769a1b78a27578f13a17b -> 
  custom:container-demuxer-webm: 4f35f7cbe854078d1ac9338744f61a02 -> 
  custom:container-demuxer-ogg: 62fdf1f143b41e24485cea50d1cbac27 -> 
  custom:video-encoder-webm-vp8: eb34c28f22e8b96e1ab97ce403110664 -> 
  custom:video-codec-MediaFoundation-h265: 746d11721c4dcdbdad8f713fa42b33f4 -> 
  custom:video-decoder-webm-vp8: 9c59270c3fd7afecdb556c50c9e8de78 -> 
  custom:audio-decoder-ogg-vorbis: bf7c407c2cedff20999df2af8eb42d56 -> 
  custom:audio-encoder-webm-vorbis: bf7c407c2cedff20999df2af8eb42d56 -> 
========================================================================
Received Import Request.
  path: Assets/ForMyGame/Scripts/UIManagement/SettingsStopAll.cs
  artifactKey: Guid(570ac2142146a8d4dbb5190e746e483a) Importer(815301076,1909f56bfc062723c751e8b465ee728b)
Start importing Assets/ForMyGame/Scripts/UIManagement/SettingsStopAll.cs using Guid(570ac2142146a8d4dbb5190e746e483a) Importer(815301076,1909f56bfc062723c751e8b465ee728b)  -> (artifact id: '85add9ab4ae5f992f0ee8a46bbe1a461') in 1.492252 seconds 
  Import took 1.539987 seconds .

========================================================================
Received Prepare
Registering precompiled user dll's ...
Registered in 1.092573 seconds.
Begin MonoManager ReloadAssembly
Native extension for WindowsStandalone target not found
Native extension for WebGL target not found
Refreshing native plugins compatible for Editor in 1.44 ms, found 2 plugins.
Preloading 0 native plugins for Editor in 0.00 ms.
Mono: successfully reloaded assembly
- Completed reload, in  5.848 seconds
Domain Reload Profiling:
	ReloadAssembly (5853ms)
		BeginReloadAssembly (495ms)
			ExecutionOrderSort (0ms)
			DisableScriptedObjects (18ms)
			BackupInstance (0ms)
			ReleaseScriptingObjects (0ms)
			CreateAndSetChildDomain (106ms)
		EndReloadAssembly (5067ms)
			LoadAssemblies (1781ms)
			RebuildTransferFunctionScriptingTraits (0ms)
			SetupTypeCache (1315ms)
			ReleaseScriptCaches (3ms)
			RebuildScriptCaches (169ms)
			SetupLoadedEditorAssemblies (1347ms)
				LogAssemblyErrors (0ms)
				InitializePlatformSupportModulesInManaged (22ms)
				SetLoadedEditorAssemblies (2ms)
				RefreshPlugins (2ms)
				BeforeProcessingInitializeOnLoad (336ms)
				ProcessInitializeOnLoadAttributes (848ms)
				ProcessInitializeOnLoadMethodAttributes (104ms)
				AfterProcessingInitializeOnLoad (32ms)
				EditorAssembliesLoaded (1ms)
			ExecutionOrderSort2 (0ms)
			AwakeInstancesAfterBackupRestoration (27ms)
Platform modules already initialized, skipping
Refreshing native plugins compatible for Editor in 2.06 ms, found 2 plugins.
Preloading 0 native plugins for Editor in 0.00 ms.
Unloading 1591 Unused Serialized files (Serialized files now loaded: 0)
System memory in use before: 73.9 MB.
System memory in use after: 74.0 MB.

Unloading 15 unused Assets to reduce memory usage. Loaded Objects now: 2049.
Total: 9.540600 ms (FindLiveObjects: 0.638800 ms CreateObjectMapping: 0.167900 ms MarkObjects: 8.623400 ms  DeleteObjects: 0.104800 ms)

AssetImportParameters requested are different than current active one (requested -> active):
  custom:framework-win-MediaFoundation: 216162199b28c13a410421893ffa2e32 -> 
  custom:video-decoder-ogg-theora: a1e56fd34408186e4bbccfd4996cb3dc -> 
  custom:container-muxer-webm: aa71ff27fc2769a1b78a27578f13a17b -> 
  custom:container-demuxer-webm: 4f35f7cbe854078d1ac9338744f61a02 -> 
  custom:container-demuxer-ogg: 62fdf1f143b41e24485cea50d1cbac27 -> 
  custom:video-encoder-webm-vp8: eb34c28f22e8b96e1ab97ce403110664 -> 
  custom:video-codec-MediaFoundation-h265: 746d11721c4dcdbdad8f713fa42b33f4 -> 
  custom:video-decoder-webm-vp8: 9c59270c3fd7afecdb556c50c9e8de78 -> 
  custom:audio-decoder-ogg-vorbis: bf7c407c2cedff20999df2af8eb42d56 -> 
  custom:audio-encoder-webm-vorbis: bf7c407c2cedff20999df2af8eb42d56 -> 
========================================================================
Received Import Request.
  Time since last request: 1394.592624 seconds.
  path: Assets/ForMyGame/Scripts/UIManagement/SettingsStopAll.cs
  artifactKey: Guid(570ac2142146a8d4dbb5190e746e483a) Importer(815301076,1909f56bfc062723c751e8b465ee728b)
Start importing Assets/ForMyGame/Scripts/UIManagement/SettingsStopAll.cs using Guid(570ac2142146a8d4dbb5190e746e483a) Importer(815301076,1909f56bfc062723c751e8b465ee728b)  -> (artifact id: 'aeef4caf1ff6c31c0b9ce3eb0e322962') in 0.083602 seconds 
  Import took 0.340526 seconds .

========================================================================
Received Prepare
Registering precompiled user dll's ...
Registered in 0.092479 seconds.
Begin MonoManager ReloadAssembly
Native extension for WindowsStandalone target not found
Native extension for WebGL target not found
Refreshing native plugins compatible for Editor in 1.84 ms, found 2 plugins.
Preloading 0 native plugins for Editor in 0.00 ms.
Mono: successfully reloaded assembly
- Completed reload, in  4.551 seconds
Domain Reload Profiling:
	ReloadAssembly (4553ms)
		BeginReloadAssembly (402ms)
			ExecutionOrderSort (0ms)
			DisableScriptedObjects (19ms)
			BackupInstance (0ms)
			ReleaseScriptingObjects (0ms)
			CreateAndSetChildDomain (113ms)
		EndReloadAssembly (3871ms)
			LoadAssemblies (399ms)
			RebuildTransferFunctionScriptingTraits (0ms)
			SetupTypeCache (1311ms)
			ReleaseScriptCaches (2ms)
			RebuildScriptCaches (176ms)
			SetupLoadedEditorAssemblies (1450ms)
				LogAssemblyErrors (0ms)
				InitializePlatformSupportModulesInManaged (23ms)
				SetLoadedEditorAssemblies (2ms)
				RefreshPlugins (2ms)
				BeforeProcessingInitializeOnLoad (395ms)
				ProcessInitializeOnLoadAttributes (950ms)
				ProcessInitializeOnLoadMethodAttributes (39ms)
				AfterProcessingInitializeOnLoad (37ms)
				EditorAssembliesLoaded (1ms)
			ExecutionOrderSort2 (0ms)
			AwakeInstancesAfterBackupRestoration (38ms)
Platform modules already initialized, skipping
Refreshing native plugins compatible for Editor in 1.49 ms, found 2 plugins.
Preloading 0 native plugins for Editor in 0.00 ms.
Unloading 1591 Unused Serialized files (Serialized files now loaded: 0)
System memory in use before: 74.0 MB.
System memory in use after: 74.1 MB.

Unloading 15 unused Assets to reduce memory usage. Loaded Objects now: 2051.
Total: 11.073000 ms (FindLiveObjects: 0.778900 ms CreateObjectMapping: 0.301800 ms MarkObjects: 9.882200 ms  DeleteObjects: 0.104700 ms)

AssetImportParameters requested are different than current active one (requested -> active):
  custom:framework-win-MediaFoundation: 216162199b28c13a410421893ffa2e32 -> 
  custom:video-decoder-ogg-theora: a1e56fd34408186e4bbccfd4996cb3dc -> 
  custom:container-muxer-webm: aa71ff27fc2769a1b78a27578f13a17b -> 
  custom:container-demuxer-webm: 4f35f7cbe854078d1ac9338744f61a02 -> 
  custom:container-demuxer-ogg: 62fdf1f143b41e24485cea50d1cbac27 -> 
  custom:video-encoder-webm-vp8: eb34c28f22e8b96e1ab97ce403110664 -> 
  custom:video-codec-MediaFoundation-h265: 746d11721c4dcdbdad8f713fa42b33f4 -> 
  custom:video-decoder-webm-vp8: 9c59270c3fd7afecdb556c50c9e8de78 -> 
  custom:audio-decoder-ogg-vorbis: bf7c407c2cedff20999df2af8eb42d56 -> 
  custom:audio-encoder-webm-vorbis: bf7c407c2cedff20999df2af8eb42d56 -> 
========================================================================
Received Prepare
Registering precompiled user dll's ...
Registered in 0.025983 seconds.
Begin MonoManager ReloadAssembly
Native extension for WindowsStandalone target not found
Native extension for WebGL target not found
Refreshing native plugins compatible for Editor in 1.63 ms, found 2 plugins.
Preloading 0 native plugins for Editor in 0.00 ms.
Mono: successfully reloaded assembly
- Completed reload, in  5.612 seconds
Domain Reload Profiling:
	ReloadAssembly (5614ms)
		BeginReloadAssembly (549ms)
			ExecutionOrderSort (0ms)
			DisableScriptedObjects (25ms)
			BackupInstance (0ms)
			ReleaseScriptingObjects (0ms)
			CreateAndSetChildDomain (156ms)
		EndReloadAssembly (4681ms)
			LoadAssemblies (500ms)
			RebuildTransferFunctionScriptingTraits (0ms)
			SetupTypeCache (1615ms)
			ReleaseScriptCaches (3ms)
			RebuildScriptCaches (227ms)
			SetupLoadedEditorAssemblies (1680ms)
				LogAssemblyErrors (0ms)
				InitializePlatformSupportModulesInManaged (32ms)
				SetLoadedEditorAssemblies (2ms)
				RefreshPlugins (2ms)
				BeforeProcessingInitializeOnLoad (455ms)
				ProcessInitializeOnLoadAttributes (1095ms)
				ProcessInitializeOnLoadMethodAttributes (56ms)
				AfterProcessingInitializeOnLoad (37ms)
				EditorAssembliesLoaded (1ms)
			ExecutionOrderSort2 (0ms)
			AwakeInstancesAfterBackupRestoration (127ms)
Platform modules already initialized, skipping
Refreshing native plugins compatible for Editor in 1.93 ms, found 2 plugins.
Preloading 0 native plugins for Editor in 0.00 ms.
Unloading 1591 Unused Serialized files (Serialized files now loaded: 0)
System memory in use before: 74.0 MB.
System memory in use after: 74.1 MB.

Unloading 15 unused Assets to reduce memory usage. Loaded Objects now: 2053.
Total: 14.175900 ms (FindLiveObjects: 0.847400 ms CreateObjectMapping: 0.299900 ms MarkObjects: 12.910100 ms  DeleteObjects: 0.112800 ms)

AssetImportParameters requested are different than current active one (requested -> active):
  custom:framework-win-MediaFoundation: 216162199b28c13a410421893ffa2e32 -> 
  custom:video-decoder-ogg-theora: a1e56fd34408186e4bbccfd4996cb3dc -> 
  custom:container-muxer-webm: aa71ff27fc2769a1b78a27578f13a17b -> 
  custom:container-demuxer-webm: 4f35f7cbe854078d1ac9338744f61a02 -> 
  custom:container-demuxer-ogg: 62fdf1f143b41e24485cea50d1cbac27 -> 
  custom:video-encoder-webm-vp8: eb34c28f22e8b96e1ab97ce403110664 -> 
  custom:video-codec-MediaFoundation-h265: 746d11721c4dcdbdad8f713fa42b33f4 -> 
  custom:video-decoder-webm-vp8: 9c59270c3fd7afecdb556c50c9e8de78 -> 
  custom:audio-decoder-ogg-vorbis: bf7c407c2cedff20999df2af8eb42d56 -> 
  custom:audio-encoder-webm-vorbis: bf7c407c2cedff20999df2af8eb42d56 -> 
========================================================================
Received Import Request.
  Time since last request: 485.884192 seconds.
  path: Assets/ForMyGame/Prefabs/ally/DogPolyart.prefab
  artifactKey: Guid(903a8c4ecf809644f8657fe2fa80787a) Importer(815301076,1909f56bfc062723c751e8b465ee728b)
Start importing Assets/ForMyGame/Prefabs/ally/DogPolyart.prefab using Guid(903a8c4ecf809644f8657fe2fa80787a) Importer(815301076,1909f56bfc062723c751e8b465ee728b)  -> (artifact id: '745ae722c3e1072bb174bba4622602a1') in 20.165444 seconds 
  Import took 20.446241 seconds .

========================================================================
Received Import Request.
  Time since last request: 0.001251 seconds.
  path: Assets/ForMyGame/Prefabs/ally/PolyArtWizardMaskTintMat (1) 1.prefab
  artifactKey: Guid(1e19f210983340646a41f98c6dd2c32f) Importer(815301076,1909f56bfc062723c751e8b465ee728b)
Start importing Assets/ForMyGame/Prefabs/ally/PolyArtWizardMaskTintMat (1) 1.prefab using Guid(1e19f210983340646a41f98c6dd2c32f) Importer(815301076,1909f56bfc062723c751e8b465ee728b)  -> (artifact id: '8f0461d23e55857e1d0d856b232058c5') in 10.635873 seconds 
  Import took 10.741982 seconds .

========================================================================
Received Prepare
Registering precompiled user dll's ...
Registered in 0.117132 seconds.
Begin MonoManager ReloadAssembly
Native extension for WindowsStandalone target not found
Native extension for WebGL target not found
Refreshing native plugins compatible for Editor in 1.83 ms, found 2 plugins.
Preloading 0 native plugins for Editor in 0.00 ms.
Mono: successfully reloaded assembly
- Completed reload, in  5.635 seconds
Domain Reload Profiling:
	ReloadAssembly (5637ms)
		BeginReloadAssembly (730ms)
			ExecutionOrderSort (0ms)
			DisableScriptedObjects (21ms)
			BackupInstance (0ms)
			ReleaseScriptingObjects (1ms)
			CreateAndSetChildDomain (287ms)
		EndReloadAssembly (4543ms)
			LoadAssemblies (549ms)
			RebuildTransferFunctionScriptingTraits (0ms)
			SetupTypeCache (1790ms)
			ReleaseScriptCaches (3ms)
			RebuildScriptCaches (222ms)
			SetupLoadedEditorAssemblies (1535ms)
				LogAssemblyErrors (0ms)
				InitializePlatformSupportModulesInManaged (33ms)
				SetLoadedEditorAssemblies (3ms)
				RefreshPlugins (2ms)
				BeforeProcessingInitializeOnLoad (421ms)
				ProcessInitializeOnLoadAttributes (1004ms)
				ProcessInitializeOnLoadMethodAttributes (39ms)
				AfterProcessingInitializeOnLoad (33ms)
				EditorAssembliesLoaded (1ms)
			ExecutionOrderSort2 (0ms)
			AwakeInstancesAfterBackupRestoration (37ms)
Platform modules already initialized, skipping
Refreshing native plugins compatible for Editor in 2.26 ms, found 2 plugins.
Preloading 0 native plugins for Editor in 0.00 ms.
Unloading 1591 Unused Serialized files (Serialized files now loaded: 0)
System memory in use before: 90.7 MB.
System memory in use after: 90.8 MB.

Unloading 15 unused Assets to reduce memory usage. Loaded Objects now: 2063.
Total: 60.380500 ms (FindLiveObjects: 1.055800 ms CreateObjectMapping: 0.444200 ms MarkObjects: 58.758300 ms  DeleteObjects: 0.114600 ms)

AssetImportParameters requested are different than current active one (requested -> active):
  custom:framework-win-MediaFoundation: 216162199b28c13a410421893ffa2e32 -> 
  custom:video-decoder-ogg-theora: a1e56fd34408186e4bbccfd4996cb3dc -> 
  custom:container-muxer-webm: aa71ff27fc2769a1b78a27578f13a17b -> 
  custom:container-demuxer-webm: 4f35f7cbe854078d1ac9338744f61a02 -> 
  custom:container-demuxer-ogg: 62fdf1f143b41e24485cea50d1cbac27 -> 
  custom:video-encoder-webm-vp8: eb34c28f22e8b96e1ab97ce403110664 -> 
  custom:video-codec-MediaFoundation-h265: 746d11721c4dcdbdad8f713fa42b33f4 -> 
  custom:video-decoder-webm-vp8: 9c59270c3fd7afecdb556c50c9e8de78 -> 
  custom:audio-decoder-ogg-vorbis: bf7c407c2cedff20999df2af8eb42d56 -> 
  custom:audio-encoder-webm-vorbis: bf7c407c2cedff20999df2af8eb42d56 -> 
========================================================================
Received Import Request.
  Time since last request: 427.648737 seconds.
  path: Assets/ForMyGame/Scripts/KnightManagement.cs
  artifactKey: Guid(d37dc89612688bb439d5bbfcc05072dd) Importer(815301076,1909f56bfc062723c751e8b465ee728b)
Start importing Assets/ForMyGame/Scripts/KnightManagement.cs using Guid(d37dc89612688bb439d5bbfcc05072dd) Importer(815301076,1909f56bfc062723c751e8b465ee728b)  -> (artifact id: '43c1d215146476cf1186ed53c4278d0d') in 0.055580 seconds 
  Import took 0.120169 seconds .

========================================================================
Received Prepare
Registering precompiled user dll's ...
Registered in 0.302530 seconds.
Begin MonoManager ReloadAssembly
Native extension for WindowsStandalone target not found
Native extension for WebGL target not found
Refreshing native plugins compatible for Editor in 1.82 ms, found 2 plugins.
Preloading 0 native plugins for Editor in 0.00 ms.
Mono: successfully reloaded assembly
- Completed reload, in  5.498 seconds
Domain Reload Profiling:
	ReloadAssembly (5500ms)
		BeginReloadAssembly (525ms)
			ExecutionOrderSort (0ms)
			DisableScriptedObjects (27ms)
			BackupInstance (0ms)
			ReleaseScriptingObjects (0ms)
			CreateAndSetChildDomain (111ms)
		EndReloadAssembly (4655ms)
			LoadAssemblies (630ms)
			RebuildTransferFunctionScriptingTraits (0ms)
			SetupTypeCache (1604ms)
			ReleaseScriptCaches (2ms)
			RebuildScriptCaches (237ms)
			SetupLoadedEditorAssemblies (1648ms)
				LogAssemblyErrors (0ms)
				InitializePlatformSupportModulesInManaged (32ms)
				SetLoadedEditorAssemblies (3ms)
				RefreshPlugins (2ms)
				BeforeProcessingInitializeOnLoad (595ms)
				ProcessInitializeOnLoadAttributes (916ms)
				ProcessInitializeOnLoadMethodAttributes (49ms)
				AfterProcessingInitializeOnLoad (49ms)
				EditorAssembliesLoaded (1ms)
			ExecutionOrderSort2 (0ms)
			AwakeInstancesAfterBackupRestoration (39ms)
Platform modules already initialized, skipping
Refreshing native plugins compatible for Editor in 1.57 ms, found 2 plugins.
Preloading 0 native plugins for Editor in 0.00 ms.
Unloading 1591 Unused Serialized files (Serialized files now loaded: 0)
System memory in use before: 90.7 MB.
System memory in use after: 90.8 MB.

Unloading 15 unused Assets to reduce memory usage. Loaded Objects now: 2065.
Total: 13.478900 ms (FindLiveObjects: 0.833700 ms CreateObjectMapping: 0.354700 ms MarkObjects: 12.196900 ms  DeleteObjects: 0.086500 ms)

AssetImportParameters requested are different than current active one (requested -> active):
  custom:framework-win-MediaFoundation: 216162199b28c13a410421893ffa2e32 -> 
  custom:video-decoder-ogg-theora: a1e56fd34408186e4bbccfd4996cb3dc -> 
  custom:container-muxer-webm: aa71ff27fc2769a1b78a27578f13a17b -> 
  custom:container-demuxer-webm: 4f35f7cbe854078d1ac9338744f61a02 -> 
  custom:container-demuxer-ogg: 62fdf1f143b41e24485cea50d1cbac27 -> 
  custom:video-encoder-webm-vp8: eb34c28f22e8b96e1ab97ce403110664 -> 
  custom:video-codec-MediaFoundation-h265: 746d11721c4dcdbdad8f713fa42b33f4 -> 
  custom:video-decoder-webm-vp8: 9c59270c3fd7afecdb556c50c9e8de78 -> 
  custom:audio-decoder-ogg-vorbis: bf7c407c2cedff20999df2af8eb42d56 -> 
  custom:audio-encoder-webm-vorbis: bf7c407c2cedff20999df2af8eb42d56 -> 
========================================================================
Received Import Request.
  Time since last request: 108.437468 seconds.
  path: Assets/ForMyGame/Scripts/Enemy.cs
  artifactKey: Guid(d8d74631313105549ad961a9de993f5d) Importer(815301076,1909f56bfc062723c751e8b465ee728b)
Start importing Assets/ForMyGame/Scripts/Enemy.cs using Guid(d8d74631313105549ad961a9de993f5d) Importer(815301076,1909f56bfc062723c751e8b465ee728b)  -> (artifact id: '8356bf1eb281dfbd4d6a7b5c27057e81') in 0.104830 seconds 
  Import took 0.139097 seconds .

========================================================================
Received Import Request.
  Time since last request: 9.797034 seconds.
  path: Assets/ForMyGame/Prefabs/ally/DogPolyart.prefab
  artifactKey: Guid(903a8c4ecf809644f8657fe2fa80787a) Importer(815301076,1909f56bfc062723c751e8b465ee728b)
Start importing Assets/ForMyGame/Prefabs/ally/DogPolyart.prefab using Guid(903a8c4ecf809644f8657fe2fa80787a) Importer(815301076,1909f56bfc062723c751e8b465ee728b)  -> (artifact id: '00bc0d261c13f7b8e846f5cae154b9a2') in 1.295145 seconds 
  Import took 1.411961 seconds .

========================================================================
Received Import Request.
  Time since last request: 8.398964 seconds.
  path: Assets/ForMyGame/Prefabs/ally/PolyArtWizardMaskTintMat (1) 1.prefab
  artifactKey: Guid(1e19f210983340646a41f98c6dd2c32f) Importer(815301076,1909f56bfc062723c751e8b465ee728b)
Start importing Assets/ForMyGame/Prefabs/ally/PolyArtWizardMaskTintMat (1) 1.prefab using Guid(1e19f210983340646a41f98c6dd2c32f) Importer(815301076,1909f56bfc062723c751e8b465ee728b)  -> (artifact id: '5bd40deb236200b2dc2801666902143a') in 1.934461 seconds 
  Import took 1.970756 seconds .

========================================================================
Received Prepare
Registering precompiled user dll's ...
Registered in 0.030610 seconds.
Begin MonoManager ReloadAssembly
Native extension for WindowsStandalone target not found
Native extension for WebGL target not found
Refreshing native plugins compatible for Editor in 1.43 ms, found 2 plugins.
Preloading 0 native plugins for Editor in 0.00 ms.
Mono: successfully reloaded assembly
- Completed reload, in  5.263 seconds
Domain Reload Profiling:
	ReloadAssembly (5265ms)
		BeginReloadAssembly (502ms)
			ExecutionOrderSort (0ms)
			DisableScriptedObjects (19ms)
			BackupInstance (0ms)
			ReleaseScriptingObjects (0ms)
			CreateAndSetChildDomain (156ms)
		EndReloadAssembly (4394ms)
			LoadAssemblies (494ms)
			RebuildTransferFunctionScriptingTraits (0ms)
			SetupTypeCache (1536ms)
			ReleaseScriptCaches (2ms)
			RebuildScriptCaches (228ms)
			SetupLoadedEditorAssemblies (1584ms)
				LogAssemblyErrors (0ms)
				InitializePlatformSupportModulesInManaged (29ms)
				SetLoadedEditorAssemblies (2ms)
				RefreshPlugins (2ms)
				BeforeProcessingInitializeOnLoad (452ms)
				ProcessInitializeOnLoadAttributes (1025ms)
				ProcessInitializeOnLoadMethodAttributes (35ms)
				AfterProcessingInitializeOnLoad (39ms)
				EditorAssembliesLoaded (1ms)
			ExecutionOrderSort2 (0ms)
			AwakeInstancesAfterBackupRestoration (30ms)
Platform modules already initialized, skipping
Refreshing native plugins compatible for Editor in 2.12 ms, found 2 plugins.
Preloading 0 native plugins for Editor in 0.00 ms.
Unloading 1591 Unused Serialized files (Serialized files now loaded: 0)
System memory in use before: 90.7 MB.
System memory in use after: 90.8 MB.

Unloading 15 unused Assets to reduce memory usage. Loaded Objects now: 2068.
Total: 14.004100 ms (FindLiveObjects: 0.971400 ms CreateObjectMapping: 0.307400 ms MarkObjects: 12.650600 ms  DeleteObjects: 0.068700 ms)

AssetImportParameters requested are different than current active one (requested -> active):
  custom:framework-win-MediaFoundation: 216162199b28c13a410421893ffa2e32 -> 
  custom:video-decoder-ogg-theora: a1e56fd34408186e4bbccfd4996cb3dc -> 
  custom:container-muxer-webm: aa71ff27fc2769a1b78a27578f13a17b -> 
  custom:container-demuxer-webm: 4f35f7cbe854078d1ac9338744f61a02 -> 
  custom:container-demuxer-ogg: 62fdf1f143b41e24485cea50d1cbac27 -> 
  custom:video-encoder-webm-vp8: eb34c28f22e8b96e1ab97ce403110664 -> 
  custom:video-codec-MediaFoundation-h265: 746d11721c4dcdbdad8f713fa42b33f4 -> 
  custom:video-decoder-webm-vp8: 9c59270c3fd7afecdb556c50c9e8de78 -> 
  custom:audio-decoder-ogg-vorbis: bf7c407c2cedff20999df2af8eb42d56 -> 
  custom:audio-encoder-webm-vorbis: bf7c407c2cedff20999df2af8eb42d56 -> 
========================================================================
Received Prepare
Registering precompiled user dll's ...
Registered in 0.045840 seconds.
Begin MonoManager ReloadAssembly
Native extension for WindowsStandalone target not found
Native extension for WebGL target not found
Refreshing native plugins compatible for Editor in 1.42 ms, found 2 plugins.
Preloading 0 native plugins for Editor in 0.00 ms.
Mono: successfully reloaded assembly
- Completed reload, in  5.236 seconds
Domain Reload Profiling:
	ReloadAssembly (5237ms)
		BeginReloadAssembly (619ms)
			ExecutionOrderSort (0ms)
			DisableScriptedObjects (31ms)
			BackupInstance (0ms)
			ReleaseScriptingObjects (0ms)
			CreateAndSetChildDomain (170ms)
		EndReloadAssembly (4233ms)
			LoadAssemblies (539ms)
			RebuildTransferFunctionScriptingTraits (0ms)
			SetupTypeCache (1484ms)
			ReleaseScriptCaches (3ms)
			RebuildScriptCaches (244ms)
			SetupLoadedEditorAssemblies (1443ms)
				LogAssemblyErrors (0ms)
				InitializePlatformSupportModulesInManaged (27ms)
				SetLoadedEditorAssemblies (2ms)
				RefreshPlugins (2ms)
				BeforeProcessingInitializeOnLoad (397ms)
				ProcessInitializeOnLoadAttributes (928ms)
				ProcessInitializeOnLoadMethodAttributes (43ms)
				AfterProcessingInitializeOnLoad (44ms)
				EditorAssembliesLoaded (1ms)
			ExecutionOrderSort2 (0ms)
			AwakeInstancesAfterBackupRestoration (32ms)
Platform modules already initialized, skipping
Refreshing native plugins compatible for Editor in 1.49 ms, found 2 plugins.
Preloading 0 native plugins for Editor in 0.00 ms.
Unloading 1591 Unused Serialized files (Serialized files now loaded: 0)
System memory in use before: 90.7 MB.
System memory in use after: 90.8 MB.

Unloading 15 unused Assets to reduce memory usage. Loaded Objects now: 2070.
Total: 12.417700 ms (FindLiveObjects: 0.763000 ms CreateObjectMapping: 0.213900 ms MarkObjects: 11.359200 ms  DeleteObjects: 0.076100 ms)

AssetImportParameters requested are different than current active one (requested -> active):
  custom:framework-win-MediaFoundation: 216162199b28c13a410421893ffa2e32 -> 
  custom:video-decoder-ogg-theora: a1e56fd34408186e4bbccfd4996cb3dc -> 
  custom:container-muxer-webm: aa71ff27fc2769a1b78a27578f13a17b -> 
  custom:container-demuxer-webm: 4f35f7cbe854078d1ac9338744f61a02 -> 
  custom:container-demuxer-ogg: 62fdf1f143b41e24485cea50d1cbac27 -> 
  custom:video-encoder-webm-vp8: eb34c28f22e8b96e1ab97ce403110664 -> 
  custom:video-codec-MediaFoundation-h265: 746d11721c4dcdbdad8f713fa42b33f4 -> 
  custom:video-decoder-webm-vp8: 9c59270c3fd7afecdb556c50c9e8de78 -> 
  custom:audio-decoder-ogg-vorbis: bf7c407c2cedff20999df2af8eb42d56 -> 
  custom:audio-encoder-webm-vorbis: bf7c407c2cedff20999df2af8eb42d56 -> 
========================================================================
Received Prepare
Registering precompiled user dll's ...
Registered in 0.027580 seconds.
Begin MonoManager ReloadAssembly
Native extension for WindowsStandalone target not found
Native extension for WebGL target not found
Refreshing native plugins compatible for Editor in 1.55 ms, found 2 plugins.
Preloading 0 native plugins for Editor in 0.00 ms.
Mono: successfully reloaded assembly
- Completed reload, in  5.546 seconds
Domain Reload Profiling:
	ReloadAssembly (5547ms)
		BeginReloadAssembly (537ms)
			ExecutionOrderSort (0ms)
			DisableScriptedObjects (22ms)
			BackupInstance (0ms)
			ReleaseScriptingObjects (0ms)
			CreateAndSetChildDomain (121ms)
		EndReloadAssembly (4664ms)
			LoadAssemblies (538ms)
			RebuildTransferFunctionScriptingTraits (0ms)
			SetupTypeCache (1648ms)
			ReleaseScriptCaches (2ms)
			RebuildScriptCaches (260ms)
			SetupLoadedEditorAssemblies (1706ms)
				LogAssemblyErrors (0ms)
				InitializePlatformSupportModulesInManaged (35ms)
				SetLoadedEditorAssemblies (3ms)
				RefreshPlugins (2ms)
				BeforeProcessingInitializeOnLoad (496ms)
				ProcessInitializeOnLoadAttributes (1062ms)
				ProcessInitializeOnLoadMethodAttributes (63ms)
				AfterProcessingInitializeOnLoad (44ms)
				EditorAssembliesLoaded (1ms)
			ExecutionOrderSort2 (0ms)
			AwakeInstancesAfterBackupRestoration (35ms)
Platform modules already initialized, skipping
Refreshing native plugins compatible for Editor in 2.32 ms, found 2 plugins.
Preloading 0 native plugins for Editor in 0.00 ms.
Unloading 1591 Unused Serialized files (Serialized files now loaded: 0)
System memory in use before: 90.7 MB.
System memory in use after: 90.8 MB.

Unloading 15 unused Assets to reduce memory usage. Loaded Objects now: 2072.
Total: 14.820000 ms (FindLiveObjects: 0.704300 ms CreateObjectMapping: 0.267000 ms MarkObjects: 13.753200 ms  DeleteObjects: 0.088900 ms)

AssetImportParameters requested are different than current active one (requested -> active):
  custom:framework-win-MediaFoundation: 216162199b28c13a410421893ffa2e32 -> 
  custom:video-decoder-ogg-theora: a1e56fd34408186e4bbccfd4996cb3dc -> 
  custom:container-muxer-webm: aa71ff27fc2769a1b78a27578f13a17b -> 
  custom:container-demuxer-webm: 4f35f7cbe854078d1ac9338744f61a02 -> 
  custom:container-demuxer-ogg: 62fdf1f143b41e24485cea50d1cbac27 -> 
  custom:video-encoder-webm-vp8: eb34c28f22e8b96e1ab97ce403110664 -> 
  custom:video-codec-MediaFoundation-h265: 746d11721c4dcdbdad8f713fa42b33f4 -> 
  custom:video-decoder-webm-vp8: 9c59270c3fd7afecdb556c50c9e8de78 -> 
  custom:audio-decoder-ogg-vorbis: bf7c407c2cedff20999df2af8eb42d56 -> 
  custom:audio-encoder-webm-vorbis: bf7c407c2cedff20999df2af8eb42d56 -> 
========================================================================
Received Prepare
Registering precompiled user dll's ...
Registered in 0.042068 seconds.
Begin MonoManager ReloadAssembly
Native extension for WindowsStandalone target not found
Native extension for WebGL target not found
Refreshing native plugins compatible for Editor in 1.80 ms, found 2 plugins.
Preloading 0 native plugins for Editor in 0.00 ms.
Mono: successfully reloaded assembly
- Completed reload, in  5.539 seconds
Domain Reload Profiling:
	ReloadAssembly (5542ms)
		BeginReloadAssembly (658ms)
			ExecutionOrderSort (0ms)
			DisableScriptedObjects (26ms)
			BackupInstance (0ms)
			ReleaseScriptingObjects (0ms)
			CreateAndSetChildDomain (190ms)
		EndReloadAssembly (4515ms)
			LoadAssemblies (573ms)
			RebuildTransferFunctionScriptingTraits (0ms)
			SetupTypeCache (1565ms)
			ReleaseScriptCaches (2ms)
			RebuildScriptCaches (209ms)
			SetupLoadedEditorAssemblies (1638ms)
				LogAssemblyErrors (0ms)
				InitializePlatformSupportModulesInManaged (24ms)
				SetLoadedEditorAssemblies (3ms)
				RefreshPlugins (2ms)
				BeforeProcessingInitializeOnLoad (494ms)
				ProcessInitializeOnLoadAttributes (1025ms)
				ProcessInitializeOnLoadMethodAttributes (43ms)
				AfterProcessingInitializeOnLoad (46ms)
				EditorAssembliesLoaded (1ms)
			ExecutionOrderSort2 (0ms)
			AwakeInstancesAfterBackupRestoration (33ms)
Platform modules already initialized, skipping
Refreshing native plugins compatible for Editor in 1.90 ms, found 2 plugins.
Preloading 0 native plugins for Editor in 0.00 ms.
Unloading 1591 Unused Serialized files (Serialized files now loaded: 0)
System memory in use before: 90.7 MB.
System memory in use after: 90.9 MB.

Unloading 15 unused Assets to reduce memory usage. Loaded Objects now: 2074.
Total: 9.919000 ms (FindLiveObjects: 0.620800 ms CreateObjectMapping: 0.151800 ms MarkObjects: 9.046000 ms  DeleteObjects: 0.094700 ms)

AssetImportParameters requested are different than current active one (requested -> active):
  custom:framework-win-MediaFoundation: 216162199b28c13a410421893ffa2e32 -> 
  custom:video-decoder-ogg-theora: a1e56fd34408186e4bbccfd4996cb3dc -> 
  custom:container-muxer-webm: aa71ff27fc2769a1b78a27578f13a17b -> 
  custom:container-demuxer-webm: 4f35f7cbe854078d1ac9338744f61a02 -> 
  custom:container-demuxer-ogg: 62fdf1f143b41e24485cea50d1cbac27 -> 
  custom:video-encoder-webm-vp8: eb34c28f22e8b96e1ab97ce403110664 -> 
  custom:video-codec-MediaFoundation-h265: 746d11721c4dcdbdad8f713fa42b33f4 -> 
  custom:video-decoder-webm-vp8: 9c59270c3fd7afecdb556c50c9e8de78 -> 
  custom:audio-decoder-ogg-vorbis: bf7c407c2cedff20999df2af8eb42d56 -> 
  custom:audio-encoder-webm-vorbis: bf7c407c2cedff20999df2af8eb42d56 -> 
========================================================================
Received Prepare
Registering precompiled user dll's ...
Registered in 0.033543 seconds.
Begin MonoManager ReloadAssembly
Native extension for WindowsStandalone target not found
Native extension for WebGL target not found
Refreshing native plugins compatible for Editor in 1.40 ms, found 2 plugins.
Preloading 0 native plugins for Editor in 0.00 ms.
Mono: successfully reloaded assembly
- Completed reload, in  5.424 seconds
Domain Reload Profiling:
	ReloadAssembly (5426ms)
		BeginReloadAssembly (505ms)
			ExecutionOrderSort (0ms)
			DisableScriptedObjects (29ms)
			BackupInstance (0ms)
			ReleaseScriptingObjects (0ms)
			CreateAndSetChildDomain (141ms)
		EndReloadAssembly (4479ms)
			LoadAssemblies (499ms)
			RebuildTransferFunctionScriptingTraits (0ms)
			SetupTypeCache (1613ms)
			ReleaseScriptCaches (2ms)
			RebuildScriptCaches (234ms)
			SetupLoadedEditorAssemblies (1627ms)
				LogAssemblyErrors (0ms)
				InitializePlatformSupportModulesInManaged (21ms)
				SetLoadedEditorAssemblies (2ms)
				RefreshPlugins (2ms)
				BeforeProcessingInitializeOnLoad (436ms)
				ProcessInitializeOnLoadAttributes (1081ms)
				ProcessInitializeOnLoadMethodAttributes (42ms)
				AfterProcessingInitializeOnLoad (43ms)
				EditorAssembliesLoaded (1ms)
			ExecutionOrderSort2 (0ms)
			AwakeInstancesAfterBackupRestoration (34ms)
Platform modules already initialized, skipping
Refreshing native plugins compatible for Editor in 2.62 ms, found 2 plugins.
Preloading 0 native plugins for Editor in 0.00 ms.
Unloading 1591 Unused Serialized files (Serialized files now loaded: 0)
System memory in use before: 90.7 MB.
System memory in use after: 90.9 MB.

Unloading 15 unused Assets to reduce memory usage. Loaded Objects now: 2076.
Total: 14.067900 ms (FindLiveObjects: 1.033200 ms CreateObjectMapping: 0.333800 ms MarkObjects: 12.604800 ms  DeleteObjects: 0.089600 ms)

AssetImportParameters requested are different than current active one (requested -> active):
  custom:framework-win-MediaFoundation: 216162199b28c13a410421893ffa2e32 -> 
  custom:video-decoder-ogg-theora: a1e56fd34408186e4bbccfd4996cb3dc -> 
  custom:container-muxer-webm: aa71ff27fc2769a1b78a27578f13a17b -> 
  custom:container-demuxer-webm: 4f35f7cbe854078d1ac9338744f61a02 -> 
  custom:container-demuxer-ogg: 62fdf1f143b41e24485cea50d1cbac27 -> 
  custom:video-encoder-webm-vp8: eb34c28f22e8b96e1ab97ce403110664 -> 
  custom:video-codec-MediaFoundation-h265: 746d11721c4dcdbdad8f713fa42b33f4 -> 
  custom:video-decoder-webm-vp8: 9c59270c3fd7afecdb556c50c9e8de78 -> 
  custom:audio-decoder-ogg-vorbis: bf7c407c2cedff20999df2af8eb42d56 -> 
  custom:audio-encoder-webm-vorbis: bf7c407c2cedff20999df2af8eb42d56 -> 
========================================================================
Received Prepare
Registering precompiled user dll's ...
Registered in 0.027130 seconds.
Begin MonoManager ReloadAssembly
Native extension for WindowsStandalone target not found
Native extension for WebGL target not found
Refreshing native plugins compatible for Editor in 1.49 ms, found 2 plugins.
Preloading 0 native plugins for Editor in 0.00 ms.
Mono: successfully reloaded assembly
- Completed reload, in  5.169 seconds
Domain Reload Profiling:
	ReloadAssembly (5171ms)
		BeginReloadAssembly (510ms)
			ExecutionOrderSort (0ms)
			DisableScriptedObjects (25ms)
			BackupInstance (0ms)
			ReleaseScriptingObjects (0ms)
			CreateAndSetChildDomain (125ms)
		EndReloadAssembly (4275ms)
			LoadAssemblies (491ms)
			RebuildTransferFunctionScriptingTraits (0ms)
			SetupTypeCache (1507ms)
			ReleaseScriptCaches (2ms)
			RebuildScriptCaches (261ms)
			SetupLoadedEditorAssemblies (1524ms)
				LogAssemblyErrors (0ms)
				InitializePlatformSupportModulesInManaged (25ms)
				SetLoadedEditorAssemblies (2ms)
				RefreshPlugins (2ms)
				BeforeProcessingInitializeOnLoad (425ms)
				ProcessInitializeOnLoadAttributes (980ms)
				ProcessInitializeOnLoadMethodAttributes (44ms)
				AfterProcessingInitializeOnLoad (46ms)
				EditorAssembliesLoaded (1ms)
			ExecutionOrderSort2 (0ms)
			AwakeInstancesAfterBackupRestoration (34ms)
Platform modules already initialized, skipping
Refreshing native plugins compatible for Editor in 1.90 ms, found 2 plugins.
Preloading 0 native plugins for Editor in 0.00 ms.
Unloading 1591 Unused Serialized files (Serialized files now loaded: 0)
System memory in use before: 90.8 MB.
System memory in use after: 90.9 MB.

Unloading 15 unused Assets to reduce memory usage. Loaded Objects now: 2078.
Total: 14.213600 ms (FindLiveObjects: 0.792100 ms CreateObjectMapping: 0.220700 ms MarkObjects: 13.106800 ms  DeleteObjects: 0.088900 ms)

AssetImportParameters requested are different than current active one (requested -> active):
  custom:framework-win-MediaFoundation: 216162199b28c13a410421893ffa2e32 -> 
  custom:video-decoder-ogg-theora: a1e56fd34408186e4bbccfd4996cb3dc -> 
  custom:container-muxer-webm: aa71ff27fc2769a1b78a27578f13a17b -> 
  custom:container-demuxer-webm: 4f35f7cbe854078d1ac9338744f61a02 -> 
  custom:container-demuxer-ogg: 62fdf1f143b41e24485cea50d1cbac27 -> 
  custom:video-encoder-webm-vp8: eb34c28f22e8b96e1ab97ce403110664 -> 
  custom:video-codec-MediaFoundation-h265: 746d11721c4dcdbdad8f713fa42b33f4 -> 
  custom:video-decoder-webm-vp8: 9c59270c3fd7afecdb556c50c9e8de78 -> 
  custom:audio-decoder-ogg-vorbis: bf7c407c2cedff20999df2af8eb42d56 -> 
  custom:audio-encoder-webm-vorbis: bf7c407c2cedff20999df2af8eb42d56 -> 
========================================================================
Received Import Request.
  Time since last request: 526.357573 seconds.
  path: Assets/ForMyGame/Prefabs/ally/DogPolyart.prefab
  artifactKey: Guid(903a8c4ecf809644f8657fe2fa80787a) Importer(815301076,1909f56bfc062723c751e8b465ee728b)
Start importing Assets/ForMyGame/Prefabs/ally/DogPolyart.prefab using Guid(903a8c4ecf809644f8657fe2fa80787a) Importer(815301076,1909f56bfc062723c751e8b465ee728b)  -> (artifact id: 'd12e9c48fad6488d5a6a7d75e17b0a19') in 0.786873 seconds 
  Import took 0.828406 seconds .

========================================================================
Received Import Request.
  Time since last request: 20.430703 seconds.
  path: Assets/ForMyGame/Prefabs/monster/Slime.prefab
  artifactKey: Guid(1e9dc3baaef13c049b954ce96f6d56d4) Importer(815301076,1909f56bfc062723c751e8b465ee728b)
Start importing Assets/ForMyGame/Prefabs/monster/Slime.prefab using Guid(1e9dc3baaef13c049b954ce96f6d56d4) Importer(815301076,1909f56bfc062723c751e8b465ee728b)  -> (artifact id: 'cbe598b4bbe0aea50950c52b7f86e19a') in 1.118917 seconds 
  Import took 1.134562 seconds .

========================================================================
Received Import Request.
  Time since last request: 16.865088 seconds.
  path: Assets/ForMyGame/Prefabs/ally/PolyArtWizardMaskTintMat (1) 1.prefab
  artifactKey: Guid(1e19f210983340646a41f98c6dd2c32f) Importer(815301076,1909f56bfc062723c751e8b465ee728b)
Start importing Assets/ForMyGame/Prefabs/ally/PolyArtWizardMaskTintMat (1) 1.prefab using Guid(1e19f210983340646a41f98c6dd2c32f) Importer(815301076,1909f56bfc062723c751e8b465ee728b)  -> (artifact id: '9b1d841a54261328fdf894fcf165a27a') in 0.301991 seconds 
  Import took 0.360373 seconds .

========================================================================
Received Prepare
Registering precompiled user dll's ...
Registered in 0.056838 seconds.
Begin MonoManager ReloadAssembly
Native extension for WindowsStandalone target not found
Native extension for WebGL target not found
Refreshing native plugins compatible for Editor in 1.92 ms, found 2 plugins.
Preloading 0 native plugins for Editor in 0.00 ms.
Mono: successfully reloaded assembly
- Completed reload, in  7.019 seconds
Domain Reload Profiling:
	ReloadAssembly (7023ms)
		BeginReloadAssembly (820ms)
			ExecutionOrderSort (0ms)
			DisableScriptedObjects (36ms)
			BackupInstance (0ms)
			ReleaseScriptingObjects (0ms)
			CreateAndSetChildDomain (176ms)
		EndReloadAssembly (5603ms)
			LoadAssemblies (842ms)
			RebuildTransferFunctionScriptingTraits (0ms)
			SetupTypeCache (2795ms)
			ReleaseScriptCaches (3ms)
			RebuildScriptCaches (208ms)
			SetupLoadedEditorAssemblies (1466ms)
				LogAssemblyErrors (0ms)
				InitializePlatformSupportModulesInManaged (24ms)
				SetLoadedEditorAssemblies (3ms)
				RefreshPlugins (2ms)
				BeforeProcessingInitializeOnLoad (415ms)
				ProcessInitializeOnLoadAttributes (935ms)
				ProcessInitializeOnLoadMethodAttributes (38ms)
				AfterProcessingInitializeOnLoad (47ms)
				EditorAssembliesLoaded (2ms)
			ExecutionOrderSort2 (0ms)
			AwakeInstancesAfterBackupRestoration (31ms)
Platform modules already initialized, skipping
Refreshing native plugins compatible for Editor in 1.48 ms, found 2 plugins.
Preloading 0 native plugins for Editor in 0.00 ms.
Unloading 1591 Unused Serialized files (Serialized files now loaded: 0)
System memory in use before: 90.8 MB.
System memory in use after: 90.9 MB.

Unloading 15 unused Assets to reduce memory usage. Loaded Objects now: 2081.
Total: 14.007600 ms (FindLiveObjects: 0.819200 ms CreateObjectMapping: 0.351000 ms MarkObjects: 12.742700 ms  DeleteObjects: 0.088900 ms)

AssetImportParameters requested are different than current active one (requested -> active):
  custom:framework-win-MediaFoundation: 216162199b28c13a410421893ffa2e32 -> 
  custom:video-decoder-ogg-theora: a1e56fd34408186e4bbccfd4996cb3dc -> 
  custom:container-muxer-webm: aa71ff27fc2769a1b78a27578f13a17b -> 
  custom:container-demuxer-webm: 4f35f7cbe854078d1ac9338744f61a02 -> 
  custom:container-demuxer-ogg: 62fdf1f143b41e24485cea50d1cbac27 -> 
  custom:video-encoder-webm-vp8: eb34c28f22e8b96e1ab97ce403110664 -> 
  custom:video-codec-MediaFoundation-h265: 746d11721c4dcdbdad8f713fa42b33f4 -> 
  custom:video-decoder-webm-vp8: 9c59270c3fd7afecdb556c50c9e8de78 -> 
  custom:audio-decoder-ogg-vorbis: bf7c407c2cedff20999df2af8eb42d56 -> 
  custom:audio-encoder-webm-vorbis: bf7c407c2cedff20999df2af8eb42d56 -> 
========================================================================
Received Import Request.
  Time since last request: 61.492711 seconds.
  path: Assets/ForMyGame/Prefabs/ally/DogPolyart.prefab
  artifactKey: Guid(903a8c4ecf809644f8657fe2fa80787a) Importer(815301076,1909f56bfc062723c751e8b465ee728b)
Start importing Assets/ForMyGame/Prefabs/ally/DogPolyart.prefab using Guid(903a8c4ecf809644f8657fe2fa80787a) Importer(815301076,1909f56bfc062723c751e8b465ee728b)  -> (artifact id: '3e973d77827063edaa8445df3e57cc94') in 0.926788 seconds 
  Import took 0.967102 seconds .

========================================================================
Received Import Request.
  Time since last request: 13.482167 seconds.
  path: Assets/ForMyGame/Prefabs/ally/PolyArtWizardMaskTintMat (1) 1.prefab
  artifactKey: Guid(1e19f210983340646a41f98c6dd2c32f) Importer(815301076,1909f56bfc062723c751e8b465ee728b)
Start importing Assets/ForMyGame/Prefabs/ally/PolyArtWizardMaskTintMat (1) 1.prefab using Guid(1e19f210983340646a41f98c6dd2c32f) Importer(815301076,1909f56bfc062723c751e8b465ee728b)  -> (artifact id: '536ed7d2ea38a9623c4afb844059f59f') in 0.357823 seconds 
  Import took 0.402837 seconds .

========================================================================
Received Prepare
Registering precompiled user dll's ...
Registered in 0.047792 seconds.
Begin MonoManager ReloadAssembly
Native extension for WindowsStandalone target not found
Native extension for WebGL target not found
Refreshing native plugins compatible for Editor in 1.77 ms, found 2 plugins.
Preloading 0 native plugins for Editor in 0.00 ms.
Mono: successfully reloaded assembly
- Completed reload, in  7.199 seconds
Domain Reload Profiling:
	ReloadAssembly (7202ms)
		BeginReloadAssembly (654ms)
			ExecutionOrderSort (0ms)
			DisableScriptedObjects (28ms)
			BackupInstance (0ms)
			ReleaseScriptingObjects (0ms)
			CreateAndSetChildDomain (168ms)
		EndReloadAssembly (6080ms)
			LoadAssemblies (772ms)
			RebuildTransferFunctionScriptingTraits (0ms)
			SetupTypeCache (2122ms)
			ReleaseScriptCaches (4ms)
			RebuildScriptCaches (344ms)
			SetupLoadedEditorAssemblies (2173ms)
				LogAssemblyErrors (0ms)
				InitializePlatformSupportModulesInManaged (44ms)
				SetLoadedEditorAssemblies (3ms)
				RefreshPlugins (2ms)
				BeforeProcessingInitializeOnLoad (672ms)
				ProcessInitializeOnLoadAttributes (1307ms)
				ProcessInitializeOnLoadMethodAttributes (64ms)
				AfterProcessingInitializeOnLoad (80ms)
				EditorAssembliesLoaded (2ms)
			ExecutionOrderSort2 (0ms)
			AwakeInstancesAfterBackupRestoration (50ms)
Platform modules already initialized, skipping
Refreshing native plugins compatible for Editor in 3.00 ms, found 2 plugins.
Preloading 0 native plugins for Editor in 0.00 ms.
Unloading 1591 Unused Serialized files (Serialized files now loaded: 0)
System memory in use before: 90.8 MB.
System memory in use after: 90.9 MB.

Unloading 15 unused Assets to reduce memory usage. Loaded Objects now: 2084.
Total: 14.564300 ms (FindLiveObjects: 0.993100 ms CreateObjectMapping: 0.611900 ms MarkObjects: 12.842500 ms  DeleteObjects: 0.110600 ms)

AssetImportParameters requested are different than current active one (requested -> active):
  custom:framework-win-MediaFoundation: 216162199b28c13a410421893ffa2e32 -> 
  custom:video-decoder-ogg-theora: a1e56fd34408186e4bbccfd4996cb3dc -> 
  custom:container-muxer-webm: aa71ff27fc2769a1b78a27578f13a17b -> 
  custom:container-demuxer-webm: 4f35f7cbe854078d1ac9338744f61a02 -> 
  custom:container-demuxer-ogg: 62fdf1f143b41e24485cea50d1cbac27 -> 
  custom:video-encoder-webm-vp8: eb34c28f22e8b96e1ab97ce403110664 -> 
  custom:video-codec-MediaFoundation-h265: 746d11721c4dcdbdad8f713fa42b33f4 -> 
  custom:video-decoder-webm-vp8: 9c59270c3fd7afecdb556c50c9e8de78 -> 
  custom:audio-decoder-ogg-vorbis: bf7c407c2cedff20999df2af8eb42d56 -> 
  custom:audio-encoder-webm-vorbis: bf7c407c2cedff20999df2af8eb42d56 -> 
========================================================================
Received Prepare
Registering precompiled user dll's ...
Registered in 0.041980 seconds.
Begin MonoManager ReloadAssembly
Native extension for WindowsStandalone target not found
Native extension for WebGL target not found
Refreshing native plugins compatible for Editor in 1.45 ms, found 2 plugins.
Preloading 0 native plugins for Editor in 0.00 ms.
Mono: successfully reloaded assembly
- Completed reload, in  5.192 seconds
Domain Reload Profiling:
	ReloadAssembly (5194ms)
		BeginReloadAssembly (451ms)
			ExecutionOrderSort (0ms)
			DisableScriptedObjects (25ms)
			BackupInstance (0ms)
			ReleaseScriptingObjects (0ms)
			CreateAndSetChildDomain (110ms)
		EndReloadAssembly (4362ms)
			LoadAssemblies (454ms)
			RebuildTransferFunctionScriptingTraits (0ms)
			SetupTypeCache (1529ms)
			ReleaseScriptCaches (3ms)
			RebuildScriptCaches (221ms)
			SetupLoadedEditorAssemblies (1613ms)
				LogAssemblyErrors (0ms)
				InitializePlatformSupportModulesInManaged (30ms)
				SetLoadedEditorAssemblies (2ms)
				RefreshPlugins (2ms)
				BeforeProcessingInitializeOnLoad (614ms)
				ProcessInitializeOnLoadAttributes (899ms)
				ProcessInitializeOnLoadMethodAttributes (36ms)
				AfterProcessingInitializeOnLoad (30ms)
				EditorAssembliesLoaded (1ms)
			ExecutionOrderSort2 (0ms)
			AwakeInstancesAfterBackupRestoration (29ms)
Platform modules already initialized, skipping
Refreshing native plugins compatible for Editor in 1.96 ms, found 2 plugins.
Preloading 0 native plugins for Editor in 0.00 ms.
Unloading 1591 Unused Serialized files (Serialized files now loaded: 0)
System memory in use before: 90.8 MB.
System memory in use after: 90.9 MB.

Unloading 15 unused Assets to reduce memory usage. Loaded Objects now: 2086.
Total: 13.951200 ms (FindLiveObjects: 1.118400 ms CreateObjectMapping: 0.416700 ms MarkObjects: 12.300500 ms  DeleteObjects: 0.087800 ms)

AssetImportParameters requested are different than current active one (requested -> active):
  custom:framework-win-MediaFoundation: 216162199b28c13a410421893ffa2e32 -> 
  custom:video-decoder-ogg-theora: a1e56fd34408186e4bbccfd4996cb3dc -> 
  custom:container-muxer-webm: aa71ff27fc2769a1b78a27578f13a17b -> 
  custom:container-demuxer-webm: 4f35f7cbe854078d1ac9338744f61a02 -> 
  custom:container-demuxer-ogg: 62fdf1f143b41e24485cea50d1cbac27 -> 
  custom:video-encoder-webm-vp8: eb34c28f22e8b96e1ab97ce403110664 -> 
  custom:video-codec-MediaFoundation-h265: 746d11721c4dcdbdad8f713fa42b33f4 -> 
  custom:video-decoder-webm-vp8: 9c59270c3fd7afecdb556c50c9e8de78 -> 
  custom:audio-decoder-ogg-vorbis: bf7c407c2cedff20999df2af8eb42d56 -> 
  custom:audio-encoder-webm-vorbis: bf7c407c2cedff20999df2af8eb42d56 -> 
========================================================================
Received Import Request.
  Time since last request: 362.086631 seconds.
  path: Assets/ForMyGame/Prefabs/monster/Slime.prefab
  artifactKey: Guid(1e9dc3baaef13c049b954ce96f6d56d4) Importer(815301076,1909f56bfc062723c751e8b465ee728b)
Start importing Assets/ForMyGame/Prefabs/monster/Slime.prefab using Guid(1e9dc3baaef13c049b954ce96f6d56d4) Importer(815301076,1909f56bfc062723c751e8b465ee728b)  -> (artifact id: 'a47e5d94bc53b1a62508a17cb2f44c58') in 0.327983 seconds 
  Import took 0.375905 seconds .

========================================================================
Received Import Request.
  Time since last request: 45.030451 seconds.
  path: Assets/ForMyGame/Scripts/wixard_move.cs
  artifactKey: Guid(3224daa2cced4d542b0016b2e40969dd) Importer(815301076,1909f56bfc062723c751e8b465ee728b)
Start importing Assets/ForMyGame/Scripts/wixard_move.cs using Guid(3224daa2cced4d542b0016b2e40969dd) Importer(815301076,1909f56bfc062723c751e8b465ee728b)  -> (artifact id: '39e00fe23ddc5599dc0a64c82101acb6') in 0.134131 seconds 
  Import took 0.214667 seconds .

========================================================================
Received Prepare
Registering precompiled user dll's ...
Registered in 0.038597 seconds.
Begin MonoManager ReloadAssembly
Native extension for WindowsStandalone target not found
Native extension for WebGL target not found
Refreshing native plugins compatible for Editor in 1.53 ms, found 2 plugins.
Preloading 0 native plugins for Editor in 0.00 ms.
Mono: successfully reloaded assembly
- Completed reload, in  5.270 seconds
Domain Reload Profiling:
	ReloadAssembly (5272ms)
		BeginReloadAssembly (475ms)
			ExecutionOrderSort (0ms)
			DisableScriptedObjects (21ms)
			BackupInstance (0ms)
			ReleaseScriptingObjects (0ms)
			CreateAndSetChildDomain (134ms)
		EndReloadAssembly (4410ms)
			LoadAssemblies (473ms)
			RebuildTransferFunctionScriptingTraits (0ms)
			SetupTypeCache (1378ms)
			ReleaseScriptCaches (2ms)
			RebuildScriptCaches (289ms)
			SetupLoadedEditorAssemblies (1586ms)
				LogAssemblyErrors (0ms)
				InitializePlatformSupportModulesInManaged (22ms)
				SetLoadedEditorAssemblies (3ms)
				RefreshPlugins (2ms)
				BeforeProcessingInitializeOnLoad (456ms)
				ProcessInitializeOnLoadAttributes (1012ms)
				ProcessInitializeOnLoadMethodAttributes (41ms)
				AfterProcessingInitializeOnLoad (49ms)
				EditorAssembliesLoaded (1ms)
			ExecutionOrderSort2 (0ms)
			AwakeInstancesAfterBackupRestoration (62ms)
Platform modules already initialized, skipping
Refreshing native plugins compatible for Editor in 2.87 ms, found 2 plugins.
Preloading 0 native plugins for Editor in 0.00 ms.
Unloading 1591 Unused Serialized files (Serialized files now loaded: 0)
System memory in use before: 90.8 MB.
System memory in use after: 91.0 MB.

Unloading 15 unused Assets to reduce memory usage. Loaded Objects now: 2089.
Total: 16.405900 ms (FindLiveObjects: 1.740300 ms CreateObjectMapping: 0.363700 ms MarkObjects: 14.196500 ms  DeleteObjects: 0.098300 ms)

AssetImportParameters requested are different than current active one (requested -> active):
  custom:framework-win-MediaFoundation: 216162199b28c13a410421893ffa2e32 -> 
  custom:video-decoder-ogg-theora: a1e56fd34408186e4bbccfd4996cb3dc -> 
  custom:container-muxer-webm: aa71ff27fc2769a1b78a27578f13a17b -> 
  custom:container-demuxer-webm: 4f35f7cbe854078d1ac9338744f61a02 -> 
  custom:container-demuxer-ogg: 62fdf1f143b41e24485cea50d1cbac27 -> 
  custom:video-encoder-webm-vp8: eb34c28f22e8b96e1ab97ce403110664 -> 
  custom:video-codec-MediaFoundation-h265: 746d11721c4dcdbdad8f713fa42b33f4 -> 
  custom:video-decoder-webm-vp8: 9c59270c3fd7afecdb556c50c9e8de78 -> 
  custom:audio-decoder-ogg-vorbis: bf7c407c2cedff20999df2af8eb42d56 -> 
  custom:audio-encoder-webm-vorbis: bf7c407c2cedff20999df2af8eb42d56 -> 
========================================================================
Received Prepare
Registering precompiled user dll's ...
Registered in 0.023288 seconds.
Begin MonoManager ReloadAssembly
Native extension for WindowsStandalone target not found
Native extension for WebGL target not found
Refreshing native plugins compatible for Editor in 1.52 ms, found 2 plugins.
Preloading 0 native plugins for Editor in 0.00 ms.
Mono: successfully reloaded assembly
- Completed reload, in  3.968 seconds
Domain Reload Profiling:
	ReloadAssembly (3969ms)
		BeginReloadAssembly (384ms)
			ExecutionOrderSort (0ms)
			DisableScriptedObjects (17ms)
			BackupInstance (0ms)
			ReleaseScriptingObjects (0ms)
			CreateAndSetChildDomain (97ms)
		EndReloadAssembly (3309ms)
			LoadAssemblies (373ms)
			RebuildTransferFunctionScriptingTraits (0ms)
			SetupTypeCache (1204ms)
			ReleaseScriptCaches (2ms)
			RebuildScriptCaches (166ms)
			SetupLoadedEditorAssemblies (1162ms)
				LogAssemblyErrors (0ms)
				InitializePlatformSupportModulesInManaged (21ms)
				SetLoadedEditorAssemblies (2ms)
				RefreshPlugins (2ms)
				BeforeProcessingInitializeOnLoad (335ms)
				ProcessInitializeOnLoadAttributes (741ms)
				ProcessInitializeOnLoadMethodAttributes (31ms)
				AfterProcessingInitializeOnLoad (30ms)
				EditorAssembliesLoaded (1ms)
			ExecutionOrderSort2 (0ms)
			AwakeInstancesAfterBackupRestoration (28ms)
Platform modules already initialized, skipping
Refreshing native plugins compatible for Editor in 1.77 ms, found 2 plugins.
Preloading 0 native plugins for Editor in 0.00 ms.
Unloading 1591 Unused Serialized files (Serialized files now loaded: 0)
System memory in use before: 90.8 MB.
System memory in use after: 91.0 MB.

Unloading 15 unused Assets to reduce memory usage. Loaded Objects now: 2091.
Total: 9.638900 ms (FindLiveObjects: 0.645300 ms CreateObjectMapping: 0.161400 ms MarkObjects: 8.755600 ms  DeleteObjects: 0.070700 ms)

AssetImportParameters requested are different than current active one (requested -> active):
  custom:framework-win-MediaFoundation: 216162199b28c13a410421893ffa2e32 -> 
  custom:video-decoder-ogg-theora: a1e56fd34408186e4bbccfd4996cb3dc -> 
  custom:container-muxer-webm: aa71ff27fc2769a1b78a27578f13a17b -> 
  custom:container-demuxer-webm: 4f35f7cbe854078d1ac9338744f61a02 -> 
  custom:container-demuxer-ogg: 62fdf1f143b41e24485cea50d1cbac27 -> 
  custom:video-encoder-webm-vp8: eb34c28f22e8b96e1ab97ce403110664 -> 
  custom:video-codec-MediaFoundation-h265: 746d11721c4dcdbdad8f713fa42b33f4 -> 
  custom:video-decoder-webm-vp8: 9c59270c3fd7afecdb556c50c9e8de78 -> 
  custom:audio-decoder-ogg-vorbis: bf7c407c2cedff20999df2af8eb42d56 -> 
  custom:audio-encoder-webm-vorbis: bf7c407c2cedff20999df2af8eb42d56 -> 
========================================================================
Received Import Request.
  Time since last request: 667.528946 seconds.
  path: Assets/ForMyGame/Sounds/Mixer.mixer
  artifactKey: Guid(c184bfb7ca649a3409de769b65bbf008) Importer(815301076,1909f56bfc062723c751e8b465ee728b)
Start importing Assets/ForMyGame/Sounds/Mixer.mixer using Guid(c184bfb7ca649a3409de769b65bbf008) Importer(815301076,1909f56bfc062723c751e8b465ee728b)  -> (artifact id: '9c592a8df3cab4d0b004c8df5697b2f4') in 0.100542 seconds 
  Import took 0.158409 seconds .

========================================================================
Received Import Request.
  Time since last request: 2218.667458 seconds.
  path: Assets/_TerrainAutoUpgrade/layer_Ground1cc0f254a2c535401.terrainlayer
  artifactKey: Guid(eb69b51221f708544ba25e75fe2307dc) Importer(815301076,1909f56bfc062723c751e8b465ee728b)
Start importing Assets/_TerrainAutoUpgrade/layer_Ground1cc0f254a2c535401.terrainlayer using Guid(eb69b51221f708544ba25e75fe2307dc) Importer(815301076,1909f56bfc062723c751e8b465ee728b)  -> (artifact id: '707d53c8ae4e29b0dba0cfefa46e5436') in 8.865830 seconds 
  Import took 10.138054 seconds .

========================================================================
Received Import Request.
  Time since last request: 0.000806 seconds.
  path: Assets/_TerrainAutoUpgrade/layer_Ground3cc0f254a2c535401.terrainlayer
  artifactKey: Guid(b77a3ed133d5cef49938528713a506e5) Importer(815301076,1909f56bfc062723c751e8b465ee728b)
Start importing Assets/_TerrainAutoUpgrade/layer_Ground3cc0f254a2c535401.terrainlayer using Guid(b77a3ed133d5cef49938528713a506e5) Importer(815301076,1909f56bfc062723c751e8b465ee728b)  -> (artifact id: '50fe15fe5b798466c6818461c2aea3d1') in 0.323855 seconds 
  Import took 0.367490 seconds .

========================================================================
Received Import Request.
  Time since last request: 0.000778 seconds.
  path: Assets/_TerrainAutoUpgrade/layer_Ground2cc0f254a2c535401.terrainlayer
  artifactKey: Guid(b9682ae71b4a69844b0fd8c46359d840) Importer(815301076,1909f56bfc062723c751e8b465ee728b)
Start importing Assets/_TerrainAutoUpgrade/layer_Ground2cc0f254a2c535401.terrainlayer using Guid(b9682ae71b4a69844b0fd8c46359d840) Importer(815301076,1909f56bfc062723c751e8b465ee728b)  -> (artifact id: '1dbcfbe041ad052788fcb446142bbc23') in 1.020216 seconds 
  Import took 1.069476 seconds .

========================================================================
Received Import Request.
  Time since last request: 6.117310 seconds.
  path: Assets/Action RPG Music 1.3
  artifactKey: Guid(2e79c309896461b4593d67189b73e099) Importer(815301076,1909f56bfc062723c751e8b465ee728b)
Start importing Assets/Action RPG Music 1.3 using Guid(2e79c309896461b4593d67189b73e099) Importer(815301076,1909f56bfc062723c751e8b465ee728b)  -> (artifact id: '5803cb2df3b1f0ce5a96d3a0a94636f4') in 0.086128 seconds 
  Import took 0.164208 seconds .

========================================================================
Received Import Request.
  Time since last request: 1.287494 seconds.
  path: Assets/Action RPG Music 1.3/01Town0.wav
  artifactKey: Guid(013251c2b047f564ba21cb7da2daf341) Importer(815301076,1909f56bfc062723c751e8b465ee728b)
Start importing Assets/Action RPG Music 1.3/01Town0.wav using Guid(013251c2b047f564ba21cb7da2daf341) Importer(815301076,1909f56bfc062723c751e8b465ee728b)  -> (artifact id: 'a1ac90d9d1f097b7e4692d575debd9a2') in 7.727271 seconds 
  Import took 7.795784 seconds .

========================================================================
Received Import Request.
  Time since last request: 0.000757 seconds.
  path: Assets/Action RPG Music 1.3/05cave1.wav
  artifactKey: Guid(c9db73d1a6ceb2043b319ee28ea3d000) Importer(815301076,1909f56bfc062723c751e8b465ee728b)
Start importing Assets/Action RPG Music 1.3/05cave1.wav using Guid(c9db73d1a6ceb2043b319ee28ea3d000) Importer(815301076,1909f56bfc062723c751e8b465ee728b)  -> (artifact id: '49d2d25a29c04c5e61050d3574c800b5') in 0.161157 seconds 
  Import took 0.379929 seconds .

========================================================================
Received Import Request.
  Time since last request: 0.000725 seconds.
  path: Assets/Action RPG Music 1.3/01town2.wav
  artifactKey: Guid(18fa7f85faaee95408b6f749a5990a23) Importer(815301076,1909f56bfc062723c751e8b465ee728b)
Start importing Assets/Action RPG Music 1.3/01town2.wav using Guid(18fa7f85faaee95408b6f749a5990a23) Importer(815301076,1909f56bfc062723c751e8b465ee728b)  -> (artifact id: '821627241e41d25e0a1f9926655fc4f5') in 0.136805 seconds 
  Import took 0.163340 seconds .

========================================================================
Received Import Request.
  Time since last request: 0.000700 seconds.
  path: Assets/Action RPG Music 1.3/04forest5.wav
  artifactKey: Guid(b25699b930ca8f24c8bb73149eec0615) Importer(815301076,1909f56bfc062723c751e8b465ee728b)
Start importing Assets/Action RPG Music 1.3/04forest5.wav using Guid(b25699b930ca8f24c8bb73149eec0615) Importer(815301076,1909f56bfc062723c751e8b465ee728b)  -> (artifact id: '11734839fe5541d937c96f4b3ddaf34d') in 0.219630 seconds 
  Import took 0.325049 seconds .

========================================================================
Received Import Request.
  Time since last request: 0.000879 seconds.
  path: Assets/Action RPG Music 1.3/01town4.wav
  artifactKey: Guid(1c839fa2a535b1e4585c2731d565dfd3) Importer(815301076,1909f56bfc062723c751e8b465ee728b)
Start importing Assets/Action RPG Music 1.3/01town4.wav using Guid(1c839fa2a535b1e4585c2731d565dfd3) Importer(815301076,1909f56bfc062723c751e8b465ee728b)  -> (artifact id: '766be32222b18035575a31db790d8183') in 0.218729 seconds 
  Import took 0.288240 seconds .

========================================================================
Received Import Request.
  Time since last request: 0.000806 seconds.
  path: Assets/Action RPG Music 1.3/01town1.wav
  artifactKey: Guid(c96867f6777a7814a8683df6eca37afa) Importer(815301076,1909f56bfc062723c751e8b465ee728b)
Start importing Assets/Action RPG Music 1.3/01town1.wav using Guid(c96867f6777a7814a8683df6eca37afa) Importer(815301076,1909f56bfc062723c751e8b465ee728b)  -> (artifact id: '77ec808714dcf17831870c5cfb4e7444') in 0.143183 seconds 
  Import took 0.200148 seconds .

========================================================================
Received Import Request.
  Time since last request: 0.002850 seconds.
  path: Assets/Action RPG Music 1.3/02store1.wav
  artifactKey: Guid(c630ba7ffa7abe44993cb696c3609d58) Importer(815301076,1909f56bfc062723c751e8b465ee728b)
Start importing Assets/Action RPG Music 1.3/02store1.wav using Guid(c630ba7ffa7abe44993cb696c3609d58) Importer(815301076,1909f56bfc062723c751e8b465ee728b)  -> (artifact id: 'd1e8099f2a5f04d70889fad78e3604ae') in 0.077780 seconds 
  Import took 0.181183 seconds .

========================================================================
Received Import Request.
  Time since last request: 0.000779 seconds.
  path: Assets/Action RPG Music 1.3/04forest1.wav
  artifactKey: Guid(c7f9f1e62b73d6744ad4020ed1ef0e64) Importer(815301076,1909f56bfc062723c751e8b465ee728b)
Start importing Assets/Action RPG Music 1.3/04forest1.wav using Guid(c7f9f1e62b73d6744ad4020ed1ef0e64) Importer(815301076,1909f56bfc062723c751e8b465ee728b)  -> (artifact id: '1db407a57a131a81735a617fc172fd97') in 0.181699 seconds 
  Import took 0.190661 seconds .

========================================================================
Received Import Request.
  Time since last request: 0.000859 seconds.
  path: Assets/Action RPG Music 1.3/04forest2.wav
  artifactKey: Guid(24dc1269b3eeb7e42aa8ca43ee57c255) Importer(815301076,1909f56bfc062723c751e8b465ee728b)
Start importing Assets/Action RPG Music 1.3/04forest2.wav using Guid(24dc1269b3eeb7e42aa8ca43ee57c255) Importer(815301076,1909f56bfc062723c751e8b465ee728b)  -> (artifact id: 'f04c53706024fa7f5dcb494878b5dcba') in 0.181002 seconds 
  Import took 0.249177 seconds .

========================================================================
Received Import Request.
  Time since last request: 0.000781 seconds.
  path: Assets/Action RPG Music 1.3/05cave3.wav
  artifactKey: Guid(509b714987751894ea3ae2ac980e7304) Importer(815301076,1909f56bfc062723c751e8b465ee728b)
Start importing Assets/Action RPG Music 1.3/05cave3.wav using Guid(509b714987751894ea3ae2ac980e7304) Importer(815301076,1909f56bfc062723c751e8b465ee728b)  -> (artifact id: '013dd08042aa25d87fde1bfcfbfeb9b8') in 0.183523 seconds 
  Import took 0.232434 seconds .

========================================================================
Received Import Request.
  Time since last request: 0.000855 seconds.
  path: Assets/Action RPG Music 1.3/03bar2NL.wav
  artifactKey: Guid(8a50e225aad37e447bf344f9d88f4700) Importer(815301076,1909f56bfc062723c751e8b465ee728b)
Start importing Assets/Action RPG Music 1.3/03bar2NL.wav using Guid(8a50e225aad37e447bf344f9d88f4700) Importer(815301076,1909f56bfc062723c751e8b465ee728b)  -> (artifact id: '0a7db3a38b943a4e3d858400c9801412') in 0.229641 seconds 
  Import took 0.326421 seconds .

========================================================================
Received Import Request.
  Time since last request: 0.000812 seconds.
  path: Assets/Action RPG Music 1.3/02store2.wav
  artifactKey: Guid(5598b10f4202cfb4fb4f51698069ade7) Importer(815301076,1909f56bfc062723c751e8b465ee728b)
Start importing Assets/Action RPG Music 1.3/02store2.wav using Guid(5598b10f4202cfb4fb4f51698069ade7) Importer(815301076,1909f56bfc062723c751e8b465ee728b)  -> (artifact id: 'ccf8719cce18b287637f7927c5ef2ce7') in 0.261330 seconds 
  Import took 0.411663 seconds .

========================================================================
Received Import Request.
  Time since last request: 0.000732 seconds.
  path: Assets/Action RPG Music 1.3/03bar1.wav
  artifactKey: Guid(c4cec0291a10dc64d8d27f015f6bffc6) Importer(815301076,1909f56bfc062723c751e8b465ee728b)
Start importing Assets/Action RPG Music 1.3/03bar1.wav using Guid(c4cec0291a10dc64d8d27f015f6bffc6) Importer(815301076,1909f56bfc062723c751e8b465ee728b)  -> (artifact id: 'd5f273476ddf8f97391a8cbf248f4a86') in 0.106977 seconds 
  Import took 0.267272 seconds .

========================================================================
Received Import Request.
  Time since last request: 0.000971 seconds.
  path: Assets/Action RPG Music 1.3/06castle1.wav
  artifactKey: Guid(ceb5e78582a3efd4fb9a6b33f2d35618) Importer(815301076,1909f56bfc062723c751e8b465ee728b)
Start importing Assets/Action RPG Music 1.3/06castle1.wav using Guid(ceb5e78582a3efd4fb9a6b33f2d35618) Importer(815301076,1909f56bfc062723c751e8b465ee728b)  -> (artifact id: 'b903c1782618bb7c3cd69a1730cb2114') in 0.091550 seconds 
  Import took 0.137844 seconds .

========================================================================
Received Import Request.
  Time since last request: 0.000958 seconds.
  path: Assets/Action RPG Music 1.3/04forest6.wav
  artifactKey: Guid(0ebb992e4ba08a94abc9bc5899959781) Importer(815301076,1909f56bfc062723c751e8b465ee728b)
Start importing Assets/Action RPG Music 1.3/04forest6.wav using Guid(0ebb992e4ba08a94abc9bc5899959781) Importer(815301076,1909f56bfc062723c751e8b465ee728b)  -> (artifact id: '69e3f747b7a82840de85eed10e1f5665') in 0.088834 seconds 
  Import took 0.167573 seconds .

========================================================================
Received Import Request.
  Time since last request: 0.000624 seconds.
  path: Assets/Action RPG Music 1.3/04forest3.wav
  artifactKey: Guid(650b03d44ee487c499da93c2c40bca17) Importer(815301076,1909f56bfc062723c751e8b465ee728b)
Start importing Assets/Action RPG Music 1.3/04forest3.wav using Guid(650b03d44ee487c499da93c2c40bca17) Importer(815301076,1909f56bfc062723c751e8b465ee728b)  -> (artifact id: 'eb520fe7aedbc12cf24a11dce2ac0f5d') in 0.087456 seconds 
  Import took 0.129364 seconds .

========================================================================
Received Import Request.
  Time since last request: 62.175945 seconds.
  path: Assets/Action RPG Music 1.3/06castle2.wav
  artifactKey: Guid(27ae589d4af618948ad65f4a5f4215f4) Importer(815301076,1909f56bfc062723c751e8b465ee728b)
Start importing Assets/Action RPG Music 1.3/06castle2.wav using Guid(27ae589d4af618948ad65f4a5f4215f4) Importer(815301076,1909f56bfc062723c751e8b465ee728b)  -> (artifact id: '653ed18fad8a3446f8f7c645c45e72d6') in 0.233316 seconds 
  Import took 0.325685 seconds .

========================================================================
Received Import Request.
  Time since last request: 0.000739 seconds.
  path: Assets/Action RPG Music 1.3/07island1v1.wav
  artifactKey: Guid(d85d3899973eab1429ba88aeea28a002) Importer(815301076,1909f56bfc062723c751e8b465ee728b)
Start importing Assets/Action RPG Music 1.3/07island1v1.wav using Guid(d85d3899973eab1429ba88aeea28a002) Importer(815301076,1909f56bfc062723c751e8b465ee728b)  -> (artifact id: '73865e0ca3eee57341d9cc762b6a5731') in 0.164438 seconds 
  Import took 0.205908 seconds .

========================================================================
Received Import Request.
  Time since last request: 0.000930 seconds.
  path: Assets/Action RPG Music 1.3/07island1v2.wav
  artifactKey: Guid(15ac5489406ebc34e9e090123e319c12) Importer(815301076,1909f56bfc062723c751e8b465ee728b)
Start importing Assets/Action RPG Music 1.3/07island1v2.wav using Guid(15ac5489406ebc34e9e090123e319c12) Importer(815301076,1909f56bfc062723c751e8b465ee728b)  -> (artifact id: '75759c3f493a0b88ff13e71ad1710c44') in 0.177687 seconds 
  Import took 0.191757 seconds .

========================================================================
Received Import Request.
  Time since last request: 25.551501 seconds.
  path: Assets/Action RPG Music 1.3/07island2.wav
  artifactKey: Guid(cf62450d7e35f6e46af6204a4d379f43) Importer(815301076,1909f56bfc062723c751e8b465ee728b)
Start importing Assets/Action RPG Music 1.3/07island2.wav using Guid(cf62450d7e35f6e46af6204a4d379f43) Importer(815301076,1909f56bfc062723c751e8b465ee728b)  -> (artifact id: 'd206f5b9ee6fd40fc306bd4fa3e26eff') in 0.144171 seconds 
  Import took 0.163387 seconds .

========================================================================
Received Import Request.
  Time since last request: 0.000823 seconds.
  path: Assets/Action RPG Music 1.3/08travel1.wav
  artifactKey: Guid(cc62eead172ce2a4bbefbde66119962e) Importer(815301076,1909f56bfc062723c751e8b465ee728b)
Start importing Assets/Action RPG Music 1.3/08travel1.wav using Guid(cc62eead172ce2a4bbefbde66119962e) Importer(815301076,1909f56bfc062723c751e8b465ee728b)  -> (artifact id: '941d4ed628bcedf71736aae13800bf5d') in 0.395445 seconds 
  Import took 0.439022 seconds .

========================================================================
Received Import Request.
  Time since last request: 0.001151 seconds.
  path: Assets/Action RPG Music 1.3/08sail1.wav
  artifactKey: Guid(cf8a8dc92b626a948bf924f3acc59c65) Importer(815301076,1909f56bfc062723c751e8b465ee728b)
Start importing Assets/Action RPG Music 1.3/08sail1.wav using Guid(cf8a8dc92b626a948bf924f3acc59c65) Importer(815301076,1909f56bfc062723c751e8b465ee728b)  -> (artifact id: 'acb131e06d54ffe1d8f40fb53971c918') in 0.177914 seconds 
  Import took 0.209380 seconds .

========================================================================
Received Import Request.
  Time since last request: 5.572080 seconds.
  path: Assets/Action RPG Music 1.3/08travel2.wav
  artifactKey: Guid(ea4d2622de682f7428253cca1618e098) Importer(815301076,1909f56bfc062723c751e8b465ee728b)
Start importing Assets/Action RPG Music 1.3/08travel2.wav using Guid(ea4d2622de682f7428253cca1618e098) Importer(815301076,1909f56bfc062723c751e8b465ee728b)  -> (artifact id: '45cb9de3f876a5dc82694f4eb91afe77') in 0.176275 seconds 
  Import took 0.204621 seconds .

========================================================================
Received Import Request.
  Time since last request: 0.000422 seconds.
  path: Assets/Action RPG Music 1.3/08travel4.wav
  artifactKey: Guid(d24eb19ed729d334da51e43188bd185f) Importer(815301076,1909f56bfc062723c751e8b465ee728b)
Start importing Assets/Action RPG Music 1.3/08travel4.wav using Guid(d24eb19ed729d334da51e43188bd185f) Importer(815301076,1909f56bfc062723c751e8b465ee728b)  -> (artifact id: 'c24f746e8d01af45af05553f2375d1a2') in 0.235302 seconds 
  Import took 0.278730 seconds .

========================================================================
Received Import Request.
  Time since last request: 0.003041 seconds.
  path: Assets/Action RPG Music 1.3/09battle2.wav
  artifactKey: Guid(c7bd3f612533f8d44bcf1fbec5300b13) Importer(815301076,1909f56bfc062723c751e8b465ee728b)
Start importing Assets/Action RPG Music 1.3/09battle2.wav using Guid(c7bd3f612533f8d44bcf1fbec5300b13) Importer(815301076,1909f56bfc062723c751e8b465ee728b)  -> (artifact id: '462b0f0013fa5b63cb2196ab04dd9809') in 0.149126 seconds 
  Import took 0.160799 seconds .

========================================================================
Received Import Request.
  Time since last request: 26.270367 seconds.
  path: Assets/Action RPG Music 1.3/09battle3.wav
  artifactKey: Guid(1c5047b50b799cc4e82f6cf09039ba76) Importer(815301076,1909f56bfc062723c751e8b465ee728b)
Start importing Assets/Action RPG Music 1.3/09battle3.wav using Guid(1c5047b50b799cc4e82f6cf09039ba76) Importer(815301076,1909f56bfc062723c751e8b465ee728b)  -> (artifact id: '09cf44dcca0eaef08b0f0e278dde88bd') in 0.182627 seconds 
  Import took 0.258796 seconds .

========================================================================
Received Import Request.
  Time since last request: 0.000833 seconds.
  path: Assets/Action RPG Music 1.3/09battle8.wav
  artifactKey: Guid(b5eeef0b353a9334bab458724e62e1ed) Importer(815301076,1909f56bfc062723c751e8b465ee728b)
Start importing Assets/Action RPG Music 1.3/09battle8.wav using Guid(b5eeef0b353a9334bab458724e62e1ed) Importer(815301076,1909f56bfc062723c751e8b465ee728b)  -> (artifact id: 'e6ecf775c3a669ddb892fbadfdd387c1') in 0.148203 seconds 
  Import took 0.257328 seconds .

========================================================================
Received Import Request.
  Time since last request: 0.000767 seconds.
  path: Assets/Action RPG Music 1.3/10credits1.wav
  artifactKey: Guid(db1c93a6efe2c6f45923fd4641074569) Importer(815301076,1909f56bfc062723c751e8b465ee728b)
Start importing Assets/Action RPG Music 1.3/10credits1.wav using Guid(db1c93a6efe2c6f45923fd4641074569) Importer(815301076,1909f56bfc062723c751e8b465ee728b)  -> (artifact id: 'b29b0d1f1ad5afab6b8f8583a363914b') in 0.196042 seconds 
  Import took 0.227542 seconds .

========================================================================
Received Import Request.
  Time since last request: 3.424827 seconds.
  path: Assets/Action RPG Music 1.3/11minigame1.wav
  artifactKey: Guid(968f5db6df9e1454497748f5250ef7f0) Importer(815301076,1909f56bfc062723c751e8b465ee728b)
Start importing Assets/Action RPG Music 1.3/11minigame1.wav using Guid(968f5db6df9e1454497748f5250ef7f0) Importer(815301076,1909f56bfc062723c751e8b465ee728b)  -> (artifact id: '3656b8bc151ec8d50abb003d039ece94') in 0.143628 seconds 
  Import took 0.172248 seconds .

========================================================================
Received Import Request.
  Time since last request: 0.000708 seconds.
  path: Assets/Action RPG Music 1.3/12win1NL.wav
  artifactKey: Guid(fd6904045c8e41949ab272ce8c3b9f08) Importer(815301076,1909f56bfc062723c751e8b465ee728b)
Start importing Assets/Action RPG Music 1.3/12win1NL.wav using Guid(fd6904045c8e41949ab272ce8c3b9f08) Importer(815301076,1909f56bfc062723c751e8b465ee728b)  -> (artifact id: '18f7100e2f06d8a1f1c4a641e3223d3e') in 0.200315 seconds 
  Import took 0.263656 seconds .

========================================================================
Received Import Request.
  Time since last request: 0.036838 seconds.
  path: Assets/Action RPG Music 1.3/12win8NL.wav
  artifactKey: Guid(3e330266602e1a34f9c9226acb49659a) Importer(815301076,1909f56bfc062723c751e8b465ee728b)
Start importing Assets/Action RPG Music 1.3/12win8NL.wav using Guid(3e330266602e1a34f9c9226acb49659a) Importer(815301076,1909f56bfc062723c751e8b465ee728b)  -> (artifact id: '1a7815612c1870f6176cdfd192b9b7cd') in 0.169178 seconds 
  Import took 0.207798 seconds .

========================================================================
Received Import Request.
  Time since last request: 0.001000 seconds.
  path: Assets/Action RPG Music 1.3/12win5NL.wav
  artifactKey: Guid(bbc9cd122808540408c4bd43fddd3810) Importer(815301076,1909f56bfc062723c751e8b465ee728b)
Start importing Assets/Action RPG Music 1.3/12win5NL.wav using Guid(bbc9cd122808540408c4bd43fddd3810) Importer(815301076,1909f56bfc062723c751e8b465ee728b)  -> (artifact id: '626491e9428b91ab35346e050b8e79ef') in 0.156466 seconds 
  Import took 0.229948 seconds .

========================================================================
Received Import Request.
  Time since last request: 0.001117 seconds.
  path: Assets/Action RPG Music 1.3/12win2NL.wav
  artifactKey: Guid(168647f9fee82e3438427a080e32aba3) Importer(815301076,1909f56bfc062723c751e8b465ee728b)
Start importing Assets/Action RPG Music 1.3/12win2NL.wav using Guid(168647f9fee82e3438427a080e32aba3) Importer(815301076,1909f56bfc062723c751e8b465ee728b)  -> (artifact id: '73a4ced25224b234f8fa74c350632d04') in 0.130867 seconds 
  Import took 0.180028 seconds .

========================================================================
Received Import Request.
  Time since last request: 0.000781 seconds.
  path: Assets/Action RPG Music 1.3/13gameover1V1NL.wav
  artifactKey: Guid(b48833ff7c0cc4e42b17ef1b20f9ecf4) Importer(815301076,1909f56bfc062723c751e8b465ee728b)
Start importing Assets/Action RPG Music 1.3/13gameover1V1NL.wav using Guid(b48833ff7c0cc4e42b17ef1b20f9ecf4) Importer(815301076,1909f56bfc062723c751e8b465ee728b)  -> (artifact id: '845ce18d130688655b4006a8c028c11c') in 0.227245 seconds 
  Import took 0.328576 seconds .

========================================================================
Received Import Request.
  Time since last request: 18.181355 seconds.
  path: Assets/Action RPG Music 1.3/13gameover1V2NL.wav
  artifactKey: Guid(9a46a92e69e83fa4cb19758be5497575) Importer(815301076,1909f56bfc062723c751e8b465ee728b)
Start importing Assets/Action RPG Music 1.3/13gameover1V2NL.wav using Guid(9a46a92e69e83fa4cb19758be5497575) Importer(815301076,1909f56bfc062723c751e8b465ee728b)  -> (artifact id: '19d123fb08be351b25df956c61030466') in 0.308914 seconds 
  Import took 0.365388 seconds .

========================================================================
Received Import Request.
  Time since last request: 0.001014 seconds.
  path: Assets/Action RPG Music 1.3/13gameover3NL.wav
  artifactKey: Guid(53cf359ba6723ed46bd1f96e7304cd83) Importer(815301076,1909f56bfc062723c751e8b465ee728b)
Start importing Assets/Action RPG Music 1.3/13gameover3NL.wav using Guid(53cf359ba6723ed46bd1f96e7304cd83) Importer(815301076,1909f56bfc062723c751e8b465ee728b)  -> (artifact id: '2c4c0b8603f69cae8e71a246f55a5507') in 0.211256 seconds 
  Import took 0.257856 seconds .

========================================================================
Received Import Request.
  Time since last request: 0.000827 seconds.
  path: Assets/Action RPG Music 1.3/13gameover2NL.wav
  artifactKey: Guid(10eac0b6a54af9f4d95a5abcb012f476) Importer(815301076,1909f56bfc062723c751e8b465ee728b)
Start importing Assets/Action RPG Music 1.3/13gameover2NL.wav using Guid(10eac0b6a54af9f4d95a5abcb012f476) Importer(815301076,1909f56bfc062723c751e8b465ee728b)  -> (artifact id: 'c65adfdb41407451dcb52106d640dbdb') in 0.141784 seconds 
  Import took 0.172730 seconds .

========================================================================
Received Import Request.
  Time since last request: 1.164522 seconds.
  path: Assets/Action RPG Music 1.3/13gameover4NL.wav
  artifactKey: Guid(546059281075e574984d4edba76a20b3) Importer(815301076,1909f56bfc062723c751e8b465ee728b)
Start importing Assets/Action RPG Music 1.3/13gameover4NL.wav using Guid(546059281075e574984d4edba76a20b3) Importer(815301076,1909f56bfc062723c751e8b465ee728b)  -> (artifact id: 'c81de32cf7b5ceb7481c1052f4b5d942') in 0.174730 seconds 
  Import took 0.202636 seconds .

========================================================================
Received Import Request.
  Time since last request: 0.005455 seconds.
  path: Assets/Action RPG Music 1.3/13gameover5NL.wav
  artifactKey: Guid(328f76fd378aa3d44aabd9cc3299887c) Importer(815301076,1909f56bfc062723c751e8b465ee728b)
Start importing Assets/Action RPG Music 1.3/13gameover5NL.wav using Guid(328f76fd378aa3d44aabd9cc3299887c) Importer(815301076,1909f56bfc062723c751e8b465ee728b)  -> (artifact id: '26470a3958522f4480665486f803aed5') in 0.187469 seconds 
  Import took 0.222530 seconds .

========================================================================
Received Import Request.
  Time since last request: 0.001122 seconds.
  path: Assets/Action RPG Music 1.3/13gameover6NL.wav
  artifactKey: Guid(951ee10c18100e04f9f56f159ef9b5d5) Importer(815301076,1909f56bfc062723c751e8b465ee728b)
Start importing Assets/Action RPG Music 1.3/13gameover6NL.wav using Guid(951ee10c18100e04f9f56f159ef9b5d5) Importer(815301076,1909f56bfc062723c751e8b465ee728b)  -> (artifact id: 'c9012818f5ead28736d1769e2a1c8f66') in 0.209063 seconds 
  Import took 0.238363 seconds .

========================================================================
Received Import Request.
  Time since last request: 2.584476 seconds.
  path: Assets/Action RPG Music 1.3/13gameover8NL.wav
  artifactKey: Guid(6c9f08c93a5296949bfc856c43a5479a) Importer(815301076,1909f56bfc062723c751e8b465ee728b)
Start importing Assets/Action RPG Music 1.3/13gameover8NL.wav using Guid(6c9f08c93a5296949bfc856c43a5479a) Importer(815301076,1909f56bfc062723c751e8b465ee728b)  -> (artifact id: '8dd0304d8d4a741846a9c5fb6190a98b') in 0.144915 seconds 
  Import took 0.203364 seconds .

========================================================================
Received Import Request.
  Time since last request: 0.000768 seconds.
  path: Assets/Action RPG Music 1.3/13gameover9NL.wav
  artifactKey: Guid(3ac6f6f3c364dd142b409789ed72cedb) Importer(815301076,1909f56bfc062723c751e8b465ee728b)
Start importing Assets/Action RPG Music 1.3/13gameover9NL.wav using Guid(3ac6f6f3c364dd142b409789ed72cedb) Importer(815301076,1909f56bfc062723c751e8b465ee728b)  -> (artifact id: 'd063ccc61d04ee8b30526cd2062cefaa') in 0.178384 seconds 
  Import took 0.209095 seconds .

========================================================================
Received Import Request.
  Time since last request: 0.000873 seconds.
  path: Assets/Action RPG Music 1.3/14doorNL.wav
  artifactKey: Guid(50d66a89bc04b08469776171717573c3) Importer(815301076,1909f56bfc062723c751e8b465ee728b)
Start importing Assets/Action RPG Music 1.3/14doorNL.wav using Guid(50d66a89bc04b08469776171717573c3) Importer(815301076,1909f56bfc062723c751e8b465ee728b)  -> (artifact id: 'b2597e08dd2bd35671a0f50acc22578b') in 0.216223 seconds 
  Import took 0.224439 seconds .

========================================================================
Received Import Request.
  Time since last request: 0.106499 seconds.
  path: Assets/Action RPG Music 1.3/14entranceNL.wav
  artifactKey: Guid(8cf4449f1f1883345a8dab6eab4db240) Importer(815301076,1909f56bfc062723c751e8b465ee728b)
Start importing Assets/Action RPG Music 1.3/14entranceNL.wav using Guid(8cf4449f1f1883345a8dab6eab4db240) Importer(815301076,1909f56bfc062723c751e8b465ee728b)  -> (artifact id: 'ff1b71293d82650beae9c947998513c1') in 0.164893 seconds 
  Import took 0.220193 seconds .

========================================================================
Received Import Request.
  Time since last request: 0.000768 seconds.
  path: Assets/Action RPG Music 1.3/14levelup2NL.wav
  artifactKey: Guid(13f8e7c2c1b7bb6429222c409839bdd0) Importer(815301076,1909f56bfc062723c751e8b465ee728b)
Start importing Assets/Action RPG Music 1.3/14levelup2NL.wav using Guid(13f8e7c2c1b7bb6429222c409839bdd0) Importer(815301076,1909f56bfc062723c751e8b465ee728b)  -> (artifact id: '398d3ad0ec4a92ac86da9116fd8da6b4') in 0.240828 seconds 
  Import took 0.290387 seconds .

========================================================================
Received Import Request.
  Time since last request: 0.000845 seconds.
  path: Assets/Action RPG Music 1.3/14levelup1NL.wav
  artifactKey: Guid(4954413055e67524188f589cd74d053c) Importer(815301076,1909f56bfc062723c751e8b465ee728b)
Start importing Assets/Action RPG Music 1.3/14levelup1NL.wav using Guid(4954413055e67524188f589cd74d053c) Importer(815301076,1909f56bfc062723c751e8b465ee728b)  -> (artifact id: 'dcf51f693fd30a8b61af59054f5cbbfa') in 0.295780 seconds 
  Import took 0.378073 seconds .

========================================================================
Received Import Request.
  Time since last request: 0.091300 seconds.
  path: Assets/Action RPG Music 1.3/14secret1NL.wav
  artifactKey: Guid(fbf66c7552cfb5c4dae8f28d2ed99d48) Importer(815301076,1909f56bfc062723c751e8b465ee728b)
Start importing Assets/Action RPG Music 1.3/14secret1NL.wav using Guid(fbf66c7552cfb5c4dae8f28d2ed99d48) Importer(815301076,1909f56bfc062723c751e8b465ee728b)  -> (artifact id: 'f6d923861bead9976cbed4d7f8afcb1f') in 0.204493 seconds 
  Import took 0.272436 seconds .

========================================================================
Received Import Request.
  Time since last request: 0.001320 seconds.
  path: Assets/Action RPG Music 1.3/14short2NL.wav
  artifactKey: Guid(f69cee133fe2a4a40ae067ad459d7d3a) Importer(815301076,1909f56bfc062723c751e8b465ee728b)
Start importing Assets/Action RPG Music 1.3/14short2NL.wav using Guid(f69cee133fe2a4a40ae067ad459d7d3a) Importer(815301076,1909f56bfc062723c751e8b465ee728b)  -> (artifact id: 'f016520119bf4805a56fa7012c501da9') in 0.195186 seconds 
  Import took 0.236186 seconds .

========================================================================
Received Import Request.
  Time since last request: 0.002400 seconds.
  path: Assets/Action RPG Music 1.3/14short1NL.wav
  artifactKey: Guid(0ba3784f4c1d5df4689af04bc722b31a) Importer(815301076,1909f56bfc062723c751e8b465ee728b)
Start importing Assets/Action RPG Music 1.3/14short1NL.wav using Guid(0ba3784f4c1d5df4689af04bc722b31a) Importer(815301076,1909f56bfc062723c751e8b465ee728b)  -> (artifact id: 'e0695998779060cc9b81a953a29a50fd') in 0.173637 seconds 
  Import took 0.234387 seconds .

========================================================================
Received Import Request.
  Time since last request: 0.001475 seconds.
  path: Assets/Action RPG Music 1.3/14short3NL.wav
  artifactKey: Guid(aaa9345fc5b00ea40b9cb0abb4bfa928) Importer(815301076,1909f56bfc062723c751e8b465ee728b)
Start importing Assets/Action RPG Music 1.3/14short3NL.wav using Guid(aaa9345fc5b00ea40b9cb0abb4bfa928) Importer(815301076,1909f56bfc062723c751e8b465ee728b)  -> (artifact id: '2e8a2da2a4f90ffd067b742637091381') in 0.170001 seconds 
  Import took 0.215542 seconds .

========================================================================
Received Import Request.
  Time since last request: 0.000784 seconds.
  path: Assets/Action RPG Music 1.3/14short4NL.wav
  artifactKey: Guid(24fdb4b180e2df947885e5c3cb91b31a) Importer(815301076,1909f56bfc062723c751e8b465ee728b)
Start importing Assets/Action RPG Music 1.3/14short4NL.wav using Guid(24fdb4b180e2df947885e5c3cb91b31a) Importer(815301076,1909f56bfc062723c751e8b465ee728b)  -> (artifact id: 'b55f36086f08631abd6da6722235bf96') in 0.182978 seconds 
  Import took 0.228557 seconds .

========================================================================
Received Import Request.
  Time since last request: 198.039356 seconds.
  path: Assets/Action RPG Music 1.3/09battle2.wav
  artifactKey: Guid(c7bd3f612533f8d44bcf1fbec5300b13) Importer(815301076,1909f56bfc062723c751e8b465ee728b)
Start importing Assets/Action RPG Music 1.3/09battle2.wav using Guid(c7bd3f612533f8d44bcf1fbec5300b13) Importer(815301076,1909f56bfc062723c751e8b465ee728b)  -> (artifact id: '3171bf5d9efd81653ee067c25576eba9') in 0.094118 seconds 
  Import took 0.146716 seconds .

========================================================================
Received Prepare
Registering precompiled user dll's ...
Registered in 0.260401 seconds.
Begin MonoManager ReloadAssembly
Native extension for WindowsStandalone target not found
Native extension for WebGL target not found
Refreshing native plugins compatible for Editor in 2.04 ms, found 2 plugins.
Preloading 0 native plugins for Editor in 0.00 ms.
Mono: successfully reloaded assembly
- Completed reload, in 17.865 seconds
Domain Reload Profiling:
	ReloadAssembly (17950ms)
		BeginReloadAssembly (10104ms)
			ExecutionOrderSort (0ms)
			DisableScriptedObjects (697ms)
			BackupInstance (0ms)
			ReleaseScriptingObjects (0ms)
			CreateAndSetChildDomain (7497ms)
		EndReloadAssembly (6703ms)
			LoadAssemblies (1411ms)
			RebuildTransferFunctionScriptingTraits (1ms)
			SetupTypeCache (2614ms)
			ReleaseScriptCaches (24ms)
			RebuildScriptCaches (184ms)
			SetupLoadedEditorAssemblies (1964ms)
				LogAssemblyErrors (0ms)
				InitializePlatformSupportModulesInManaged (37ms)
				SetLoadedEditorAssemblies (17ms)
				RefreshPlugins (2ms)
				BeforeProcessingInitializeOnLoad (633ms)
				ProcessInitializeOnLoadAttributes (1186ms)
				ProcessInitializeOnLoadMethodAttributes (41ms)
				AfterProcessingInitializeOnLoad (45ms)
				EditorAssembliesLoaded (2ms)
			ExecutionOrderSort2 (0ms)
			AwakeInstancesAfterBackupRestoration (29ms)
Platform modules already initialized, skipping
Refreshing native plugins compatible for Editor in 2.53 ms, found 2 plugins.
Preloading 0 native plugins for Editor in 0.00 ms.
Unloading 1591 Unused Serialized files (Serialized files now loaded: 0)
System memory in use before: 91.0 MB.
System memory in use after: 91.1 MB.

Unloading 15 unused Assets to reduce memory usage. Loaded Objects now: 2099.
Total: 14.624300 ms (FindLiveObjects: 0.782500 ms CreateObjectMapping: 0.276600 ms MarkObjects: 13.151000 ms  DeleteObjects: 0.407500 ms)

AssetImportParameters requested are different than current active one (requested -> active):
  custom:framework-win-MediaFoundation: 216162199b28c13a410421893ffa2e32 -> 
  custom:video-decoder-ogg-theora: a1e56fd34408186e4bbccfd4996cb3dc -> 
  custom:container-muxer-webm: aa71ff27fc2769a1b78a27578f13a17b -> 
  custom:container-demuxer-webm: 4f35f7cbe854078d1ac9338744f61a02 -> 
  custom:container-demuxer-ogg: 62fdf1f143b41e24485cea50d1cbac27 -> 
  custom:video-encoder-webm-vp8: eb34c28f22e8b96e1ab97ce403110664 -> 
  custom:video-codec-MediaFoundation-h265: 746d11721c4dcdbdad8f713fa42b33f4 -> 
  custom:video-decoder-webm-vp8: 9c59270c3fd7afecdb556c50c9e8de78 -> 
  custom:audio-decoder-ogg-vorbis: bf7c407c2cedff20999df2af8eb42d56 -> 
  custom:audio-encoder-webm-vorbis: bf7c407c2cedff20999df2af8eb42d56 -> 
========================================================================
Received Prepare
Registering precompiled user dll's ...
Registered in 0.080369 seconds.
Begin MonoManager ReloadAssembly
Native extension for WindowsStandalone target not found
Native extension for WebGL target not found
Refreshing native plugins compatible for Editor in 1.84 ms, found 2 plugins.
Preloading 0 native plugins for Editor in 0.00 ms.
Mono: successfully reloaded assembly
- Completed reload, in  5.935 seconds
Domain Reload Profiling:
	ReloadAssembly (5937ms)
		BeginReloadAssembly (734ms)
			ExecutionOrderSort (0ms)
			DisableScriptedObjects (37ms)
			BackupInstance (0ms)
			ReleaseScriptingObjects (0ms)
			CreateAndSetChildDomain (193ms)
		EndReloadAssembly (4778ms)
			LoadAssemblies (665ms)
			RebuildTransferFunctionScriptingTraits (0ms)
			SetupTypeCache (1820ms)
			ReleaseScriptCaches (2ms)
			RebuildScriptCaches (224ms)
			SetupLoadedEditorAssemblies (1563ms)
				LogAssemblyErrors (0ms)
				InitializePlatformSupportModulesInManaged (59ms)
				SetLoadedEditorAssemblies (3ms)
				RefreshPlugins (2ms)
				BeforeProcessingInitializeOnLoad (423ms)
				ProcessInitializeOnLoadAttributes (991ms)
				ProcessInitializeOnLoadMethodAttributes (41ms)
				AfterProcessingInitializeOnLoad (43ms)
				EditorAssembliesLoaded (1ms)
			ExecutionOrderSort2 (0ms)
			AwakeInstancesAfterBackupRestoration (28ms)
Platform modules already initialized, skipping
Refreshing native plugins compatible for Editor in 1.95 ms, found 2 plugins.
Preloading 0 native plugins for Editor in 0.00 ms.
Unloading 1591 Unused Serialized files (Serialized files now loaded: 0)
System memory in use before: 91.0 MB.
System memory in use after: 91.1 MB.

Unloading 15 unused Assets to reduce memory usage. Loaded Objects now: 2101.
Total: 13.526700 ms (FindLiveObjects: 0.717500 ms CreateObjectMapping: 0.221600 ms MarkObjects: 12.501600 ms  DeleteObjects: 0.080800 ms)

AssetImportParameters requested are different than current active one (requested -> active):
  custom:framework-win-MediaFoundation: 216162199b28c13a410421893ffa2e32 -> 
  custom:video-decoder-ogg-theora: a1e56fd34408186e4bbccfd4996cb3dc -> 
  custom:container-muxer-webm: aa71ff27fc2769a1b78a27578f13a17b -> 
  custom:container-demuxer-webm: 4f35f7cbe854078d1ac9338744f61a02 -> 
  custom:container-demuxer-ogg: 62fdf1f143b41e24485cea50d1cbac27 -> 
  custom:video-encoder-webm-vp8: eb34c28f22e8b96e1ab97ce403110664 -> 
  custom:video-codec-MediaFoundation-h265: 746d11721c4dcdbdad8f713fa42b33f4 -> 
  custom:video-decoder-webm-vp8: 9c59270c3fd7afecdb556c50c9e8de78 -> 
  custom:audio-decoder-ogg-vorbis: bf7c407c2cedff20999df2af8eb42d56 -> 
  custom:audio-encoder-webm-vorbis: bf7c407c2cedff20999df2af8eb42d56 -> 
========================================================================
Received Import Request.
  Time since last request: 1019.764071 seconds.
  path: Assets/ForMyGame/Sounds/Mixer.mixer
  artifactKey: Guid(c184bfb7ca649a3409de769b65bbf008) Importer(815301076,1909f56bfc062723c751e8b465ee728b)
Start importing Assets/ForMyGame/Sounds/Mixer.mixer using Guid(c184bfb7ca649a3409de769b65bbf008) Importer(815301076,1909f56bfc062723c751e8b465ee728b)  -> (artifact id: '968fe007d6c9555eb9a62aca9adab14d') in 0.117798 seconds 
  Import took 0.170913 seconds .

